mode: atomic
github.com/hebertzin/cqrs/internal/application/bus/command_bus.go:20.34,22.2 1 0
github.com/hebertzin/cqrs/internal/application/bus/command_bus.go:24.75,26.2 1 0
github.com/hebertzin/cqrs/internal/application/bus/command_bus.go:28.112,30.9 2 0
github.com/hebertzin/cqrs/internal/application/bus/command_bus.go:30.9,32.3 1 0
github.com/hebertzin/cqrs/internal/application/bus/command_bus.go:33.2,34.16 2 0
github.com/hebertzin/cqrs/internal/application/bus/command_bus.go:34.16,36.3 1 0
github.com/hebertzin/cqrs/internal/application/bus/command_bus.go:37.2,37.20 1 0
github.com/hebertzin/cqrs/internal/application/bus/query_bus.go:18.30,20.2 1 0
github.com/hebertzin/cqrs/internal/application/bus/query_bus.go:22.69,24.2 1 0
github.com/hebertzin/cqrs/internal/application/bus/query_bus.go:26.99,28.9 2 0
github.com/hebertzin/cqrs/internal/application/bus/query_bus.go:28.9,30.3 1 0
github.com/hebertzin/cqrs/internal/application/bus/query_bus.go:31.2,32.16 2 0
github.com/hebertzin/cqrs/internal/application/bus/query_bus.go:32.16,34.3 1 0
github.com/hebertzin/cqrs/internal/application/bus/query_bus.go:35.2,35.20 1 0
github.com/hebertzin/cqrs/internal/command/handler/analyze_transaction.go:34.30,42.2 1 0
github.com/hebertzin/cqrs/internal/command/handler/analyze_transaction.go:44.109,46.9 2 0
github.com/hebertzin/cqrs/internal/command/handler/analyze_transaction.go:46.9,48.3 1 0
github.com/hebertzin/cqrs/internal/command/handler/analyze_transaction.go:50.2,50.74 1 0
github.com/hebertzin/cqrs/internal/command/handler/analyze_transaction.go:50.74,59.62 3 0
github.com/hebertzin/cqrs/internal/command/handler/analyze_transaction.go:59.62,61.4 1 0
github.com/hebertzin/cqrs/internal/command/handler/analyze_transaction.go:64.2,76.9 5 0
github.com/hebertzin/cqrs/internal/command/handler/analyze_transaction.go:77.23,78.15 1 0
github.com/hebertzin/cqrs/internal/command/handler/analyze_transaction.go:79.25,80.12 1 0
github.com/hebertzin/cqrs/internal/command/handler/analyze_transaction.go:81.10,82.15 1 0
github.com/hebertzin/cqrs/internal/command/handler/analyze_transaction.go:85.2,85.50 1 0
github.com/hebertzin/cqrs/internal/command/handler/analyze_transaction.go:85.50,87.3 1 0
github.com/hebertzin/cqrs/internal/command/handler/analyze_transaction.go:89.2,96.53 3 0
github.com/hebertzin/cqrs/internal/command/handler/analyze_transaction.go:96.53,98.3 1 0
github.com/hebertzin/cqrs/internal/command/handler/analyze_transaction.go:100.2,105.8 1 0
github.com/hebertzin/cqrs/internal/command/handler/block_account.go:26.24,32.2 1 0
github.com/hebertzin/cqrs/internal/command/handler/block_account.go:34.103,36.9 2 0
github.com/hebertzin/cqrs/internal/command/handler/block_account.go:36.9,38.3 1 0
github.com/hebertzin/cqrs/internal/command/handler/block_account.go:40.2,41.16 2 0
github.com/hebertzin/cqrs/internal/command/handler/block_account.go:41.16,43.3 1 0
github.com/hebertzin/cqrs/internal/command/handler/block_account.go:45.2,45.25 1 0
github.com/hebertzin/cqrs/internal/command/handler/block_account.go:45.25,47.3 1 0
github.com/hebertzin/cqrs/internal/command/handler/block_account.go:49.2,51.59 2 0
github.com/hebertzin/cqrs/internal/command/handler/block_account.go:51.59,53.3 1 0
github.com/hebertzin/cqrs/internal/command/handler/block_account.go:55.2,62.53 3 0
github.com/hebertzin/cqrs/internal/command/handler/block_account.go:62.53,64.3 1 0
github.com/hebertzin/cqrs/internal/command/handler/block_account.go:66.2,66.17 1 0
github.com/hebertzin/cqrs/internal/command/handler/flag_transaction.go:26.27,32.2 1 0
github.com/hebertzin/cqrs/internal/command/handler/flag_transaction.go:34.106,36.9 2 0
github.com/hebertzin/cqrs/internal/command/handler/flag_transaction.go:36.9,38.3 1 0
github.com/hebertzin/cqrs/internal/command/handler/flag_transaction.go:40.2,41.16 2 0
github.com/hebertzin/cqrs/internal/command/handler/flag_transaction.go:41.16,43.3 1 0
github.com/hebertzin/cqrs/internal/command/handler/flag_transaction.go:45.2,47.52 2 0
github.com/hebertzin/cqrs/internal/command/handler/flag_transaction.go:47.52,49.3 1 0
github.com/hebertzin/cqrs/internal/command/handler/flag_transaction.go:51.2,58.53 3 0
github.com/hebertzin/cqrs/internal/command/handler/flag_transaction.go:58.53,60.3 1 0
github.com/hebertzin/cqrs/internal/command/handler/flag_transaction.go:62.2,62.17 1 0
github.com/hebertzin/cqrs/internal/config/config.go:35.20,58.2 4 0
github.com/hebertzin/cqrs/internal/config/config.go:60.42,61.34 1 0
github.com/hebertzin/cqrs/internal/config/config.go:61.34,63.3 1 0
github.com/hebertzin/cqrs/internal/config/config.go:64.2,64.17 1 0
github.com/hebertzin/cqrs/internal/domain/entity/account.go:27.44,36.2 2 0
github.com/hebertzin/cqrs/internal/domain/entity/account.go:38.27,43.2 4 0
github.com/hebertzin/cqrs/internal/domain/entity/account.go:45.26,48.2 2 0
github.com/hebertzin/cqrs/internal/domain/entity/account.go:50.30,54.2 3 0
github.com/hebertzin/cqrs/internal/domain/entity/account.go:56.36,58.2 1 0
github.com/hebertzin/cqrs/internal/domain/entity/account.go:60.50,63.2 2 0
github.com/hebertzin/cqrs/internal/domain/entity/transaction.go:32.110,45.2 2 1
github.com/hebertzin/cqrs/internal/domain/entity/transaction.go:47.33,50.2 2 0
github.com/hebertzin/cqrs/internal/domain/entity/transaction.go:52.33,55.2 2 0
github.com/hebertzin/cqrs/internal/domain/entity/transaction.go:57.30,60.2 2 1
github.com/hebertzin/cqrs/internal/domain/entity/transaction.go:62.51,65.2 2 1
github.com/hebertzin/cqrs/internal/domain/entity/transaction.go:67.41,69.2 1 0
github.com/hebertzin/cqrs/internal/domain/entity/transaction.go:71.43,73.2 1 0
github.com/hebertzin/cqrs/internal/domain/event/account_blocked.go:12.86,19.2 1 1
github.com/hebertzin/cqrs/internal/domain/event/event.go:32.58,39.2 1 4
github.com/hebertzin/cqrs/internal/domain/event/event.go:41.42,41.57 1 1
github.com/hebertzin/cqrs/internal/domain/event/event.go:42.42,42.64 1 4
github.com/hebertzin/cqrs/internal/domain/event/event.go:43.42,43.66 1 1
github.com/hebertzin/cqrs/internal/domain/event/event.go:44.42,44.65 1 1
github.com/hebertzin/cqrs/internal/domain/event/transaction_analyzed.go:21.90,34.2 1 1
github.com/hebertzin/cqrs/internal/domain/event/transaction_flagged.go:13.109,21.2 1 1
github.com/hebertzin/cqrs/internal/fraud/rules/amount_rule.go:14.51,16.2 1 0
github.com/hebertzin/cqrs/internal/fraud/rules/amount_rule.go:18.36,18.65 1 0
github.com/hebertzin/cqrs/internal/fraud/rules/amount_rule.go:20.81,21.29 1 0
github.com/hebertzin/cqrs/internal/fraud/rules/amount_rule.go:21.29,27.3 1 0
github.com/hebertzin/cqrs/internal/fraud/rules/amount_rule.go:28.2,28.17 1 0
github.com/hebertzin/cqrs/internal/fraud/rules/blacklist_rule.go:20.59,22.2 1 0
github.com/hebertzin/cqrs/internal/fraud/rules/blacklist_rule.go:24.39,24.61 1 0
github.com/hebertzin/cqrs/internal/fraud/rules/blacklist_rule.go:26.86,27.96 1 0
github.com/hebertzin/cqrs/internal/fraud/rules/blacklist_rule.go:27.96,33.3 1 0
github.com/hebertzin/cqrs/internal/fraud/rules/blacklist_rule.go:35.2,35.98 1 0
github.com/hebertzin/cqrs/internal/fraud/rules/blacklist_rule.go:35.98,41.3 1 0
github.com/hebertzin/cqrs/internal/fraud/rules/blacklist_rule.go:43.2,43.17 1 0
github.com/hebertzin/cqrs/internal/fraud/rules/engine.go:30.39,32.2 1 0
github.com/hebertzin/cqrs/internal/fraud/rules/engine.go:34.89,37.31 2 0
github.com/hebertzin/cqrs/internal/fraud/rules/engine.go:37.31,39.18 2 0
github.com/hebertzin/cqrs/internal/fraud/rules/engine.go:39.18,43.4 3 0
github.com/hebertzin/cqrs/internal/fraud/rules/engine.go:46.2,46.29 1 0
github.com/hebertzin/cqrs/internal/fraud/rules/engine.go:46.29,48.3 1 0
github.com/hebertzin/cqrs/internal/fraud/rules/engine.go:50.2,50.15 1 0
github.com/hebertzin/cqrs/internal/fraud/rules/location_rule.go:19.63,20.22 1 0
github.com/hebertzin/cqrs/internal/fraud/rules/location_rule.go:20.22,22.3 1 0
github.com/hebertzin/cqrs/internal/fraud/rules/location_rule.go:23.2,23.54 1 0
github.com/hebertzin/cqrs/internal/fraud/rules/location_rule.go:26.38,26.70 1 0
github.com/hebertzin/cqrs/internal/fraud/rules/location_rule.go:28.83,29.40 1 0
github.com/hebertzin/cqrs/internal/fraud/rules/location_rule.go:29.40,35.3 1 0
github.com/hebertzin/cqrs/internal/fraud/rules/location_rule.go:36.2,36.17 1 0
github.com/hebertzin/cqrs/internal/fraud/rules/velocity_rule.go:20.77,25.2 1 0
github.com/hebertzin/cqrs/internal/fraud/rules/velocity_rule.go:27.38,27.59 1 0
github.com/hebertzin/cqrs/internal/fraud/rules/velocity_rule.go:29.85,31.16 2 0
github.com/hebertzin/cqrs/internal/fraud/rules/velocity_rule.go:31.16,34.3 1 0
github.com/hebertzin/cqrs/internal/fraud/rules/velocity_rule.go:36.2,36.27 1 0
github.com/hebertzin/cqrs/internal/fraud/rules/velocity_rule.go:36.27,42.3 1 0
github.com/hebertzin/cqrs/internal/fraud/rules/velocity_rule.go:44.2,44.17 1 0
github.com/hebertzin/cqrs/internal/infrastructure/http/router.go:19.16,30.40 8 0
github.com/hebertzin/cqrs/internal/infrastructure/http/router.go:30.40,31.47 1 0
github.com/hebertzin/cqrs/internal/infrastructure/http/router.go:31.47,35.4 3 0
github.com/hebertzin/cqrs/internal/infrastructure/http/router.go:37.3,37.43 1 0
github.com/hebertzin/cqrs/internal/infrastructure/http/router.go:37.43,40.4 2 0
github.com/hebertzin/cqrs/internal/infrastructure/http/router.go:42.3,42.40 1 0
github.com/hebertzin/cqrs/internal/infrastructure/http/router.go:42.40,44.4 1 0
github.com/hebertzin/cqrs/internal/infrastructure/http/router.go:47.2,47.10 1 0
github.com/hebertzin/cqrs/internal/infrastructure/http/handler/account_handler.go:23.112,29.2 1 0
github.com/hebertzin/cqrs/internal/infrastructure/http/handler/account_handler.go:31.83,34.16 3 0
github.com/hebertzin/cqrs/internal/infrastructure/http/handler/account_handler.go:34.16,37.3 2 0
github.com/hebertzin/cqrs/internal/infrastructure/http/handler/account_handler.go:39.2,41.16 3 0
github.com/hebertzin/cqrs/internal/infrastructure/http/handler/account_handler.go:41.16,45.3 3 0
github.com/hebertzin/cqrs/internal/infrastructure/http/handler/account_handler.go:47.2,47.24 1 0
github.com/hebertzin/cqrs/internal/infrastructure/http/handler/account_handler.go:50.79,53.16 3 0
github.com/hebertzin/cqrs/internal/infrastructure/http/handler/account_handler.go:53.16,56.3 2 0
github.com/hebertzin/cqrs/internal/infrastructure/http/handler/account_handler.go:58.2,62.61 2 0
github.com/hebertzin/cqrs/internal/infrastructure/http/handler/account_handler.go:62.61,65.3 2 0
github.com/hebertzin/cqrs/internal/infrastructure/http/handler/account_handler.go:67.2,73.97 2 0
github.com/hebertzin/cqrs/internal/infrastructure/http/handler/account_handler.go:73.97,77.3 3 0
github.com/hebertzin/cqrs/internal/infrastructure/http/handler/account_handler.go:79.2,79.23 1 0
github.com/hebertzin/cqrs/internal/infrastructure/http/handler/account_handler.go:82.81,90.16 4 0
github.com/hebertzin/cqrs/internal/infrastructure/http/handler/account_handler.go:90.16,94.3 3 0
github.com/hebertzin/cqrs/internal/infrastructure/http/handler/account_handler.go:96.2,96.24 1 0
github.com/hebertzin/cqrs/internal/infrastructure/http/handler/health_handler.go:12.40,14.2 1 0
github.com/hebertzin/cqrs/internal/infrastructure/http/handler/health_handler.go:16.70,21.2 1 0
github.com/hebertzin/cqrs/internal/infrastructure/http/handler/health_handler.go:23.71,28.2 1 0
github.com/hebertzin/cqrs/internal/infrastructure/http/handler/transaction_handler.go:23.120,29.2 1 0
github.com/hebertzin/cqrs/internal/infrastructure/http/handler/transaction_handler.go:40.89,42.61 2 0
github.com/hebertzin/cqrs/internal/infrastructure/http/handler/transaction_handler.go:42.61,45.3 2 0
github.com/hebertzin/cqrs/internal/infrastructure/http/handler/transaction_handler.go:47.2,48.16 2 0
github.com/hebertzin/cqrs/internal/infrastructure/http/handler/transaction_handler.go:48.16,51.3 2 0
github.com/hebertzin/cqrs/internal/infrastructure/http/handler/transaction_handler.go:53.2,53.21 1 0
github.com/hebertzin/cqrs/internal/infrastructure/http/handler/transaction_handler.go:53.21,56.3 2 0
github.com/hebertzin/cqrs/internal/infrastructure/http/handler/transaction_handler.go:57.2,57.28 1 0
github.com/hebertzin/cqrs/internal/infrastructure/http/handler/transaction_handler.go:57.28,60.3 2 0
github.com/hebertzin/cqrs/internal/infrastructure/http/handler/transaction_handler.go:62.2,72.16 3 0
github.com/hebertzin/cqrs/internal/infrastructure/http/handler/transaction_handler.go:72.16,76.3 3 0
github.com/hebertzin/cqrs/internal/infrastructure/http/handler/transaction_handler.go:78.2,78.29 1 0
github.com/hebertzin/cqrs/internal/infrastructure/http/handler/transaction_handler.go:81.89,84.16 3 0
github.com/hebertzin/cqrs/internal/infrastructure/http/handler/transaction_handler.go:84.16,87.3 2 0
github.com/hebertzin/cqrs/internal/infrastructure/http/handler/transaction_handler.go:89.2,91.16 3 0
github.com/hebertzin/cqrs/internal/infrastructure/http/handler/transaction_handler.go:91.16,95.3 3 0
github.com/hebertzin/cqrs/internal/infrastructure/http/handler/transaction_handler.go:97.2,97.24 1 0
github.com/hebertzin/cqrs/internal/infrastructure/http/handler/transaction_handler.go:100.86,103.16 3 0
github.com/hebertzin/cqrs/internal/infrastructure/http/handler/transaction_handler.go:103.16,106.3 2 0
github.com/hebertzin/cqrs/internal/infrastructure/http/handler/transaction_handler.go:108.2,112.61 2 0
github.com/hebertzin/cqrs/internal/infrastructure/http/handler/transaction_handler.go:112.61,115.3 2 0
github.com/hebertzin/cqrs/internal/infrastructure/http/handler/transaction_handler.go:117.2,123.100 2 0
github.com/hebertzin/cqrs/internal/infrastructure/http/handler/transaction_handler.go:123.100,127.3 3 0
github.com/hebertzin/cqrs/internal/infrastructure/http/handler/transaction_handler.go:129.2,129.23 1 0
github.com/hebertzin/cqrs/internal/infrastructure/http/middleware/logger.go:10.65,11.46 1 0
github.com/hebertzin/cqrs/internal/infrastructure/http/middleware/logger.go:11.46,12.72 1 0
github.com/hebertzin/cqrs/internal/infrastructure/http/middleware/logger.go:12.72,25.4 4 0
github.com/hebertzin/cqrs/internal/infrastructure/http/middleware/logger.go:34.51,37.2 2 0
github.com/hebertzin/cqrs/internal/infrastructure/http/middleware/recover.go:11.66,12.46 1 0
github.com/hebertzin/cqrs/internal/infrastructure/http/middleware/recover.go:12.46,13.72 1 0
github.com/hebertzin/cqrs/internal/infrastructure/http/middleware/recover.go:13.72,14.17 1 0
github.com/hebertzin/cqrs/internal/infrastructure/http/middleware/recover.go:14.17,15.37 1 0
github.com/hebertzin/cqrs/internal/infrastructure/http/middleware/recover.go:15.37,21.6 2 0
github.com/hebertzin/cqrs/internal/infrastructure/http/middleware/recover.go:23.4,23.24 1 0
github.com/hebertzin/cqrs/internal/infrastructure/http/response/response.go:13.64,17.2 3 0
github.com/hebertzin/cqrs/internal/infrastructure/http/response/response.go:19.63,24.2 1 0
github.com/hebertzin/cqrs/internal/infrastructure/http/response/response.go:26.55,28.2 1 0
github.com/hebertzin/cqrs/internal/infrastructure/http/response/response.go:30.50,32.2 1 0
github.com/hebertzin/cqrs/internal/infrastructure/http/response/response.go:34.39,36.2 1 0
github.com/hebertzin/cqrs/internal/infrastructure/messaging/inmemory/event_bus.go:19.48,24.2 1 0
github.com/hebertzin/cqrs/internal/infrastructure/messaging/inmemory/event_bus.go:26.70,31.9 4 0
github.com/hebertzin/cqrs/internal/infrastructure/messaging/inmemory/event_bus.go:31.9,33.3 1 0
github.com/hebertzin/cqrs/internal/infrastructure/messaging/inmemory/event_bus.go:35.2,35.29 1 0
github.com/hebertzin/cqrs/internal/infrastructure/messaging/inmemory/event_bus.go:35.29,36.35 1 0
github.com/hebertzin/cqrs/internal/infrastructure/messaging/inmemory/event_bus.go:36.35,42.4 1 0
github.com/hebertzin/cqrs/internal/infrastructure/messaging/inmemory/event_bus.go:44.2,44.12 1 0
github.com/hebertzin/cqrs/internal/infrastructure/messaging/inmemory/event_bus.go:47.78,51.2 3 0
github.com/hebertzin/cqrs/internal/infrastructure/projector/account_projector.go:19.114,21.2 1 0
github.com/hebertzin/cqrs/internal/infrastructure/projector/account_projector.go:23.60,25.2 1 0
github.com/hebertzin/cqrs/internal/infrastructure/projector/account_projector.go:27.87,29.9 2 0
github.com/hebertzin/cqrs/internal/infrastructure/projector/account_projector.go:29.9,31.3 1 0
github.com/hebertzin/cqrs/internal/infrastructure/projector/account_projector.go:33.2,34.16 2 0
github.com/hebertzin/cqrs/internal/infrastructure/projector/account_projector.go:34.16,37.3 2 0
github.com/hebertzin/cqrs/internal/infrastructure/projector/account_projector.go:39.2,43.58 4 0
github.com/hebertzin/cqrs/internal/infrastructure/projector/account_projector.go:43.58,45.3 1 0
github.com/hebertzin/cqrs/internal/infrastructure/projector/account_projector.go:46.2,46.12 1 0
github.com/hebertzin/cqrs/internal/infrastructure/projector/transaction_projector.go:25.25,31.2 1 0
github.com/hebertzin/cqrs/internal/infrastructure/projector/transaction_projector.go:33.64,36.2 2 0
github.com/hebertzin/cqrs/internal/infrastructure/projector/transaction_projector.go:38.96,40.9 2 0
github.com/hebertzin/cqrs/internal/infrastructure/projector/transaction_projector.go:40.9,42.3 1 0
github.com/hebertzin/cqrs/internal/infrastructure/projector/transaction_projector.go:44.2,59.53 2 0
github.com/hebertzin/cqrs/internal/infrastructure/projector/transaction_projector.go:59.53,62.3 2 0
github.com/hebertzin/cqrs/internal/infrastructure/projector/transaction_projector.go:64.2,64.88 1 0
github.com/hebertzin/cqrs/internal/infrastructure/projector/transaction_projector.go:64.88,66.3 1 0
github.com/hebertzin/cqrs/internal/infrastructure/projector/transaction_projector.go:68.2,68.26 1 0
github.com/hebertzin/cqrs/internal/infrastructure/projector/transaction_projector.go:68.26,69.85 1 0
github.com/hebertzin/cqrs/internal/infrastructure/projector/transaction_projector.go:69.85,71.4 1 0
github.com/hebertzin/cqrs/internal/infrastructure/projector/transaction_projector.go:74.2,74.26 1 0
github.com/hebertzin/cqrs/internal/infrastructure/projector/transaction_projector.go:74.26,75.86 1 0
github.com/hebertzin/cqrs/internal/infrastructure/projector/transaction_projector.go:75.86,77.4 1 0
github.com/hebertzin/cqrs/internal/infrastructure/projector/transaction_projector.go:80.2,80.12 1 0
github.com/hebertzin/cqrs/internal/infrastructure/projector/transaction_projector.go:83.95,85.9 2 0
github.com/hebertzin/cqrs/internal/infrastructure/projector/transaction_projector.go:85.9,87.3 1 0
github.com/hebertzin/cqrs/internal/infrastructure/projector/transaction_projector.go:89.2,90.16 2 0
github.com/hebertzin/cqrs/internal/infrastructure/projector/transaction_projector.go:90.16,93.3 2 0
github.com/hebertzin/cqrs/internal/infrastructure/projector/transaction_projector.go:95.2,98.53 3 0
github.com/hebertzin/cqrs/internal/infrastructure/projector/transaction_projector.go:98.53,100.3 1 0
github.com/hebertzin/cqrs/internal/infrastructure/projector/transaction_projector.go:101.2,101.12 1 0
github.com/hebertzin/cqrs/internal/query/handler/get_account_status.go:22.101,24.2 1 0
github.com/hebertzin/cqrs/internal/query/handler/get_account_status.go:26.97,28.9 2 0
github.com/hebertzin/cqrs/internal/query/handler/get_account_status.go:28.9,30.3 1 0
github.com/hebertzin/cqrs/internal/query/handler/get_account_status.go:32.2,33.16 2 0
github.com/hebertzin/cqrs/internal/query/handler/get_account_status.go:33.16,35.3 1 0
github.com/hebertzin/cqrs/internal/query/handler/get_account_status.go:37.2,37.18 1 0
github.com/hebertzin/cqrs/internal/query/handler/get_fraud_alerts.go:22.101,24.2 1 0
github.com/hebertzin/cqrs/internal/query/handler/get_fraud_alerts.go:26.95,28.9 2 0
github.com/hebertzin/cqrs/internal/query/handler/get_fraud_alerts.go:28.9,30.3 1 0
github.com/hebertzin/cqrs/internal/query/handler/get_fraud_alerts.go:32.2,32.20 1 0
github.com/hebertzin/cqrs/internal/query/handler/get_fraud_alerts.go:32.20,34.3 1 0
github.com/hebertzin/cqrs/internal/query/handler/get_fraud_alerts.go:35.2,35.42 1 0
github.com/hebertzin/cqrs/internal/query/handler/get_fraud_alerts.go:35.42,37.3 1 0
github.com/hebertzin/cqrs/internal/query/handler/get_fraud_alerts.go:39.2,40.16 2 0
github.com/hebertzin/cqrs/internal/query/handler/get_fraud_alerts.go:40.16,42.3 1 0
github.com/hebertzin/cqrs/internal/query/handler/get_fraud_alerts.go:44.2,44.20 1 0
github.com/hebertzin/cqrs/internal/query/handler/get_transaction_risk.go:23.109,25.2 1 0
github.com/hebertzin/cqrs/internal/query/handler/get_transaction_risk.go:27.99,29.9 2 0
github.com/hebertzin/cqrs/internal/query/handler/get_transaction_risk.go:29.9,31.3 1 0
github.com/hebertzin/cqrs/internal/query/handler/get_transaction_risk.go:33.2,34.16 2 0
github.com/hebertzin/cqrs/internal/query/handler/get_transaction_risk.go:34.16,36.3 1 0
github.com/hebertzin/cqrs/internal/query/handler/get_transaction_risk.go:38.2,39.18 2 0
github.com/hebertzin/cqrs/internal/query/model/transaction_risk_view.go:32.50,33.9 1 0
github.com/hebertzin/cqrs/internal/query/model/transaction_risk_view.go:34.20,35.23 1 0
github.com/hebertzin/cqrs/internal/query/model/transaction_risk_view.go:36.20,37.25 1 0
github.com/hebertzin/cqrs/internal/query/model/transaction_risk_view.go:38.10,39.22 1 0
github.com/hebertzin/cqrs/internal/application/bus/command_bus.go:20.34,22.2 1 0
github.com/hebertzin/cqrs/internal/application/bus/command_bus.go:24.75,26.2 1 0
github.com/hebertzin/cqrs/internal/application/bus/command_bus.go:28.112,30.9 2 0
github.com/hebertzin/cqrs/internal/application/bus/command_bus.go:30.9,32.3 1 0
github.com/hebertzin/cqrs/internal/application/bus/command_bus.go:33.2,34.16 2 0
github.com/hebertzin/cqrs/internal/application/bus/command_bus.go:34.16,36.3 1 0
github.com/hebertzin/cqrs/internal/application/bus/command_bus.go:37.2,37.20 1 0
github.com/hebertzin/cqrs/internal/application/bus/query_bus.go:18.30,20.2 1 0
github.com/hebertzin/cqrs/internal/application/bus/query_bus.go:22.69,24.2 1 0
github.com/hebertzin/cqrs/internal/application/bus/query_bus.go:26.99,28.9 2 0
github.com/hebertzin/cqrs/internal/application/bus/query_bus.go:28.9,30.3 1 0
github.com/hebertzin/cqrs/internal/application/bus/query_bus.go:31.2,32.16 2 0
github.com/hebertzin/cqrs/internal/application/bus/query_bus.go:32.16,34.3 1 0
github.com/hebertzin/cqrs/internal/application/bus/query_bus.go:35.2,35.20 1 0
github.com/hebertzin/cqrs/internal/command/handler/analyze_transaction.go:34.30,42.2 1 0
github.com/hebertzin/cqrs/internal/command/handler/analyze_transaction.go:44.109,46.9 2 0
github.com/hebertzin/cqrs/internal/command/handler/analyze_transaction.go:46.9,48.3 1 0
github.com/hebertzin/cqrs/internal/command/handler/analyze_transaction.go:50.2,50.74 1 0
github.com/hebertzin/cqrs/internal/command/handler/analyze_transaction.go:50.74,59.62 3 0
github.com/hebertzin/cqrs/internal/command/handler/analyze_transaction.go:59.62,61.4 1 0
github.com/hebertzin/cqrs/internal/command/handler/analyze_transaction.go:64.2,76.9 5 0
github.com/hebertzin/cqrs/internal/command/handler/analyze_transaction.go:77.23,78.15 1 0
github.com/hebertzin/cqrs/internal/command/handler/analyze_transaction.go:79.25,80.12 1 0
github.com/hebertzin/cqrs/internal/command/handler/analyze_transaction.go:81.10,82.15 1 0
github.com/hebertzin/cqrs/internal/command/handler/analyze_transaction.go:85.2,85.50 1 0
github.com/hebertzin/cqrs/internal/command/handler/analyze_transaction.go:85.50,87.3 1 0
github.com/hebertzin/cqrs/internal/command/handler/analyze_transaction.go:89.2,96.53 3 0
github.com/hebertzin/cqrs/internal/command/handler/analyze_transaction.go:96.53,98.3 1 0
github.com/hebertzin/cqrs/internal/command/handler/analyze_transaction.go:100.2,105.8 1 0
github.com/hebertzin/cqrs/internal/command/handler/block_account.go:26.24,32.2 1 0
github.com/hebertzin/cqrs/internal/command/handler/block_account.go:34.103,36.9 2 0
github.com/hebertzin/cqrs/internal/command/handler/block_account.go:36.9,38.3 1 0
github.com/hebertzin/cqrs/internal/command/handler/block_account.go:40.2,41.16 2 0
github.com/hebertzin/cqrs/internal/command/handler/block_account.go:41.16,43.3 1 0
github.com/hebertzin/cqrs/internal/command/handler/block_account.go:45.2,45.25 1 0
github.com/hebertzin/cqrs/internal/command/handler/block_account.go:45.25,47.3 1 0
github.com/hebertzin/cqrs/internal/command/handler/block_account.go:49.2,51.59 2 0
github.com/hebertzin/cqrs/internal/command/handler/block_account.go:51.59,53.3 1 0
github.com/hebertzin/cqrs/internal/command/handler/block_account.go:55.2,62.53 3 0
github.com/hebertzin/cqrs/internal/command/handler/block_account.go:62.53,64.3 1 0
github.com/hebertzin/cqrs/internal/command/handler/block_account.go:66.2,66.17 1 0
github.com/hebertzin/cqrs/internal/command/handler/flag_transaction.go:26.27,32.2 1 0
github.com/hebertzin/cqrs/internal/command/handler/flag_transaction.go:34.106,36.9 2 0
github.com/hebertzin/cqrs/internal/command/handler/flag_transaction.go:36.9,38.3 1 0
github.com/hebertzin/cqrs/internal/command/handler/flag_transaction.go:40.2,41.16 2 0
github.com/hebertzin/cqrs/internal/command/handler/flag_transaction.go:41.16,43.3 1 0
github.com/hebertzin/cqrs/internal/command/handler/flag_transaction.go:45.2,47.52 2 0
github.com/hebertzin/cqrs/internal/command/handler/flag_transaction.go:47.52,49.3 1 0
github.com/hebertzin/cqrs/internal/command/handler/flag_transaction.go:51.2,58.53 3 0
github.com/hebertzin/cqrs/internal/command/handler/flag_transaction.go:58.53,60.3 1 0
github.com/hebertzin/cqrs/internal/command/handler/flag_transaction.go:62.2,62.17 1 0
github.com/hebertzin/cqrs/internal/config/config.go:35.20,58.2 4 0
github.com/hebertzin/cqrs/internal/config/config.go:60.42,61.34 1 0
github.com/hebertzin/cqrs/internal/config/config.go:61.34,63.3 1 0
github.com/hebertzin/cqrs/internal/config/config.go:64.2,64.17 1 0
github.com/hebertzin/cqrs/internal/domain/entity/account.go:27.44,36.2 2 5
github.com/hebertzin/cqrs/internal/domain/entity/account.go:38.27,43.2 4 2
github.com/hebertzin/cqrs/internal/domain/entity/account.go:45.26,48.2 2 1
github.com/hebertzin/cqrs/internal/domain/entity/account.go:50.30,54.2 3 1
github.com/hebertzin/cqrs/internal/domain/entity/account.go:56.36,58.2 1 4
github.com/hebertzin/cqrs/internal/domain/entity/account.go:60.50,63.2 2 1
github.com/hebertzin/cqrs/internal/domain/entity/transaction.go:32.110,45.2 2 6
github.com/hebertzin/cqrs/internal/domain/entity/transaction.go:47.33,50.2 2 1
github.com/hebertzin/cqrs/internal/domain/entity/transaction.go:52.33,55.2 2 1
github.com/hebertzin/cqrs/internal/domain/entity/transaction.go:57.30,60.2 2 1
github.com/hebertzin/cqrs/internal/domain/entity/transaction.go:62.51,65.2 2 4
github.com/hebertzin/cqrs/internal/domain/entity/transaction.go:67.41,69.2 1 3
github.com/hebertzin/cqrs/internal/domain/entity/transaction.go:71.43,73.2 1 3
github.com/hebertzin/cqrs/internal/domain/event/account_blocked.go:12.86,19.2 1 0
github.com/hebertzin/cqrs/internal/domain/event/event.go:32.58,39.2 1 0
github.com/hebertzin/cqrs/internal/domain/event/event.go:41.42,41.57 1 0
github.com/hebertzin/cqrs/internal/domain/event/event.go:42.42,42.64 1 0
github.com/hebertzin/cqrs/internal/domain/event/event.go:43.42,43.66 1 0
github.com/hebertzin/cqrs/internal/domain/event/event.go:44.42,44.65 1 0
github.com/hebertzin/cqrs/internal/domain/event/transaction_analyzed.go:21.90,34.2 1 0
github.com/hebertzin/cqrs/internal/domain/event/transaction_flagged.go:13.109,21.2 1 0
github.com/hebertzin/cqrs/internal/fraud/rules/amount_rule.go:14.51,16.2 1 0
github.com/hebertzin/cqrs/internal/fraud/rules/amount_rule.go:18.36,18.65 1 0
github.com/hebertzin/cqrs/internal/fraud/rules/amount_rule.go:20.81,21.29 1 0
github.com/hebertzin/cqrs/internal/fraud/rules/amount_rule.go:21.29,27.3 1 0
github.com/hebertzin/cqrs/internal/fraud/rules/amount_rule.go:28.2,28.17 1 0
github.com/hebertzin/cqrs/internal/fraud/rules/blacklist_rule.go:20.59,22.2 1 0
github.com/hebertzin/cqrs/internal/fraud/rules/blacklist_rule.go:24.39,24.61 1 0
github.com/hebertzin/cqrs/internal/fraud/rules/blacklist_rule.go:26.86,27.96 1 0
github.com/hebertzin/cqrs/internal/fraud/rules/blacklist_rule.go:27.96,33.3 1 0
github.com/hebertzin/cqrs/internal/fraud/rules/blacklist_rule.go:35.2,35.98 1 0
github.com/hebertzin/cqrs/internal/fraud/rules/blacklist_rule.go:35.98,41.3 1 0
github.com/hebertzin/cqrs/internal/fraud/rules/blacklist_rule.go:43.2,43.17 1 0
github.com/hebertzin/cqrs/internal/fraud/rules/engine.go:30.39,32.2 1 0
github.com/hebertzin/cqrs/internal/fraud/rules/engine.go:34.89,37.31 2 0
github.com/hebertzin/cqrs/internal/fraud/rules/engine.go:37.31,39.18 2 0
github.com/hebertzin/cqrs/internal/fraud/rules/engine.go:39.18,43.4 3 0
github.com/hebertzin/cqrs/internal/fraud/rules/engine.go:46.2,46.29 1 0
github.com/hebertzin/cqrs/internal/fraud/rules/engine.go:46.29,48.3 1 0
github.com/hebertzin/cqrs/internal/fraud/rules/engine.go:50.2,50.15 1 0
github.com/hebertzin/cqrs/internal/fraud/rules/location_rule.go:19.63,20.22 1 0
github.com/hebertzin/cqrs/internal/fraud/rules/location_rule.go:20.22,22.3 1 0
github.com/hebertzin/cqrs/internal/fraud/rules/location_rule.go:23.2,23.54 1 0
github.com/hebertzin/cqrs/internal/fraud/rules/location_rule.go:26.38,26.70 1 0
github.com/hebertzin/cqrs/internal/fraud/rules/location_rule.go:28.83,29.40 1 0
github.com/hebertzin/cqrs/internal/fraud/rules/location_rule.go:29.40,35.3 1 0
github.com/hebertzin/cqrs/internal/fraud/rules/location_rule.go:36.2,36.17 1 0
github.com/hebertzin/cqrs/internal/fraud/rules/velocity_rule.go:20.77,25.2 1 0
github.com/hebertzin/cqrs/internal/fraud/rules/velocity_rule.go:27.38,27.59 1 0
github.com/hebertzin/cqrs/internal/fraud/rules/velocity_rule.go:29.85,31.16 2 0
github.com/hebertzin/cqrs/internal/fraud/rules/velocity_rule.go:31.16,34.3 1 0
github.com/hebertzin/cqrs/internal/fraud/rules/velocity_rule.go:36.2,36.27 1 0
github.com/hebertzin/cqrs/internal/fraud/rules/velocity_rule.go:36.27,42.3 1 0
github.com/hebertzin/cqrs/internal/fraud/rules/velocity_rule.go:44.2,44.17 1 0
github.com/hebertzin/cqrs/internal/infrastructure/http/router.go:19.16,30.40 8 0
github.com/hebertzin/cqrs/internal/infrastructure/http/router.go:30.40,31.47 1 0
github.com/hebertzin/cqrs/internal/infrastructure/http/router.go:31.47,35.4 3 0
github.com/hebertzin/cqrs/internal/infrastructure/http/router.go:37.3,37.43 1 0
github.com/hebertzin/cqrs/internal/infrastructure/http/router.go:37.43,40.4 2 0
github.com/hebertzin/cqrs/internal/infrastructure/http/router.go:42.3,42.40 1 0
github.com/hebertzin/cqrs/internal/infrastructure/http/router.go:42.40,44.4 1 0
github.com/hebertzin/cqrs/internal/infrastructure/http/router.go:47.2,47.10 1 0
github.com/hebertzin/cqrs/internal/infrastructure/http/handler/account_handler.go:23.112,29.2 1 0
github.com/hebertzin/cqrs/internal/infrastructure/http/handler/account_handler.go:31.83,34.16 3 0
github.com/hebertzin/cqrs/internal/infrastructure/http/handler/account_handler.go:34.16,37.3 2 0
github.com/hebertzin/cqrs/internal/infrastructure/http/handler/account_handler.go:39.2,41.16 3 0
github.com/hebertzin/cqrs/internal/infrastructure/http/handler/account_handler.go:41.16,45.3 3 0
github.com/hebertzin/cqrs/internal/infrastructure/http/handler/account_handler.go:47.2,47.24 1 0
github.com/hebertzin/cqrs/internal/infrastructure/http/handler/account_handler.go:50.79,53.16 3 0
github.com/hebertzin/cqrs/internal/infrastructure/http/handler/account_handler.go:53.16,56.3 2 0
github.com/hebertzin/cqrs/internal/infrastructure/http/handler/account_handler.go:58.2,62.61 2 0
github.com/hebertzin/cqrs/internal/infrastructure/http/handler/account_handler.go:62.61,65.3 2 0
github.com/hebertzin/cqrs/internal/infrastructure/http/handler/account_handler.go:67.2,73.97 2 0
github.com/hebertzin/cqrs/internal/infrastructure/http/handler/account_handler.go:73.97,77.3 3 0
github.com/hebertzin/cqrs/internal/infrastructure/http/handler/account_handler.go:79.2,79.23 1 0
github.com/hebertzin/cqrs/internal/infrastructure/http/handler/account_handler.go:82.81,90.16 4 0
github.com/hebertzin/cqrs/internal/infrastructure/http/handler/account_handler.go:90.16,94.3 3 0
github.com/hebertzin/cqrs/internal/infrastructure/http/handler/account_handler.go:96.2,96.24 1 0
github.com/hebertzin/cqrs/internal/infrastructure/http/handler/health_handler.go:12.40,14.2 1 0
github.com/hebertzin/cqrs/internal/infrastructure/http/handler/health_handler.go:16.70,21.2 1 0
github.com/hebertzin/cqrs/internal/infrastructure/http/handler/health_handler.go:23.71,28.2 1 0
github.com/hebertzin/cqrs/internal/infrastructure/http/handler/transaction_handler.go:23.120,29.2 1 0
github.com/hebertzin/cqrs/internal/infrastructure/http/handler/transaction_handler.go:40.89,42.61 2 0
github.com/hebertzin/cqrs/internal/infrastructure/http/handler/transaction_handler.go:42.61,45.3 2 0
github.com/hebertzin/cqrs/internal/infrastructure/http/handler/transaction_handler.go:47.2,48.16 2 0
github.com/hebertzin/cqrs/internal/infrastructure/http/handler/transaction_handler.go:48.16,51.3 2 0
github.com/hebertzin/cqrs/internal/infrastructure/http/handler/transaction_handler.go:53.2,53.21 1 0
github.com/hebertzin/cqrs/internal/infrastructure/http/handler/transaction_handler.go:53.21,56.3 2 0
github.com/hebertzin/cqrs/internal/infrastructure/http/handler/transaction_handler.go:57.2,57.28 1 0
github.com/hebertzin/cqrs/internal/infrastructure/http/handler/transaction_handler.go:57.28,60.3 2 0
github.com/hebertzin/cqrs/internal/infrastructure/http/handler/transaction_handler.go:62.2,72.16 3 0
github.com/hebertzin/cqrs/internal/infrastructure/http/handler/transaction_handler.go:72.16,76.3 3 0
github.com/hebertzin/cqrs/internal/infrastructure/http/handler/transaction_handler.go:78.2,78.29 1 0
github.com/hebertzin/cqrs/internal/infrastructure/http/handler/transaction_handler.go:81.89,84.16 3 0
github.com/hebertzin/cqrs/internal/infrastructure/http/handler/transaction_handler.go:84.16,87.3 2 0
github.com/hebertzin/cqrs/internal/infrastructure/http/handler/transaction_handler.go:89.2,91.16 3 0
github.com/hebertzin/cqrs/internal/infrastructure/http/handler/transaction_handler.go:91.16,95.3 3 0
github.com/hebertzin/cqrs/internal/infrastructure/http/handler/transaction_handler.go:97.2,97.24 1 0
github.com/hebertzin/cqrs/internal/infrastructure/http/handler/transaction_handler.go:100.86,103.16 3 0
github.com/hebertzin/cqrs/internal/infrastructure/http/handler/transaction_handler.go:103.16,106.3 2 0
github.com/hebertzin/cqrs/internal/infrastructure/http/handler/transaction_handler.go:108.2,112.61 2 0
github.com/hebertzin/cqrs/internal/infrastructure/http/handler/transaction_handler.go:112.61,115.3 2 0
github.com/hebertzin/cqrs/internal/infrastructure/http/handler/transaction_handler.go:117.2,123.100 2 0
github.com/hebertzin/cqrs/internal/infrastructure/http/handler/transaction_handler.go:123.100,127.3 3 0
github.com/hebertzin/cqrs/internal/infrastructure/http/handler/transaction_handler.go:129.2,129.23 1 0
github.com/hebertzin/cqrs/internal/infrastructure/http/middleware/logger.go:10.65,11.46 1 0
github.com/hebertzin/cqrs/internal/infrastructure/http/middleware/logger.go:11.46,12.72 1 0
github.com/hebertzin/cqrs/internal/infrastructure/http/middleware/logger.go:12.72,25.4 4 0
github.com/hebertzin/cqrs/internal/infrastructure/http/middleware/logger.go:34.51,37.2 2 0
github.com/hebertzin/cqrs/internal/infrastructure/http/middleware/recover.go:11.66,12.46 1 0
github.com/hebertzin/cqrs/internal/infrastructure/http/middleware/recover.go:12.46,13.72 1 0
github.com/hebertzin/cqrs/internal/infrastructure/http/middleware/recover.go:13.72,14.17 1 0
github.com/hebertzin/cqrs/internal/infrastructure/http/middleware/recover.go:14.17,15.37 1 0
github.com/hebertzin/cqrs/internal/infrastructure/http/middleware/recover.go:15.37,21.6 2 0
github.com/hebertzin/cqrs/internal/infrastructure/http/middleware/recover.go:23.4,23.24 1 0
github.com/hebertzin/cqrs/internal/infrastructure/http/response/response.go:13.64,17.2 3 0
github.com/hebertzin/cqrs/internal/infrastructure/http/response/response.go:19.63,24.2 1 0
github.com/hebertzin/cqrs/internal/infrastructure/http/response/response.go:26.55,28.2 1 0
github.com/hebertzin/cqrs/internal/infrastructure/http/response/response.go:30.50,32.2 1 0
github.com/hebertzin/cqrs/internal/infrastructure/http/response/response.go:34.39,36.2 1 0
github.com/hebertzin/cqrs/internal/infrastructure/messaging/inmemory/event_bus.go:19.48,24.2 1 0
github.com/hebertzin/cqrs/internal/infrastructure/messaging/inmemory/event_bus.go:26.70,31.9 4 0
github.com/hebertzin/cqrs/internal/infrastructure/messaging/inmemory/event_bus.go:31.9,33.3 1 0
github.com/hebertzin/cqrs/internal/infrastructure/messaging/inmemory/event_bus.go:35.2,35.29 1 0
github.com/hebertzin/cqrs/internal/infrastructure/messaging/inmemory/event_bus.go:35.29,36.35 1 0
github.com/hebertzin/cqrs/internal/infrastructure/messaging/inmemory/event_bus.go:36.35,42.4 1 0
github.com/hebertzin/cqrs/internal/infrastructure/messaging/inmemory/event_bus.go:44.2,44.12 1 0
github.com/hebertzin/cqrs/internal/infrastructure/messaging/inmemory/event_bus.go:47.78,51.2 3 0
github.com/hebertzin/cqrs/internal/infrastructure/projector/account_projector.go:19.114,21.2 1 0
github.com/hebertzin/cqrs/internal/infrastructure/projector/account_projector.go:23.60,25.2 1 0
github.com/hebertzin/cqrs/internal/infrastructure/projector/account_projector.go:27.87,29.9 2 0
github.com/hebertzin/cqrs/internal/infrastructure/projector/account_projector.go:29.9,31.3 1 0
github.com/hebertzin/cqrs/internal/infrastructure/projector/account_projector.go:33.2,34.16 2 0
github.com/hebertzin/cqrs/internal/infrastructure/projector/account_projector.go:34.16,37.3 2 0
github.com/hebertzin/cqrs/internal/infrastructure/projector/account_projector.go:39.2,43.58 4 0
github.com/hebertzin/cqrs/internal/infrastructure/projector/account_projector.go:43.58,45.3 1 0
github.com/hebertzin/cqrs/internal/infrastructure/projector/account_projector.go:46.2,46.12 1 0
github.com/hebertzin/cqrs/internal/infrastructure/projector/transaction_projector.go:25.25,31.2 1 0
github.com/hebertzin/cqrs/internal/infrastructure/projector/transaction_projector.go:33.64,36.2 2 0
github.com/hebertzin/cqrs/internal/infrastructure/projector/transaction_projector.go:38.96,40.9 2 0
github.com/hebertzin/cqrs/internal/infrastructure/projector/transaction_projector.go:40.9,42.3 1 0
github.com/hebertzin/cqrs/internal/infrastructure/projector/transaction_projector.go:44.2,59.53 2 0
github.com/hebertzin/cqrs/internal/infrastructure/projector/transaction_projector.go:59.53,62.3 2 0
github.com/hebertzin/cqrs/internal/infrastructure/projector/transaction_projector.go:64.2,64.88 1 0
github.com/hebertzin/cqrs/internal/infrastructure/projector/transaction_projector.go:64.88,66.3 1 0
github.com/hebertzin/cqrs/internal/infrastructure/projector/transaction_projector.go:68.2,68.26 1 0
github.com/hebertzin/cqrs/internal/infrastructure/projector/transaction_projector.go:68.26,69.85 1 0
github.com/hebertzin/cqrs/internal/infrastructure/projector/transaction_projector.go:69.85,71.4 1 0
github.com/hebertzin/cqrs/internal/infrastructure/projector/transaction_projector.go:74.2,74.26 1 0
github.com/hebertzin/cqrs/internal/infrastructure/projector/transaction_projector.go:74.26,75.86 1 0
github.com/hebertzin/cqrs/internal/infrastructure/projector/transaction_projector.go:75.86,77.4 1 0
github.com/hebertzin/cqrs/internal/infrastructure/projector/transaction_projector.go:80.2,80.12 1 0
github.com/hebertzin/cqrs/internal/infrastructure/projector/transaction_projector.go:83.95,85.9 2 0
github.com/hebertzin/cqrs/internal/infrastructure/projector/transaction_projector.go:85.9,87.3 1 0
github.com/hebertzin/cqrs/internal/infrastructure/projector/transaction_projector.go:89.2,90.16 2 0
github.com/hebertzin/cqrs/internal/infrastructure/projector/transaction_projector.go:90.16,93.3 2 0
github.com/hebertzin/cqrs/internal/infrastructure/projector/transaction_projector.go:95.2,98.53 3 0
github.com/hebertzin/cqrs/internal/infrastructure/projector/transaction_projector.go:98.53,100.3 1 0
github.com/hebertzin/cqrs/internal/infrastructure/projector/transaction_projector.go:101.2,101.12 1 0
github.com/hebertzin/cqrs/internal/query/handler/get_account_status.go:22.101,24.2 1 0
github.com/hebertzin/cqrs/internal/query/handler/get_account_status.go:26.97,28.9 2 0
github.com/hebertzin/cqrs/internal/query/handler/get_account_status.go:28.9,30.3 1 0
github.com/hebertzin/cqrs/internal/query/handler/get_account_status.go:32.2,33.16 2 0
github.com/hebertzin/cqrs/internal/query/handler/get_account_status.go:33.16,35.3 1 0
github.com/hebertzin/cqrs/internal/query/handler/get_account_status.go:37.2,37.18 1 0
github.com/hebertzin/cqrs/internal/query/handler/get_fraud_alerts.go:22.101,24.2 1 0
github.com/hebertzin/cqrs/internal/query/handler/get_fraud_alerts.go:26.95,28.9 2 0
github.com/hebertzin/cqrs/internal/query/handler/get_fraud_alerts.go:28.9,30.3 1 0
github.com/hebertzin/cqrs/internal/query/handler/get_fraud_alerts.go:32.2,32.20 1 0
github.com/hebertzin/cqrs/internal/query/handler/get_fraud_alerts.go:32.20,34.3 1 0
github.com/hebertzin/cqrs/internal/query/handler/get_fraud_alerts.go:35.2,35.42 1 0
github.com/hebertzin/cqrs/internal/query/handler/get_fraud_alerts.go:35.42,37.3 1 0
github.com/hebertzin/cqrs/internal/query/handler/get_fraud_alerts.go:39.2,40.16 2 0
github.com/hebertzin/cqrs/internal/query/handler/get_fraud_alerts.go:40.16,42.3 1 0
github.com/hebertzin/cqrs/internal/query/handler/get_fraud_alerts.go:44.2,44.20 1 0
github.com/hebertzin/cqrs/internal/query/handler/get_transaction_risk.go:23.109,25.2 1 0
github.com/hebertzin/cqrs/internal/query/handler/get_transaction_risk.go:27.99,29.9 2 0
github.com/hebertzin/cqrs/internal/query/handler/get_transaction_risk.go:29.9,31.3 1 0
github.com/hebertzin/cqrs/internal/query/handler/get_transaction_risk.go:33.2,34.16 2 0
github.com/hebertzin/cqrs/internal/query/handler/get_transaction_risk.go:34.16,36.3 1 0
github.com/hebertzin/cqrs/internal/query/handler/get_transaction_risk.go:38.2,39.18 2 0
github.com/hebertzin/cqrs/internal/query/model/transaction_risk_view.go:32.50,33.9 1 0
github.com/hebertzin/cqrs/internal/query/model/transaction_risk_view.go:34.20,35.23 1 0
github.com/hebertzin/cqrs/internal/query/model/transaction_risk_view.go:36.20,37.25 1 0
github.com/hebertzin/cqrs/internal/query/model/transaction_risk_view.go:38.10,39.22 1 0
github.com/hebertzin/cqrs/internal/application/bus/command_bus.go:20.34,22.2 1 0
github.com/hebertzin/cqrs/internal/application/bus/command_bus.go:24.75,26.2 1 0
github.com/hebertzin/cqrs/internal/application/bus/command_bus.go:28.112,30.9 2 0
github.com/hebertzin/cqrs/internal/application/bus/command_bus.go:30.9,32.3 1 0
github.com/hebertzin/cqrs/internal/application/bus/command_bus.go:33.2,34.16 2 0
github.com/hebertzin/cqrs/internal/application/bus/command_bus.go:34.16,36.3 1 0
github.com/hebertzin/cqrs/internal/application/bus/command_bus.go:37.2,37.20 1 0
github.com/hebertzin/cqrs/internal/application/bus/query_bus.go:18.30,20.2 1 0
github.com/hebertzin/cqrs/internal/application/bus/query_bus.go:22.69,24.2 1 0
github.com/hebertzin/cqrs/internal/application/bus/query_bus.go:26.99,28.9 2 0
github.com/hebertzin/cqrs/internal/application/bus/query_bus.go:28.9,30.3 1 0
github.com/hebertzin/cqrs/internal/application/bus/query_bus.go:31.2,32.16 2 0
github.com/hebertzin/cqrs/internal/application/bus/query_bus.go:32.16,34.3 1 0
github.com/hebertzin/cqrs/internal/application/bus/query_bus.go:35.2,35.20 1 0
github.com/hebertzin/cqrs/internal/command/handler/analyze_transaction.go:34.30,42.2 1 0
github.com/hebertzin/cqrs/internal/command/handler/analyze_transaction.go:44.109,46.9 2 0
github.com/hebertzin/cqrs/internal/command/handler/analyze_transaction.go:46.9,48.3 1 0
github.com/hebertzin/cqrs/internal/command/handler/analyze_transaction.go:50.2,50.74 1 0
github.com/hebertzin/cqrs/internal/command/handler/analyze_transaction.go:50.74,59.62 3 0
github.com/hebertzin/cqrs/internal/command/handler/analyze_transaction.go:59.62,61.4 1 0
github.com/hebertzin/cqrs/internal/command/handler/analyze_transaction.go:64.2,76.9 5 0
github.com/hebertzin/cqrs/internal/command/handler/analyze_transaction.go:77.23,78.15 1 0
github.com/hebertzin/cqrs/internal/command/handler/analyze_transaction.go:79.25,80.12 1 0
github.com/hebertzin/cqrs/internal/command/handler/analyze_transaction.go:81.10,82.15 1 0
github.com/hebertzin/cqrs/internal/command/handler/analyze_transaction.go:85.2,85.50 1 0
github.com/hebertzin/cqrs/internal/command/handler/analyze_transaction.go:85.50,87.3 1 0
github.com/hebertzin/cqrs/internal/command/handler/analyze_transaction.go:89.2,96.53 3 0
github.com/hebertzin/cqrs/internal/command/handler/analyze_transaction.go:96.53,98.3 1 0
github.com/hebertzin/cqrs/internal/command/handler/analyze_transaction.go:100.2,105.8 1 0
github.com/hebertzin/cqrs/internal/command/handler/block_account.go:26.24,32.2 1 0
github.com/hebertzin/cqrs/internal/command/handler/block_account.go:34.103,36.9 2 0
github.com/hebertzin/cqrs/internal/command/handler/block_account.go:36.9,38.3 1 0
github.com/hebertzin/cqrs/internal/command/handler/block_account.go:40.2,41.16 2 0
github.com/hebertzin/cqrs/internal/command/handler/block_account.go:41.16,43.3 1 0
github.com/hebertzin/cqrs/internal/command/handler/block_account.go:45.2,45.25 1 0
github.com/hebertzin/cqrs/internal/command/handler/block_account.go:45.25,47.3 1 0
github.com/hebertzin/cqrs/internal/command/handler/block_account.go:49.2,51.59 2 0
github.com/hebertzin/cqrs/internal/command/handler/block_account.go:51.59,53.3 1 0
github.com/hebertzin/cqrs/internal/command/handler/block_account.go:55.2,62.53 3 0
github.com/hebertzin/cqrs/internal/command/handler/block_account.go:62.53,64.3 1 0
github.com/hebertzin/cqrs/internal/command/handler/block_account.go:66.2,66.17 1 0
github.com/hebertzin/cqrs/internal/command/handler/flag_transaction.go:26.27,32.2 1 0
github.com/hebertzin/cqrs/internal/command/handler/flag_transaction.go:34.106,36.9 2 0
github.com/hebertzin/cqrs/internal/command/handler/flag_transaction.go:36.9,38.3 1 0
github.com/hebertzin/cqrs/internal/command/handler/flag_transaction.go:40.2,41.16 2 0
github.com/hebertzin/cqrs/internal/command/handler/flag_transaction.go:41.16,43.3 1 0
github.com/hebertzin/cqrs/internal/command/handler/flag_transaction.go:45.2,47.52 2 0
github.com/hebertzin/cqrs/internal/command/handler/flag_transaction.go:47.52,49.3 1 0
github.com/hebertzin/cqrs/internal/command/handler/flag_transaction.go:51.2,58.53 3 0
github.com/hebertzin/cqrs/internal/command/handler/flag_transaction.go:58.53,60.3 1 0
github.com/hebertzin/cqrs/internal/command/handler/flag_transaction.go:62.2,62.17 1 0
github.com/hebertzin/cqrs/internal/config/config.go:35.20,58.2 4 2
github.com/hebertzin/cqrs/internal/config/config.go:60.42,61.34 1 16
github.com/hebertzin/cqrs/internal/config/config.go:61.34,63.3 1 4
github.com/hebertzin/cqrs/internal/config/config.go:64.2,64.17 1 12
github.com/hebertzin/cqrs/internal/domain/entity/account.go:27.44,36.2 2 0
github.com/hebertzin/cqrs/internal/domain/entity/account.go:38.27,43.2 4 0
github.com/hebertzin/cqrs/internal/domain/entity/account.go:45.26,48.2 2 0
github.com/hebertzin/cqrs/internal/domain/entity/account.go:50.30,54.2 3 0
github.com/hebertzin/cqrs/internal/domain/entity/account.go:56.36,58.2 1 0
github.com/hebertzin/cqrs/internal/domain/entity/account.go:60.50,63.2 2 0
github.com/hebertzin/cqrs/internal/domain/entity/transaction.go:32.110,45.2 2 0
github.com/hebertzin/cqrs/internal/domain/entity/transaction.go:47.33,50.2 2 0
github.com/hebertzin/cqrs/internal/domain/entity/transaction.go:52.33,55.2 2 0
github.com/hebertzin/cqrs/internal/domain/entity/transaction.go:57.30,60.2 2 0
github.com/hebertzin/cqrs/internal/domain/entity/transaction.go:62.51,65.2 2 0
github.com/hebertzin/cqrs/internal/domain/entity/transaction.go:67.41,69.2 1 0
github.com/hebertzin/cqrs/internal/domain/entity/transaction.go:71.43,73.2 1 0
github.com/hebertzin/cqrs/internal/domain/event/account_blocked.go:12.86,19.2 1 0
github.com/hebertzin/cqrs/internal/domain/event/event.go:32.58,39.2 1 0
github.com/hebertzin/cqrs/internal/domain/event/event.go:41.42,41.57 1 0
github.com/hebertzin/cqrs/internal/domain/event/event.go:42.42,42.64 1 0
github.com/hebertzin/cqrs/internal/domain/event/event.go:43.42,43.66 1 0
github.com/hebertzin/cqrs/internal/domain/event/event.go:44.42,44.65 1 0
github.com/hebertzin/cqrs/internal/domain/event/transaction_analyzed.go:21.90,34.2 1 0
github.com/hebertzin/cqrs/internal/domain/event/transaction_flagged.go:13.109,21.2 1 0
github.com/hebertzin/cqrs/internal/fraud/rules/amount_rule.go:14.51,16.2 1 0
github.com/hebertzin/cqrs/internal/fraud/rules/amount_rule.go:18.36,18.65 1 0
github.com/hebertzin/cqrs/internal/fraud/rules/amount_rule.go:20.81,21.29 1 0
github.com/hebertzin/cqrs/internal/fraud/rules/amount_rule.go:21.29,27.3 1 0
github.com/hebertzin/cqrs/internal/fraud/rules/amount_rule.go:28.2,28.17 1 0
github.com/hebertzin/cqrs/internal/fraud/rules/blacklist_rule.go:20.59,22.2 1 0
github.com/hebertzin/cqrs/internal/fraud/rules/blacklist_rule.go:24.39,24.61 1 0
github.com/hebertzin/cqrs/internal/fraud/rules/blacklist_rule.go:26.86,27.96 1 0
github.com/hebertzin/cqrs/internal/fraud/rules/blacklist_rule.go:27.96,33.3 1 0
github.com/hebertzin/cqrs/internal/fraud/rules/blacklist_rule.go:35.2,35.98 1 0
github.com/hebertzin/cqrs/internal/fraud/rules/blacklist_rule.go:35.98,41.3 1 0
github.com/hebertzin/cqrs/internal/fraud/rules/blacklist_rule.go:43.2,43.17 1 0
github.com/hebertzin/cqrs/internal/fraud/rules/engine.go:30.39,32.2 1 0
github.com/hebertzin/cqrs/internal/fraud/rules/engine.go:34.89,37.31 2 0
github.com/hebertzin/cqrs/internal/fraud/rules/engine.go:37.31,39.18 2 0
github.com/hebertzin/cqrs/internal/fraud/rules/engine.go:39.18,43.4 3 0
github.com/hebertzin/cqrs/internal/fraud/rules/engine.go:46.2,46.29 1 0
github.com/hebertzin/cqrs/internal/fraud/rules/engine.go:46.29,48.3 1 0
github.com/hebertzin/cqrs/internal/fraud/rules/engine.go:50.2,50.15 1 0
github.com/hebertzin/cqrs/internal/fraud/rules/location_rule.go:19.63,20.22 1 0
github.com/hebertzin/cqrs/internal/fraud/rules/location_rule.go:20.22,22.3 1 0
github.com/hebertzin/cqrs/internal/fraud/rules/location_rule.go:23.2,23.54 1 0
github.com/hebertzin/cqrs/internal/fraud/rules/location_rule.go:26.38,26.70 1 0
github.com/hebertzin/cqrs/internal/fraud/rules/location_rule.go:28.83,29.40 1 0
github.com/hebertzin/cqrs/internal/fraud/rules/location_rule.go:29.40,35.3 1 0
github.com/hebertzin/cqrs/internal/fraud/rules/location_rule.go:36.2,36.17 1 0
github.com/hebertzin/cqrs/internal/fraud/rules/velocity_rule.go:20.77,25.2 1 0
github.com/hebertzin/cqrs/internal/fraud/rules/velocity_rule.go:27.38,27.59 1 0
github.com/hebertzin/cqrs/internal/fraud/rules/velocity_rule.go:29.85,31.16 2 0
github.com/hebertzin/cqrs/internal/fraud/rules/velocity_rule.go:31.16,34.3 1 0
github.com/hebertzin/cqrs/internal/fraud/rules/velocity_rule.go:36.2,36.27 1 0
github.com/hebertzin/cqrs/internal/fraud/rules/velocity_rule.go:36.27,42.3 1 0
github.com/hebertzin/cqrs/internal/fraud/rules/velocity_rule.go:44.2,44.17 1 0
github.com/hebertzin/cqrs/internal/infrastructure/http/router.go:19.16,30.40 8 0
github.com/hebertzin/cqrs/internal/infrastructure/http/router.go:30.40,31.47 1 0
github.com/hebertzin/cqrs/internal/infrastructure/http/router.go:31.47,35.4 3 0
github.com/hebertzin/cqrs/internal/infrastructure/http/router.go:37.3,37.43 1 0
github.com/hebertzin/cqrs/internal/infrastructure/http/router.go:37.43,40.4 2 0
github.com/hebertzin/cqrs/internal/infrastructure/http/router.go:42.3,42.40 1 0
github.com/hebertzin/cqrs/internal/infrastructure/http/router.go:42.40,44.4 1 0
github.com/hebertzin/cqrs/internal/infrastructure/http/router.go:47.2,47.10 1 0
github.com/hebertzin/cqrs/internal/infrastructure/http/handler/account_handler.go:23.112,29.2 1 0
github.com/hebertzin/cqrs/internal/infrastructure/http/handler/account_handler.go:31.83,34.16 3 0
github.com/hebertzin/cqrs/internal/infrastructure/http/handler/account_handler.go:34.16,37.3 2 0
github.com/hebertzin/cqrs/internal/infrastructure/http/handler/account_handler.go:39.2,41.16 3 0
github.com/hebertzin/cqrs/internal/infrastructure/http/handler/account_handler.go:41.16,45.3 3 0
github.com/hebertzin/cqrs/internal/infrastructure/http/handler/account_handler.go:47.2,47.24 1 0
github.com/hebertzin/cqrs/internal/infrastructure/http/handler/account_handler.go:50.79,53.16 3 0
github.com/hebertzin/cqrs/internal/infrastructure/http/handler/account_handler.go:53.16,56.3 2 0
github.com/hebertzin/cqrs/internal/infrastructure/http/handler/account_handler.go:58.2,62.61 2 0
github.com/hebertzin/cqrs/internal/infrastructure/http/handler/account_handler.go:62.61,65.3 2 0
github.com/hebertzin/cqrs/internal/infrastructure/http/handler/account_handler.go:67.2,73.97 2 0
github.com/hebertzin/cqrs/internal/infrastructure/http/handler/account_handler.go:73.97,77.3 3 0
github.com/hebertzin/cqrs/internal/infrastructure/http/handler/account_handler.go:79.2,79.23 1 0
github.com/hebertzin/cqrs/internal/infrastructure/http/handler/account_handler.go:82.81,90.16 4 0
github.com/hebertzin/cqrs/internal/infrastructure/http/handler/account_handler.go:90.16,94.3 3 0
github.com/hebertzin/cqrs/internal/infrastructure/http/handler/account_handler.go:96.2,96.24 1 0
github.com/hebertzin/cqrs/internal/infrastructure/http/handler/health_handler.go:12.40,14.2 1 0
github.com/hebertzin/cqrs/internal/infrastructure/http/handler/health_handler.go:16.70,21.2 1 0
github.com/hebertzin/cqrs/internal/infrastructure/http/handler/health_handler.go:23.71,28.2 1 0
github.com/hebertzin/cqrs/internal/infrastructure/http/handler/transaction_handler.go:23.120,29.2 1 0
github.com/hebertzin/cqrs/internal/infrastructure/http/handler/transaction_handler.go:40.89,42.61 2 0
github.com/hebertzin/cqrs/internal/infrastructure/http/handler/transaction_handler.go:42.61,45.3 2 0
github.com/hebertzin/cqrs/internal/infrastructure/http/handler/transaction_handler.go:47.2,48.16 2 0
github.com/hebertzin/cqrs/internal/infrastructure/http/handler/transaction_handler.go:48.16,51.3 2 0
github.com/hebertzin/cqrs/internal/infrastructure/http/handler/transaction_handler.go:53.2,53.21 1 0
github.com/hebertzin/cqrs/internal/infrastructure/http/handler/transaction_handler.go:53.21,56.3 2 0
github.com/hebertzin/cqrs/internal/infrastructure/http/handler/transaction_handler.go:57.2,57.28 1 0
github.com/hebertzin/cqrs/internal/infrastructure/http/handler/transaction_handler.go:57.28,60.3 2 0
github.com/hebertzin/cqrs/internal/infrastructure/http/handler/transaction_handler.go:62.2,72.16 3 0
github.com/hebertzin/cqrs/internal/infrastructure/http/handler/transaction_handler.go:72.16,76.3 3 0
github.com/hebertzin/cqrs/internal/infrastructure/http/handler/transaction_handler.go:78.2,78.29 1 0
github.com/hebertzin/cqrs/internal/infrastructure/http/handler/transaction_handler.go:81.89,84.16 3 0
github.com/hebertzin/cqrs/internal/infrastructure/http/handler/transaction_handler.go:84.16,87.3 2 0
github.com/hebertzin/cqrs/internal/infrastructure/http/handler/transaction_handler.go:89.2,91.16 3 0
github.com/hebertzin/cqrs/internal/infrastructure/http/handler/transaction_handler.go:91.16,95.3 3 0
github.com/hebertzin/cqrs/internal/infrastructure/http/handler/transaction_handler.go:97.2,97.24 1 0
github.com/hebertzin/cqrs/internal/infrastructure/http/handler/transaction_handler.go:100.86,103.16 3 0
github.com/hebertzin/cqrs/internal/infrastructure/http/handler/transaction_handler.go:103.16,106.3 2 0
github.com/hebertzin/cqrs/internal/infrastructure/http/handler/transaction_handler.go:108.2,112.61 2 0
github.com/hebertzin/cqrs/internal/infrastructure/http/handler/transaction_handler.go:112.61,115.3 2 0
github.com/hebertzin/cqrs/internal/infrastructure/http/handler/transaction_handler.go:117.2,123.100 2 0
github.com/hebertzin/cqrs/internal/infrastructure/http/handler/transaction_handler.go:123.100,127.3 3 0
github.com/hebertzin/cqrs/internal/infrastructure/http/handler/transaction_handler.go:129.2,129.23 1 0
github.com/hebertzin/cqrs/internal/infrastructure/http/middleware/logger.go:10.65,11.46 1 0
github.com/hebertzin/cqrs/internal/infrastructure/http/middleware/logger.go:11.46,12.72 1 0
github.com/hebertzin/cqrs/internal/infrastructure/http/middleware/logger.go:12.72,25.4 4 0
github.com/hebertzin/cqrs/internal/infrastructure/http/middleware/logger.go:34.51,37.2 2 0
github.com/hebertzin/cqrs/internal/infrastructure/http/middleware/recover.go:11.66,12.46 1 0
github.com/hebertzin/cqrs/internal/infrastructure/http/middleware/recover.go:12.46,13.72 1 0
github.com/hebertzin/cqrs/internal/infrastructure/http/middleware/recover.go:13.72,14.17 1 0
github.com/hebertzin/cqrs/internal/infrastructure/http/middleware/recover.go:14.17,15.37 1 0
github.com/hebertzin/cqrs/internal/infrastructure/http/middleware/recover.go:15.37,21.6 2 0
github.com/hebertzin/cqrs/internal/infrastructure/http/middleware/recover.go:23.4,23.24 1 0
github.com/hebertzin/cqrs/internal/infrastructure/http/response/response.go:13.64,17.2 3 0
github.com/hebertzin/cqrs/internal/infrastructure/http/response/response.go:19.63,24.2 1 0
github.com/hebertzin/cqrs/internal/infrastructure/http/response/response.go:26.55,28.2 1 0
github.com/hebertzin/cqrs/internal/infrastructure/http/response/response.go:30.50,32.2 1 0
github.com/hebertzin/cqrs/internal/infrastructure/http/response/response.go:34.39,36.2 1 0
github.com/hebertzin/cqrs/internal/infrastructure/messaging/inmemory/event_bus.go:19.48,24.2 1 0
github.com/hebertzin/cqrs/internal/infrastructure/messaging/inmemory/event_bus.go:26.70,31.9 4 0
github.com/hebertzin/cqrs/internal/infrastructure/messaging/inmemory/event_bus.go:31.9,33.3 1 0
github.com/hebertzin/cqrs/internal/infrastructure/messaging/inmemory/event_bus.go:35.2,35.29 1 0
github.com/hebertzin/cqrs/internal/infrastructure/messaging/inmemory/event_bus.go:35.29,36.35 1 0
github.com/hebertzin/cqrs/internal/infrastructure/messaging/inmemory/event_bus.go:36.35,42.4 1 0
github.com/hebertzin/cqrs/internal/infrastructure/messaging/inmemory/event_bus.go:44.2,44.12 1 0
github.com/hebertzin/cqrs/internal/infrastructure/messaging/inmemory/event_bus.go:47.78,51.2 3 0
github.com/hebertzin/cqrs/internal/infrastructure/projector/account_projector.go:19.114,21.2 1 0
github.com/hebertzin/cqrs/internal/infrastructure/projector/account_projector.go:23.60,25.2 1 0
github.com/hebertzin/cqrs/internal/infrastructure/projector/account_projector.go:27.87,29.9 2 0
github.com/hebertzin/cqrs/internal/infrastructure/projector/account_projector.go:29.9,31.3 1 0
github.com/hebertzin/cqrs/internal/infrastructure/projector/account_projector.go:33.2,34.16 2 0
github.com/hebertzin/cqrs/internal/infrastructure/projector/account_projector.go:34.16,37.3 2 0
github.com/hebertzin/cqrs/internal/infrastructure/projector/account_projector.go:39.2,43.58 4 0
github.com/hebertzin/cqrs/internal/infrastructure/projector/account_projector.go:43.58,45.3 1 0
github.com/hebertzin/cqrs/internal/infrastructure/projector/account_projector.go:46.2,46.12 1 0
github.com/hebertzin/cqrs/internal/infrastructure/projector/transaction_projector.go:25.25,31.2 1 0
github.com/hebertzin/cqrs/internal/infrastructure/projector/transaction_projector.go:33.64,36.2 2 0
github.com/hebertzin/cqrs/internal/infrastructure/projector/transaction_projector.go:38.96,40.9 2 0
github.com/hebertzin/cqrs/internal/infrastructure/projector/transaction_projector.go:40.9,42.3 1 0
github.com/hebertzin/cqrs/internal/infrastructure/projector/transaction_projector.go:44.2,59.53 2 0
github.com/hebertzin/cqrs/internal/infrastructure/projector/transaction_projector.go:59.53,62.3 2 0
github.com/hebertzin/cqrs/internal/infrastructure/projector/transaction_projector.go:64.2,64.88 1 0
github.com/hebertzin/cqrs/internal/infrastructure/projector/transaction_projector.go:64.88,66.3 1 0
github.com/hebertzin/cqrs/internal/infrastructure/projector/transaction_projector.go:68.2,68.26 1 0
github.com/hebertzin/cqrs/internal/infrastructure/projector/transaction_projector.go:68.26,69.85 1 0
github.com/hebertzin/cqrs/internal/infrastructure/projector/transaction_projector.go:69.85,71.4 1 0
github.com/hebertzin/cqrs/internal/infrastructure/projector/transaction_projector.go:74.2,74.26 1 0
github.com/hebertzin/cqrs/internal/infrastructure/projector/transaction_projector.go:74.26,75.86 1 0
github.com/hebertzin/cqrs/internal/infrastructure/projector/transaction_projector.go:75.86,77.4 1 0
github.com/hebertzin/cqrs/internal/infrastructure/projector/transaction_projector.go:80.2,80.12 1 0
github.com/hebertzin/cqrs/internal/infrastructure/projector/transaction_projector.go:83.95,85.9 2 0
github.com/hebertzin/cqrs/internal/infrastructure/projector/transaction_projector.go:85.9,87.3 1 0
github.com/hebertzin/cqrs/internal/infrastructure/projector/transaction_projector.go:89.2,90.16 2 0
github.com/hebertzin/cqrs/internal/infrastructure/projector/transaction_projector.go:90.16,93.3 2 0
github.com/hebertzin/cqrs/internal/infrastructure/projector/transaction_projector.go:95.2,98.53 3 0
github.com/hebertzin/cqrs/internal/infrastructure/projector/transaction_projector.go:98.53,100.3 1 0
github.com/hebertzin/cqrs/internal/infrastructure/projector/transaction_projector.go:101.2,101.12 1 0
github.com/hebertzin/cqrs/internal/query/handler/get_account_status.go:22.101,24.2 1 0
github.com/hebertzin/cqrs/internal/query/handler/get_account_status.go:26.97,28.9 2 0
github.com/hebertzin/cqrs/internal/query/handler/get_account_status.go:28.9,30.3 1 0
github.com/hebertzin/cqrs/internal/query/handler/get_account_status.go:32.2,33.16 2 0
github.com/hebertzin/cqrs/internal/query/handler/get_account_status.go:33.16,35.3 1 0
github.com/hebertzin/cqrs/internal/query/handler/get_account_status.go:37.2,37.18 1 0
github.com/hebertzin/cqrs/internal/query/handler/get_fraud_alerts.go:22.101,24.2 1 0
github.com/hebertzin/cqrs/internal/query/handler/get_fraud_alerts.go:26.95,28.9 2 0
github.com/hebertzin/cqrs/internal/query/handler/get_fraud_alerts.go:28.9,30.3 1 0
github.com/hebertzin/cqrs/internal/query/handler/get_fraud_alerts.go:32.2,32.20 1 0
github.com/hebertzin/cqrs/internal/query/handler/get_fraud_alerts.go:32.20,34.3 1 0
github.com/hebertzin/cqrs/internal/query/handler/get_fraud_alerts.go:35.2,35.42 1 0
github.com/hebertzin/cqrs/internal/query/handler/get_fraud_alerts.go:35.42,37.3 1 0
github.com/hebertzin/cqrs/internal/query/handler/get_fraud_alerts.go:39.2,40.16 2 0
github.com/hebertzin/cqrs/internal/query/handler/get_fraud_alerts.go:40.16,42.3 1 0
github.com/hebertzin/cqrs/internal/query/handler/get_fraud_alerts.go:44.2,44.20 1 0
github.com/hebertzin/cqrs/internal/query/handler/get_transaction_risk.go:23.109,25.2 1 0
github.com/hebertzin/cqrs/internal/query/handler/get_transaction_risk.go:27.99,29.9 2 0
github.com/hebertzin/cqrs/internal/query/handler/get_transaction_risk.go:29.9,31.3 1 0
github.com/hebertzin/cqrs/internal/query/handler/get_transaction_risk.go:33.2,34.16 2 0
github.com/hebertzin/cqrs/internal/query/handler/get_transaction_risk.go:34.16,36.3 1 0
github.com/hebertzin/cqrs/internal/query/handler/get_transaction_risk.go:38.2,39.18 2 0
github.com/hebertzin/cqrs/internal/query/model/transaction_risk_view.go:32.50,33.9 1 0
github.com/hebertzin/cqrs/internal/query/model/transaction_risk_view.go:34.20,35.23 1 0
github.com/hebertzin/cqrs/internal/query/model/transaction_risk_view.go:36.20,37.25 1 0
github.com/hebertzin/cqrs/internal/query/model/transaction_risk_view.go:38.10,39.22 1 0
github.com/hebertzin/cqrs/internal/application/bus/command_bus.go:20.34,22.2 1 3
github.com/hebertzin/cqrs/internal/application/bus/command_bus.go:24.75,26.2 1 2
github.com/hebertzin/cqrs/internal/application/bus/command_bus.go:28.112,30.9 2 3
github.com/hebertzin/cqrs/internal/application/bus/command_bus.go:30.9,32.3 1 1
github.com/hebertzin/cqrs/internal/application/bus/command_bus.go:33.2,34.16 2 2
github.com/hebertzin/cqrs/internal/application/bus/command_bus.go:34.16,36.3 1 1
github.com/hebertzin/cqrs/internal/application/bus/command_bus.go:37.2,37.20 1 1
github.com/hebertzin/cqrs/internal/application/bus/query_bus.go:18.30,20.2 1 2
github.com/hebertzin/cqrs/internal/application/bus/query_bus.go:22.69,24.2 1 1
github.com/hebertzin/cqrs/internal/application/bus/query_bus.go:26.99,28.9 2 2
github.com/hebertzin/cqrs/internal/application/bus/query_bus.go:28.9,30.3 1 1
github.com/hebertzin/cqrs/internal/application/bus/query_bus.go:31.2,32.16 2 1
github.com/hebertzin/cqrs/internal/application/bus/query_bus.go:32.16,34.3 1 0
github.com/hebertzin/cqrs/internal/application/bus/query_bus.go:35.2,35.20 1 1
github.com/hebertzin/cqrs/internal/command/handler/analyze_transaction.go:34.30,42.2 1 0
github.com/hebertzin/cqrs/internal/command/handler/analyze_transaction.go:44.109,46.9 2 0
github.com/hebertzin/cqrs/internal/command/handler/analyze_transaction.go:46.9,48.3 1 0
github.com/hebertzin/cqrs/internal/command/handler/analyze_transaction.go:50.2,50.74 1 0
github.com/hebertzin/cqrs/internal/command/handler/analyze_transaction.go:50.74,59.62 3 0
github.com/hebertzin/cqrs/internal/command/handler/analyze_transaction.go:59.62,61.4 1 0
github.com/hebertzin/cqrs/internal/command/handler/analyze_transaction.go:64.2,76.9 5 0
github.com/hebertzin/cqrs/internal/command/handler/analyze_transaction.go:77.23,78.15 1 0
github.com/hebertzin/cqrs/internal/command/handler/analyze_transaction.go:79.25,80.12 1 0
github.com/hebertzin/cqrs/internal/command/handler/analyze_transaction.go:81.10,82.15 1 0
github.com/hebertzin/cqrs/internal/command/handler/analyze_transaction.go:85.2,85.50 1 0
github.com/hebertzin/cqrs/internal/command/handler/analyze_transaction.go:85.50,87.3 1 0
github.com/hebertzin/cqrs/internal/command/handler/analyze_transaction.go:89.2,96.53 3 0
github.com/hebertzin/cqrs/internal/command/handler/analyze_transaction.go:96.53,98.3 1 0
github.com/hebertzin/cqrs/internal/command/handler/analyze_transaction.go:100.2,105.8 1 0
github.com/hebertzin/cqrs/internal/command/handler/block_account.go:26.24,32.2 1 0
github.com/hebertzin/cqrs/internal/command/handler/block_account.go:34.103,36.9 2 0
github.com/hebertzin/cqrs/internal/command/handler/block_account.go:36.9,38.3 1 0
github.com/hebertzin/cqrs/internal/command/handler/block_account.go:40.2,41.16 2 0
github.com/hebertzin/cqrs/internal/command/handler/block_account.go:41.16,43.3 1 0
github.com/hebertzin/cqrs/internal/command/handler/block_account.go:45.2,45.25 1 0
github.com/hebertzin/cqrs/internal/command/handler/block_account.go:45.25,47.3 1 0
github.com/hebertzin/cqrs/internal/command/handler/block_account.go:49.2,51.59 2 0
github.com/hebertzin/cqrs/internal/command/handler/block_account.go:51.59,53.3 1 0
github.com/hebertzin/cqrs/internal/command/handler/block_account.go:55.2,62.53 3 0
github.com/hebertzin/cqrs/internal/command/handler/block_account.go:62.53,64.3 1 0
github.com/hebertzin/cqrs/internal/command/handler/block_account.go:66.2,66.17 1 0
github.com/hebertzin/cqrs/internal/command/handler/flag_transaction.go:26.27,32.2 1 0
github.com/hebertzin/cqrs/internal/command/handler/flag_transaction.go:34.106,36.9 2 0
github.com/hebertzin/cqrs/internal/command/handler/flag_transaction.go:36.9,38.3 1 0
github.com/hebertzin/cqrs/internal/command/handler/flag_transaction.go:40.2,41.16 2 0
github.com/hebertzin/cqrs/internal/command/handler/flag_transaction.go:41.16,43.3 1 0
github.com/hebertzin/cqrs/internal/command/handler/flag_transaction.go:45.2,47.52 2 0
github.com/hebertzin/cqrs/internal/command/handler/flag_transaction.go:47.52,49.3 1 0
github.com/hebertzin/cqrs/internal/command/handler/flag_transaction.go:51.2,58.53 3 0
github.com/hebertzin/cqrs/internal/command/handler/flag_transaction.go:58.53,60.3 1 0
github.com/hebertzin/cqrs/internal/command/handler/flag_transaction.go:62.2,62.17 1 0
github.com/hebertzin/cqrs/internal/config/config.go:35.20,58.2 4 0
github.com/hebertzin/cqrs/internal/config/config.go:60.42,61.34 1 0
github.com/hebertzin/cqrs/internal/config/config.go:61.34,63.3 1 0
github.com/hebertzin/cqrs/internal/config/config.go:64.2,64.17 1 0
github.com/hebertzin/cqrs/internal/domain/entity/account.go:27.44,36.2 2 0
github.com/hebertzin/cqrs/internal/domain/entity/account.go:38.27,43.2 4 0
github.com/hebertzin/cqrs/internal/domain/entity/account.go:45.26,48.2 2 0
github.com/hebertzin/cqrs/internal/domain/entity/account.go:50.30,54.2 3 0
github.com/hebertzin/cqrs/internal/domain/entity/account.go:56.36,58.2 1 0
github.com/hebertzin/cqrs/internal/domain/entity/account.go:60.50,63.2 2 0
github.com/hebertzin/cqrs/internal/domain/entity/transaction.go:32.110,45.2 2 0
github.com/hebertzin/cqrs/internal/domain/entity/transaction.go:47.33,50.2 2 0
github.com/hebertzin/cqrs/internal/domain/entity/transaction.go:52.33,55.2 2 0
github.com/hebertzin/cqrs/internal/domain/entity/transaction.go:57.30,60.2 2 0
github.com/hebertzin/cqrs/internal/domain/entity/transaction.go:62.51,65.2 2 0
github.com/hebertzin/cqrs/internal/domain/entity/transaction.go:67.41,69.2 1 0
github.com/hebertzin/cqrs/internal/domain/entity/transaction.go:71.43,73.2 1 0
github.com/hebertzin/cqrs/internal/domain/event/account_blocked.go:12.86,19.2 1 0
github.com/hebertzin/cqrs/internal/domain/event/event.go:32.58,39.2 1 0
github.com/hebertzin/cqrs/internal/domain/event/event.go:41.42,41.57 1 0
github.com/hebertzin/cqrs/internal/domain/event/event.go:42.42,42.64 1 0
github.com/hebertzin/cqrs/internal/domain/event/event.go:43.42,43.66 1 0
github.com/hebertzin/cqrs/internal/domain/event/event.go:44.42,44.65 1 0
github.com/hebertzin/cqrs/internal/domain/event/transaction_analyzed.go:21.90,34.2 1 0
github.com/hebertzin/cqrs/internal/domain/event/transaction_flagged.go:13.109,21.2 1 0
github.com/hebertzin/cqrs/internal/fraud/rules/amount_rule.go:14.51,16.2 1 0
github.com/hebertzin/cqrs/internal/fraud/rules/amount_rule.go:18.36,18.65 1 0
github.com/hebertzin/cqrs/internal/fraud/rules/amount_rule.go:20.81,21.29 1 0
github.com/hebertzin/cqrs/internal/fraud/rules/amount_rule.go:21.29,27.3 1 0
github.com/hebertzin/cqrs/internal/fraud/rules/amount_rule.go:28.2,28.17 1 0
github.com/hebertzin/cqrs/internal/fraud/rules/blacklist_rule.go:20.59,22.2 1 0
github.com/hebertzin/cqrs/internal/fraud/rules/blacklist_rule.go:24.39,24.61 1 0
github.com/hebertzin/cqrs/internal/fraud/rules/blacklist_rule.go:26.86,27.96 1 0
github.com/hebertzin/cqrs/internal/fraud/rules/blacklist_rule.go:27.96,33.3 1 0
github.com/hebertzin/cqrs/internal/fraud/rules/blacklist_rule.go:35.2,35.98 1 0
github.com/hebertzin/cqrs/internal/fraud/rules/blacklist_rule.go:35.98,41.3 1 0
github.com/hebertzin/cqrs/internal/fraud/rules/blacklist_rule.go:43.2,43.17 1 0
github.com/hebertzin/cqrs/internal/fraud/rules/engine.go:30.39,32.2 1 0
github.com/hebertzin/cqrs/internal/fraud/rules/engine.go:34.89,37.31 2 0
github.com/hebertzin/cqrs/internal/fraud/rules/engine.go:37.31,39.18 2 0
github.com/hebertzin/cqrs/internal/fraud/rules/engine.go:39.18,43.4 3 0
github.com/hebertzin/cqrs/internal/fraud/rules/engine.go:46.2,46.29 1 0
github.com/hebertzin/cqrs/internal/fraud/rules/engine.go:46.29,48.3 1 0
github.com/hebertzin/cqrs/internal/fraud/rules/engine.go:50.2,50.15 1 0
github.com/hebertzin/cqrs/internal/fraud/rules/location_rule.go:19.63,20.22 1 0
github.com/hebertzin/cqrs/internal/fraud/rules/location_rule.go:20.22,22.3 1 0
github.com/hebertzin/cqrs/internal/fraud/rules/location_rule.go:23.2,23.54 1 0
github.com/hebertzin/cqrs/internal/fraud/rules/location_rule.go:26.38,26.70 1 0
github.com/hebertzin/cqrs/internal/fraud/rules/location_rule.go:28.83,29.40 1 0
github.com/hebertzin/cqrs/internal/fraud/rules/location_rule.go:29.40,35.3 1 0
github.com/hebertzin/cqrs/internal/fraud/rules/location_rule.go:36.2,36.17 1 0
github.com/hebertzin/cqrs/internal/fraud/rules/velocity_rule.go:20.77,25.2 1 0
github.com/hebertzin/cqrs/internal/fraud/rules/velocity_rule.go:27.38,27.59 1 0
github.com/hebertzin/cqrs/internal/fraud/rules/velocity_rule.go:29.85,31.16 2 0
github.com/hebertzin/cqrs/internal/fraud/rules/velocity_rule.go:31.16,34.3 1 0
github.com/hebertzin/cqrs/internal/fraud/rules/velocity_rule.go:36.2,36.27 1 0
github.com/hebertzin/cqrs/internal/fraud/rules/velocity_rule.go:36.27,42.3 1 0
github.com/hebertzin/cqrs/internal/fraud/rules/velocity_rule.go:44.2,44.17 1 0
github.com/hebertzin/cqrs/internal/infrastructure/http/router.go:19.16,30.40 8 0
github.com/hebertzin/cqrs/internal/infrastructure/http/router.go:30.40,31.47 1 0
github.com/hebertzin/cqrs/internal/infrastructure/http/router.go:31.47,35.4 3 0
github.com/hebertzin/cqrs/internal/infrastructure/http/router.go:37.3,37.43 1 0
github.com/hebertzin/cqrs/internal/infrastructure/http/router.go:37.43,40.4 2 0
github.com/hebertzin/cqrs/internal/infrastructure/http/router.go:42.3,42.40 1 0
github.com/hebertzin/cqrs/internal/infrastructure/http/router.go:42.40,44.4 1 0
github.com/hebertzin/cqrs/internal/infrastructure/http/router.go:47.2,47.10 1 0
github.com/hebertzin/cqrs/internal/infrastructure/http/handler/account_handler.go:23.112,29.2 1 0
github.com/hebertzin/cqrs/internal/infrastructure/http/handler/account_handler.go:31.83,34.16 3 0
github.com/hebertzin/cqrs/internal/infrastructure/http/handler/account_handler.go:34.16,37.3 2 0
github.com/hebertzin/cqrs/internal/infrastructure/http/handler/account_handler.go:39.2,41.16 3 0
github.com/hebertzin/cqrs/internal/infrastructure/http/handler/account_handler.go:41.16,45.3 3 0
github.com/hebertzin/cqrs/internal/infrastructure/http/handler/account_handler.go:47.2,47.24 1 0
github.com/hebertzin/cqrs/internal/infrastructure/http/handler/account_handler.go:50.79,53.16 3 0
github.com/hebertzin/cqrs/internal/infrastructure/http/handler/account_handler.go:53.16,56.3 2 0
github.com/hebertzin/cqrs/internal/infrastructure/http/handler/account_handler.go:58.2,62.61 2 0
github.com/hebertzin/cqrs/internal/infrastructure/http/handler/account_handler.go:62.61,65.3 2 0
github.com/hebertzin/cqrs/internal/infrastructure/http/handler/account_handler.go:67.2,73.97 2 0
github.com/hebertzin/cqrs/internal/infrastructure/http/handler/account_handler.go:73.97,77.3 3 0
github.com/hebertzin/cqrs/internal/infrastructure/http/handler/account_handler.go:79.2,79.23 1 0
github.com/hebertzin/cqrs/internal/infrastructure/http/handler/account_handler.go:82.81,90.16 4 0
github.com/hebertzin/cqrs/internal/infrastructure/http/handler/account_handler.go:90.16,94.3 3 0
github.com/hebertzin/cqrs/internal/infrastructure/http/handler/account_handler.go:96.2,96.24 1 0
github.com/hebertzin/cqrs/internal/infrastructure/http/handler/health_handler.go:12.40,14.2 1 0
github.com/hebertzin/cqrs/internal/infrastructure/http/handler/health_handler.go:16.70,21.2 1 0
github.com/hebertzin/cqrs/internal/infrastructure/http/handler/health_handler.go:23.71,28.2 1 0
github.com/hebertzin/cqrs/internal/infrastructure/http/handler/transaction_handler.go:23.120,29.2 1 0
github.com/hebertzin/cqrs/internal/infrastructure/http/handler/transaction_handler.go:40.89,42.61 2 0
github.com/hebertzin/cqrs/internal/infrastructure/http/handler/transaction_handler.go:42.61,45.3 2 0
github.com/hebertzin/cqrs/internal/infrastructure/http/handler/transaction_handler.go:47.2,48.16 2 0
github.com/hebertzin/cqrs/internal/infrastructure/http/handler/transaction_handler.go:48.16,51.3 2 0
github.com/hebertzin/cqrs/internal/infrastructure/http/handler/transaction_handler.go:53.2,53.21 1 0
github.com/hebertzin/cqrs/internal/infrastructure/http/handler/transaction_handler.go:53.21,56.3 2 0
github.com/hebertzin/cqrs/internal/infrastructure/http/handler/transaction_handler.go:57.2,57.28 1 0
github.com/hebertzin/cqrs/internal/infrastructure/http/handler/transaction_handler.go:57.28,60.3 2 0
github.com/hebertzin/cqrs/internal/infrastructure/http/handler/transaction_handler.go:62.2,72.16 3 0
github.com/hebertzin/cqrs/internal/infrastructure/http/handler/transaction_handler.go:72.16,76.3 3 0
github.com/hebertzin/cqrs/internal/infrastructure/http/handler/transaction_handler.go:78.2,78.29 1 0
github.com/hebertzin/cqrs/internal/infrastructure/http/handler/transaction_handler.go:81.89,84.16 3 0
github.com/hebertzin/cqrs/internal/infrastructure/http/handler/transaction_handler.go:84.16,87.3 2 0
github.com/hebertzin/cqrs/internal/infrastructure/http/handler/transaction_handler.go:89.2,91.16 3 0
github.com/hebertzin/cqrs/internal/infrastructure/http/handler/transaction_handler.go:91.16,95.3 3 0
github.com/hebertzin/cqrs/internal/infrastructure/http/handler/transaction_handler.go:97.2,97.24 1 0
github.com/hebertzin/cqrs/internal/infrastructure/http/handler/transaction_handler.go:100.86,103.16 3 0
github.com/hebertzin/cqrs/internal/infrastructure/http/handler/transaction_handler.go:103.16,106.3 2 0
github.com/hebertzin/cqrs/internal/infrastructure/http/handler/transaction_handler.go:108.2,112.61 2 0
github.com/hebertzin/cqrs/internal/infrastructure/http/handler/transaction_handler.go:112.61,115.3 2 0
github.com/hebertzin/cqrs/internal/infrastructure/http/handler/transaction_handler.go:117.2,123.100 2 0
github.com/hebertzin/cqrs/internal/infrastructure/http/handler/transaction_handler.go:123.100,127.3 3 0
github.com/hebertzin/cqrs/internal/infrastructure/http/handler/transaction_handler.go:129.2,129.23 1 0
github.com/hebertzin/cqrs/internal/infrastructure/http/middleware/logger.go:10.65,11.46 1 0
github.com/hebertzin/cqrs/internal/infrastructure/http/middleware/logger.go:11.46,12.72 1 0
github.com/hebertzin/cqrs/internal/infrastructure/http/middleware/logger.go:12.72,25.4 4 0
github.com/hebertzin/cqrs/internal/infrastructure/http/middleware/logger.go:34.51,37.2 2 0
github.com/hebertzin/cqrs/internal/infrastructure/http/middleware/recover.go:11.66,12.46 1 0
github.com/hebertzin/cqrs/internal/infrastructure/http/middleware/recover.go:12.46,13.72 1 0
github.com/hebertzin/cqrs/internal/infrastructure/http/middleware/recover.go:13.72,14.17 1 0
github.com/hebertzin/cqrs/internal/infrastructure/http/middleware/recover.go:14.17,15.37 1 0
github.com/hebertzin/cqrs/internal/infrastructure/http/middleware/recover.go:15.37,21.6 2 0
github.com/hebertzin/cqrs/internal/infrastructure/http/middleware/recover.go:23.4,23.24 1 0
github.com/hebertzin/cqrs/internal/infrastructure/http/response/response.go:13.64,17.2 3 0
github.com/hebertzin/cqrs/internal/infrastructure/http/response/response.go:19.63,24.2 1 0
github.com/hebertzin/cqrs/internal/infrastructure/http/response/response.go:26.55,28.2 1 0
github.com/hebertzin/cqrs/internal/infrastructure/http/response/response.go:30.50,32.2 1 0
github.com/hebertzin/cqrs/internal/infrastructure/http/response/response.go:34.39,36.2 1 0
github.com/hebertzin/cqrs/internal/infrastructure/messaging/inmemory/event_bus.go:19.48,24.2 1 0
github.com/hebertzin/cqrs/internal/infrastructure/messaging/inmemory/event_bus.go:26.70,31.9 4 0
github.com/hebertzin/cqrs/internal/infrastructure/messaging/inmemory/event_bus.go:31.9,33.3 1 0
github.com/hebertzin/cqrs/internal/infrastructure/messaging/inmemory/event_bus.go:35.2,35.29 1 0
github.com/hebertzin/cqrs/internal/infrastructure/messaging/inmemory/event_bus.go:35.29,36.35 1 0
github.com/hebertzin/cqrs/internal/infrastructure/messaging/inmemory/event_bus.go:36.35,42.4 1 0
github.com/hebertzin/cqrs/internal/infrastructure/messaging/inmemory/event_bus.go:44.2,44.12 1 0
github.com/hebertzin/cqrs/internal/infrastructure/messaging/inmemory/event_bus.go:47.78,51.2 3 0
github.com/hebertzin/cqrs/internal/infrastructure/projector/account_projector.go:19.114,21.2 1 0
github.com/hebertzin/cqrs/internal/infrastructure/projector/account_projector.go:23.60,25.2 1 0
github.com/hebertzin/cqrs/internal/infrastructure/projector/account_projector.go:27.87,29.9 2 0
github.com/hebertzin/cqrs/internal/infrastructure/projector/account_projector.go:29.9,31.3 1 0
github.com/hebertzin/cqrs/internal/infrastructure/projector/account_projector.go:33.2,34.16 2 0
github.com/hebertzin/cqrs/internal/infrastructure/projector/account_projector.go:34.16,37.3 2 0
[...]
github.com/hebertzin/cqrs/internal/command/handler/analyze_transaction.go:44.109,46.9 2 0
github.com/hebertzin/cqrs/internal/command/handler/analyze_transaction.go:46.9,48.3 1 0
github.com/hebertzin/cqrs/internal/command/handler/analyze_transaction.go:50.2,50.74 1 0
github.com/hebertzin/cqrs/internal/command/handler/analyze_transaction.go:50.74,59.62 3 0
github.com/hebertzin/cqrs/internal/command/handler/analyze_transaction.go:59.62,61.4 1 0
github.com/hebertzin/cqrs/internal/command/handler/analyze_transaction.go:64.2,76.9 5 0
github.com/hebertzin/cqrs/internal/command/handler/analyze_transaction.go:77.23,78.15 1 0
github.com/hebertzin/cqrs/internal/command/handler/analyze_transaction.go:79.25,80.12 1 0
github.com/hebertzin/cqrs/internal/command/handler/analyze_transaction.go:81.10,82.15 1 0
github.com/hebertzin/cqrs/internal/command/handler/analyze_transaction.go:85.2,85.50 1 0
github.com/hebertzin/cqrs/internal/command/handler/analyze_transaction.go:85.50,87.3 1 0
github.com/hebertzin/cqrs/internal/command/handler/analyze_transaction.go:89.2,96.53 3 0
github.com/hebertzin/cqrs/internal/command/handler/analyze_transaction.go:96.53,98.3 1 0
github.com/hebertzin/cqrs/internal/command/handler/analyze_transaction.go:100.2,105.8 1 0
github.com/hebertzin/cqrs/internal/command/handler/block_account.go:26.24,32.2 1 0
github.com/hebertzin/cqrs/internal/command/handler/block_account.go:34.103,36.9 2 0
github.com/hebertzin/cqrs/internal/command/handler/block_account.go:36.9,38.3 1 0
github.com/hebertzin/cqrs/internal/command/handler/block_account.go:40.2,41.16 2 0
github.com/hebertzin/cqrs/internal/command/handler/block_account.go:41.16,43.3 1 0
github.com/hebertzin/cqrs/internal/command/handler/block_account.go:45.2,45.25 1 0
github.com/hebertzin/cqrs/internal/command/handler/block_account.go:45.25,47.3 1 0
github.com/hebertzin/cqrs/internal/command/handler/block_account.go:49.2,51.59 2 0
github.com/hebertzin/cqrs/internal/command/handler/block_account.go:51.59,53.3 1 0
github.com/hebertzin/cqrs/internal/command/handler/block_account.go:55.2,62.53 3 0
github.com/hebertzin/cqrs/internal/command/handler/block_account.go:62.53,64.3 1 0
github.com/hebertzin/cqrs/internal/command/handler/block_account.go:66.2,66.17 1 0
github.com/hebertzin/cqrs/internal/command/handler/flag_transaction.go:26.27,32.2 1 0
github.com/hebertzin/cqrs/internal/command/handler/flag_transaction.go:34.106,36.9 2 0
github.com/hebertzin/cqrs/internal/command/handler/flag_transaction.go:36.9,38.3 1 0
github.com/hebertzin/cqrs/internal/command/handler/flag_transaction.go:40.2,41.16 2 0
github.com/hebertzin/cqrs/internal/command/handler/flag_transaction.go:41.16,43.3 1 0
github.com/hebertzin/cqrs/internal/command/handler/flag_transaction.go:45.2,47.52 2 0
github.com/hebertzin/cqrs/internal/command/handler/flag_transaction.go:47.52,49.3 1 0
github.com/hebertzin/cqrs/internal/command/handler/flag_transaction.go:51.2,58.53 3 0
github.com/hebertzin/cqrs/internal/command/handler/flag_transaction.go:58.53,60.3 1 0
github.com/hebertzin/cqrs/internal/command/handler/flag_transaction.go:62.2,62.17 1 0
github.com/hebertzin/cqrs/internal/config/config.go:35.20,58.2 4 0
github.com/hebertzin/cqrs/internal/config/config.go:60.42,61.34 1 0
github.com/hebertzin/cqrs/internal/config/config.go:61.34,63.3 1 0
github.com/hebertzin/cqrs/internal/config/config.go:64.2,64.17 1 0
github.com/hebertzin/cqrs/internal/domain/entity/account.go:27.44,36.2 2 0
github.com/hebertzin/cqrs/internal/domain/entity/account.go:38.27,43.2 4 0
github.com/hebertzin/cqrs/internal/domain/entity/account.go:45.26,48.2 2 0
github.com/hebertzin/cqrs/internal/domain/entity/account.go:50.30,54.2 3 0
github.com/hebertzin/cqrs/internal/domain/entity/account.go:56.36,58.2 1 0
github.com/hebertzin/cqrs/internal/domain/entity/account.go:60.50,63.2 2 0
github.com/hebertzin/cqrs/internal/domain/entity/transaction.go:32.110,45.2 2 0
github.com/hebertzin/cqrs/internal/domain/entity/transaction.go:47.33,50.2 2 0
github.com/hebertzin/cqrs/internal/domain/entity/transaction.go:52.33,55.2 2 0
github.com/hebertzin/cqrs/internal/domain/entity/transaction.go:57.30,60.2 2 0
github.com/hebertzin/cqrs/internal/domain/entity/transaction.go:62.51,65.2 2 0
github.com/hebertzin/cqrs/internal/domain/entity/transaction.go:67.41,69.2 1 0
github.com/hebertzin/cqrs/internal/domain/entity/transaction.go:71.43,73.2 1 0
github.com/hebertzin/cqrs/internal/domain/event/account_blocked.go:12.86,19.2 1 0
github.com/hebertzin/cqrs/internal/domain/event/event.go:32.58,39.2 1 0
github.com/hebertzin/cqrs/internal/domain/event/event.go:41.42,41.57 1 0
github.com/hebertzin/cqrs/internal/domain/event/event.go:42.42,42.64 1 0
github.com/hebertzin/cqrs/internal/domain/event/event.go:43.42,43.66 1 0
github.com/hebertzin/cqrs/internal/domain/event/event.go:44.42,44.65 1 0
github.com/hebertzin/cqrs/internal/domain/event/transaction_analyzed.go:21.90,34.2 1 0
github.com/hebertzin/cqrs/internal/domain/event/transaction_flagged.go:13.109,21.2 1 0
github.com/hebertzin/cqrs/internal/fraud/rules/amount_rule.go:14.51,16.2 1 0
github.com/hebertzin/cqrs/internal/fraud/rules/amount_rule.go:18.36,18.65 1 0
github.com/hebertzin/cqrs/internal/fraud/rules/amount_rule.go:20.81,21.29 1 0
github.com/hebertzin/cqrs/internal/fraud/rules/amount_rule.go:21.29,27.3 1 0
github.com/hebertzin/cqrs/internal/fraud/rules/amount_rule.go:28.2,28.17 1 0
github.com/hebertzin/cqrs/internal/fraud/rules/blacklist_rule.go:20.59,22.2 1 0
github.com/hebertzin/cqrs/internal/fraud/rules/blacklist_rule.go:24.39,24.61 1 0
github.com/hebertzin/cqrs/internal/fraud/rules/blacklist_rule.go:26.86,27.96 1 0
github.com/hebertzin/cqrs/internal/fraud/rules/blacklist_rule.go:27.96,33.3 1 0
github.com/hebertzin/cqrs/internal/fraud/rules/blacklist_rule.go:35.2,35.98 1 0
github.com/hebertzin/cqrs/internal/fraud/rules/blacklist_rule.go:35.98,41.3 1 0
github.com/hebertzin/cqrs/internal/fraud/rules/blacklist_rule.go:43.2,43.17 1 0
github.com/hebertzin/cqrs/internal/fraud/rules/engine.go:30.39,32.2 1 0
github.com/hebertzin/cqrs/internal/fraud/rules/engine.go:34.89,37.31 2 0
github.com/hebertzin/cqrs/internal/fraud/rules/engine.go:37.31,39.18 2 0
github.com/hebertzin/cqrs/internal/fraud/rules/engine.go:39.18,43.4 3 0
github.com/hebertzin/cqrs/internal/fraud/rules/engine.go:46.2,46.29 1 0
github.com/hebertzin/cqrs/internal/fraud/rules/engine.go:46.29,48.3 1 0
github.com/hebertzin/cqrs/internal/fraud/rules/engine.go:50.2,50.15 1 0
github.com/hebertzin/cqrs/internal/fraud/rules/location_rule.go:19.63,20.22 1 0
github.com/hebertzin/cqrs/internal/fraud/rules/location_rule.go:20.22,22.3 1 0
github.com/hebertzin/cqrs/internal/fraud/rules/location_rule.go:23.2,23.54 1 0
github.com/hebertzin/cqrs/internal/fraud/rules/location_rule.go:26.38,26.70 1 0
github.com/hebertzin/cqrs/internal/fraud/rules/location_rule.go:28.83,29.40 1 0
github.com/hebertzin/cqrs/internal/fraud/rules/location_rule.go:29.40,35.3 1 0
github.com/hebertzin/cqrs/internal/fraud/rules/location_rule.go:36.2,36.17 1 0
github.com/hebertzin/cqrs/internal/fraud/rules/velocity_rule.go:20.77,25.2 1 0
github.com/hebertzin/cqrs/internal/fraud/rules/velocity_rule.go:27.38,27.59 1 0
github.com/hebertzin/cqrs/internal/fraud/rules/velocity_rule.go:29.85,31.16 2 0
github.com/hebertzin/cqrs/internal/fraud/rules/velocity_rule.go:31.16,34.3 1 0
github.com/hebertzin/cqrs/internal/fraud/rules/velocity_rule.go:36.2,36.27 1 0
github.com/hebertzin/cqrs/internal/fraud/rules/velocity_rule.go:36.27,42.3 1 0
github.com/hebertzin/cqrs/internal/fraud/rules/velocity_rule.go:44.2,44.17 1 0
github.com/hebertzin/cqrs/internal/infrastructure/http/router.go:19.16,30.40 8 0
github.com/hebertzin/cqrs/internal/infrastructure/http/router.go:30.40,31.47 1 0
github.com/hebertzin/cqrs/internal/infrastructure/http/router.go:31.47,35.4 3 0
github.com/hebertzin/cqrs/internal/infrastructure/http/router.go:37.3,37.43 1 0
github.com/hebertzin/cqrs/internal/infrastructure/http/router.go:37.43,40.4 2 0
github.com/hebertzin/cqrs/internal/infrastructure/http/router.go:42.3,42.40 1 0
github.com/hebertzin/cqrs/internal/infrastructure/http/router.go:42.40,44.4 1 0
github.com/hebertzin/cqrs/internal/infrastructure/http/router.go:47.2,47.10 1 0
github.com/hebertzin/cqrs/internal/infrastructure/http/handler/account_handler.go:23.112,29.2 1 0
github.com/hebertzin/cqrs/internal/infrastructure/http/handler/account_handler.go:31.83,34.16 3 0
github.com/hebertzin/cqrs/internal/infrastructure/http/handler/account_handler.go:34.16,37.3 2 0
github.com/hebertzin/cqrs/internal/infrastructure/http/handler/account_handler.go:39.2,41.16 3 0
github.com/hebertzin/cqrs/internal/infrastructure/http/handler/account_handler.go:41.16,45.3 3 0
github.com/hebertzin/cqrs/internal/infrastructure/http/handler/account_handler.go:47.2,47.24 1 0
github.com/hebertzin/cqrs/internal/infrastructure/http/handler/account_handler.go:50.79,53.16 3 0
github.com/hebertzin/cqrs/internal/infrastructure/http/handler/account_handler.go:53.16,56.3 2 0
github.com/hebertzin/cqrs/internal/infrastructure/http/handler/account_handler.go:58.2,62.61 2 0
github.com/hebertzin/cqrs/internal/infrastructure/http/handler/account_handler.go:62.61,65.3 2 0
github.com/hebertzin/cqrs/internal/infrastructure/http/handler/account_handler.go:67.2,73.97 2 0
github.com/hebertzin/cqrs/internal/infrastructure/http/handler/account_handler.go:73.97,77.3 3 0
github.com/hebertzin/cqrs/internal/infrastructure/http/handler/account_handler.go:79.2,79.23 1 0
github.com/hebertzin/cqrs/internal/infrastructure/http/handler/account_handler.go:82.81,90.16 4 0
github.com/hebertzin/cqrs/internal/infrastructure/http/handler/account_handler.go:90.16,94.3 3 0
github.com/hebertzin/cqrs/internal/infrastructure/http/handler/account_handler.go:96.2,96.24 1 0
github.com/hebertzin/cqrs/internal/infrastructure/http/handler/health_handler.go:12.40,14.2 1 0
github.com/hebertzin/cqrs/internal/infrastructure/http/handler/health_handler.go:16.70,21.2 1 0
github.com/hebertzin/cqrs/internal/infrastructure/http/handler/health_handler.go:23.71,28.2 1 0
github.com/hebertzin/cqrs/internal/infrastructure/http/handler/transaction_handler.go:23.120,29.2 1 0
github.com/hebertzin/cqrs/internal/infrastructure/http/handler/transaction_handler.go:40.89,42.61 2 0
github.com/hebertzin/cqrs/internal/infrastructure/http/handler/transaction_handler.go:42.61,45.3 2 0
github.com/hebertzin/cqrs/internal/infrastructure/http/handler/transaction_handler.go:47.2,48.16 2 0
github.com/hebertzin/cqrs/internal/infrastructure/http/handler/transaction_handler.go:48.16,51.3 2 0
github.com/hebertzin/cqrs/internal/infrastructure/http/handler/transaction_handler.go:53.2,53.21 1 0
github.com/hebertzin/cqrs/internal/infrastructure/http/handler/transaction_handler.go:53.21,56.3 2 0
github.com/hebertzin/cqrs/internal/infrastructure/http/handler/transaction_handler.go:57.2,57.28 1 0
github.com/hebertzin/cqrs/internal/infrastructure/http/handler/transaction_handler.go:57.28,60.3 2 0
github.com/hebertzin/cqrs/internal/infrastructure/http/handler/transaction_handler.go:62.2,72.16 3 0
github.com/hebertzin/cqrs/internal/infrastructure/http/handler/transaction_handler.go:72.16,76.3 3 0
github.com/hebertzin/cqrs/internal/infrastructure/http/handler/transaction_handler.go:78.2,78.29 1 0
github.com/hebertzin/cqrs/internal/infrastructure/http/handler/transaction_handler.go:81.89,84.16 3 0
github.com/hebertzin/cqrs/internal/infrastructure/http/handler/transaction_handler.go:84.16,87.3 2 0
github.com/hebertzin/cqrs/internal/infrastructure/http/handler/transaction_handler.go:89.2,91.16 3 0
github.com/hebertzin/cqrs/internal/infrastructure/http/handler/transaction_handler.go:91.16,95.3 3 0
github.com/hebertzin/cqrs/internal/infrastructure/http/handler/transaction_handler.go:97.2,97.24 1 0
github.com/hebertzin/cqrs/internal/infrastructure/http/handler/transaction_handler.go:100.86,103.16 3 0
github.com/hebertzin/cqrs/internal/infrastructure/http/handler/transaction_handler.go:103.16,106.3 2 0
github.com/hebertzin/cqrs/internal/infrastructure/http/handler/transaction_handler.go:108.2,112.61 2 0
github.com/hebertzin/cqrs/internal/infrastructure/http/handler/transaction_handler.go:112.61,115.3 2 0
github.com/hebertzin/cqrs/internal/infrastructure/http/handler/transaction_handler.go:117.2,123.100 2 0
github.com/hebertzin/cqrs/internal/infrastructure/http/handler/transaction_handler.go:123.100,127.3 3 0
github.com/hebertzin/cqrs/internal/infrastructure/http/handler/transaction_handler.go:129.2,129.23 1 0
github.com/hebertzin/cqrs/internal/infrastructure/http/middleware/logger.go:10.65,11.46 1 0
github.com/hebertzin/cqrs/internal/infrastructure/http/middleware/logger.go:11.46,12.72 1 0
github.com/hebertzin/cqrs/internal/infrastructure/http/middleware/logger.go:12.72,25.4 4 0
github.com/hebertzin/cqrs/internal/infrastructure/http/middleware/logger.go:34.51,37.2 2 0
github.com/hebertzin/cqrs/internal/infrastructure/http/middleware/recover.go:11.66,12.46 1 0
github.com/hebertzin/cqrs/internal/infrastructure/http/middleware/recover.go:12.46,13.72 1 0
github.com/hebertzin/cqrs/internal/infrastructure/http/middleware/recover.go:13.72,14.17 1 0
github.com/hebertzin/cqrs/internal/infrastructure/http/middleware/recover.go:14.17,15.37 1 0
github.com/hebertzin/cqrs/internal/infrastructure/http/middleware/recover.go:15.37,21.6 2 0
github.com/hebertzin/cqrs/internal/infrastructure/http/middleware/recover.go:23.4,23.24 1 0
github.com/hebertzin/cqrs/internal/infrastructure/http/response/response.go:13.64,17.2 3 0
github.com/hebertzin/cqrs/internal/infrastructure/http/response/response.go:19.63,24.2 1 0
github.com/hebertzin/cqrs/internal/infrastructure/http/response/response.go:26.55,28.2 1 0
github.com/hebertzin/cqrs/internal/infrastructure/http/response/response.go:30.50,32.2 1 0
github.com/hebertzin/cqrs/internal/infrastructure/http/response/response.go:34.39,36.2 1 0
github.com/hebertzin/cqrs/internal/infrastructure/messaging/inmemory/event_bus.go:19.48,24.2 1 0
github.com/hebertzin/cqrs/internal/infrastructure/messaging/inmemory/event_bus.go:26.70,31.9 4 0
github.com/hebertzin/cqrs/internal/infrastructure/messaging/inmemory/event_bus.go:31.9,33.3 1 0
github.com/hebertzin/cqrs/internal/infrastructure/messaging/inmemory/event_bus.go:35.2,35.29 1 0
github.com/hebertzin/cqrs/internal/infrastructure/messaging/inmemory/event_bus.go:35.29,36.35 1 0
github.com/hebertzin/cqrs/internal/infrastructure/messaging/inmemory/event_bus.go:36.35,42.4 1 0
github.com/hebertzin/cqrs/internal/infrastructure/messaging/inmemory/event_bus.go:44.2,44.12 1 0
github.com/hebertzin/cqrs/internal/infrastructure/messaging/inmemory/event_bus.go:47.78,51.2 3 0
github.com/hebertzin/cqrs/internal/infrastructure/projector/account_projector.go:19.114,21.2 1 0
github.com/hebertzin/cqrs/internal/infrastructure/projector/account_projector.go:23.60,25.2 1 0
github.com/hebertzin/cqrs/internal/infrastructure/projector/account_projector.go:27.87,29.9 2 0
github.com/hebertzin/cqrs/internal/infrastructure/projector/account_projector.go:29.9,31.3 1 0
github.com/hebertzin/cqrs/internal/infrastructure/projector/account_projector.go:33.2,34.16 2 0
github.com/hebertzin/cqrs/internal/infrastructure/projector/account_projector.go:34.16,37.3 2 0
github.com/hebertzin/cqrs/internal/infrastructure/projector/account_projector.go:39.2,43.58 4 0
github.com/hebertzin/cqrs/internal/infrastructure/projector/account_projector.go:43.58,45.3 1 0
github.com/hebertzin/cqrs/internal/infrastructure/projector/account_projector.go:46.2,46.12 1 0
github.com/hebertzin/cqrs/internal/infrastructure/projector/transaction_projector.go:25.25,31.2 1 0
github.com/hebertzin/cqrs/internal/infrastructure/projector/transaction_projector.go:33.64,36.2 2 0
github.com/hebertzin/cqrs/internal/infrastructure/projector/transaction_projector.go:38.96,40.9 2 0
github.com/hebertzin/cqrs/internal/infrastructure/projector/transaction_projector.go:40.9,42.3 1 0
github.com/hebertzin/cqrs/internal/infrastructure/projector/transaction_projector.go:44.2,59.53 2 0
github.com/hebertzin/cqrs/internal/infrastructure/projector/transaction_projector.go:59.53,62.3 2 0
github.com/hebertzin/cqrs/internal/infrastructure/projector/transaction_projector.go:64.2,64.88 1 0
github.com/hebertzin/cqrs/internal/infrastructure/projector/transaction_projector.go:64.88,66.3 1 0
github.com/hebertzin/cqrs/internal/infrastructure/projector/transaction_projector.go:68.2,68.26 1 0
github.com/hebertzin/cqrs/internal/infrastructure/projector/transaction_projector.go:68.26,69.85 1 0
github.com/hebertzin/cqrs/internal/infrastructure/projector/transaction_projector.go:69.85,71.4 1 0
github.com/hebertzin/cqrs/internal/infrastructure/projector/transaction_projector.go:74.2,74.26 1 0
github.com/hebertzin/cqrs/internal/infrastructure/projector/transaction_projector.go:74.26,75.86 1 0
github.com/hebertzin/cqrs/internal/infrastructure/projector/transaction_projector.go:75.86,77.4 1 0
github.com/hebertzin/cqrs/internal/infrastructure/projector/transaction_projector.go:80.2,80.12 1 0
github.com/hebertzin/cqrs/internal/infrastructure/projector/transaction_projector.go:83.95,85.9 2 0
github.com/hebertzin/cqrs/internal/infrastructure/projector/transaction_projector.go:85.9,87.3 1 0
github.com/hebertzin/cqrs/internal/infrastructure/projector/transaction_projector.go:89.2,90.16 2 0
github.com/hebertzin/cqrs/internal/infrastructure/projector/transaction_projector.go:90.16,93.3 2 0
github.com/hebertzin/cqrs/internal/infrastructure/projector/transaction_projector.go:95.2,98.53 3 0
github.com/hebertzin/cqrs/internal/infrastructure/projector/transaction_projector.go:98.53,100.3 1 0
github.com/hebertzin/cqrs/internal/infrastructure/projector/transaction_projector.go:101.2,101.12 1 0
github.com/hebertzin/cqrs/internal/query/handler/get_account_status.go:22.101,24.2 1 0
github.com/hebertzin/cqrs/internal/query/handler/get_account_status.go:26.97,28.9 2 0
github.com/hebertzin/cqrs/internal/query/handler/get_account_status.go:28.9,30.3 1 0
github.com/hebertzin/cqrs/internal/query/handler/get_account_status.go:32.2,33.16 2 0
github.com/hebertzin/cqrs/internal/query/handler/get_account_status.go:33.16,35.3 1 0
github.com/hebertzin/cqrs/internal/query/handler/get_account_status.go:37.2,37.18 1 0
github.com/hebertzin/cqrs/internal/query/handler/get_fraud_alerts.go:22.101,24.2 1 0
github.com/hebertzin/cqrs/internal/query/handler/get_fraud_alerts.go:26.95,28.9 2 0
github.com/hebertzin/cqrs/internal/query/handler/get_fraud_alerts.go:28.9,30.3 1 0
github.com/hebertzin/cqrs/internal/query/handler/get_fraud_alerts.go:32.2,32.20 1 0
github.com/hebertzin/cqrs/internal/query/handler/get_fraud_alerts.go:32.20,34.3 1 0
github.com/hebertzin/cqrs/internal/query/handler/get_fraud_alerts.go:35.2,35.42 1 0
github.com/hebertzin/cqrs/internal/query/handler/get_fraud_alerts.go:35.42,37.3 1 0
github.com/hebertzin/cqrs/internal/query/handler/get_fraud_alerts.go:39.2,40.16 2 0
github.com/hebertzin/cqrs/internal/query/handler/get_fraud_alerts.go:40.16,42.3 1 0
github.com/hebertzin/cqrs/internal/query/handler/get_fraud_alerts.go:44.2,44.20 1 0
github.com/hebertzin/cqrs/internal/query/handler/get_transaction_risk.go:23.109,25.2 1 0
github.com/hebertzin/cqrs/internal/query/handler/get_transaction_risk.go:27.99,29.9 2 0
github.com/hebertzin/cqrs/internal/query/handler/get_transaction_risk.go:29.9,31.3 1 0
github.com/hebertzin/cqrs/internal/query/handler/get_transaction_risk.go:33.2,34.16 2 0
github.com/hebertzin/cqrs/internal/query/handler/get_transaction_risk.go:34.16,36.3 1 0
github.com/hebertzin/cqrs/internal/query/handler/get_transaction_risk.go:38.2,39.18 2 0
github.com/hebertzin/cqrs/internal/query/model/transaction_risk_view.go:32.50,33.9 1 9
github.com/hebertzin/cqrs/internal/query/model/transaction_risk_view.go:34.20,35.23 1 3
github.com/hebertzin/cqrs/internal/query/model/transaction_risk_view.go:36.20,37.25 1 3
github.com/hebertzin/cqrs/internal/query/model/transaction_risk_view.go:38.10,39.22 1 3
