mode: atomic
github.com/hebertzin/cqrs/internal/application/bus/command_bus.go:24.34,26.2 1 3
github.com/hebertzin/cqrs/internal/application/bus/command_bus.go:28.75,30.2 1 2
github.com/hebertzin/cqrs/internal/application/bus/command_bus.go:32.112,34.9 2 3
github.com/hebertzin/cqrs/internal/application/bus/command_bus.go:34.9,36.3 1 1
github.com/hebertzin/cqrs/internal/application/bus/command_bus.go:37.2,37.37 1 2
github.com/hebertzin/cqrs/internal/application/bus/query_bus.go:21.30,23.2 1 2
github.com/hebertzin/cqrs/internal/application/bus/query_bus.go:25.69,27.2 1 1
github.com/hebertzin/cqrs/internal/application/bus/query_bus.go:29.99,31.9 2 2
github.com/hebertzin/cqrs/internal/application/bus/query_bus.go:31.9,33.3 1 1
github.com/hebertzin/cqrs/internal/application/bus/query_bus.go:34.2,34.35 1 1
github.com/hebertzin/cqrs/internal/command/handler/analyze_transaction.go:33.30,41.2 1 0
github.com/hebertzin/cqrs/internal/command/handler/analyze_transaction.go:43.109,45.9 2 0
github.com/hebertzin/cqrs/internal/command/handler/analyze_transaction.go:45.9,47.3 1 0
github.com/hebertzin/cqrs/internal/command/handler/analyze_transaction.go:49.2,61.9 5 0
github.com/hebertzin/cqrs/internal/command/handler/analyze_transaction.go:62.23,63.15 1 0
github.com/hebertzin/cqrs/internal/command/handler/analyze_transaction.go:64.25,65.12 1 0
github.com/hebertzin/cqrs/internal/command/handler/analyze_transaction.go:66.10,67.15 1 0
github.com/hebertzin/cqrs/internal/command/handler/analyze_transaction.go:70.2,70.50 1 0
github.com/hebertzin/cqrs/internal/command/handler/analyze_transaction.go:70.50,72.3 1 0
github.com/hebertzin/cqrs/internal/command/handler/analyze_transaction.go:74.2,81.53 3 0
github.com/hebertzin/cqrs/internal/command/handler/analyze_transaction.go:81.53,83.3 1 0
github.com/hebertzin/cqrs/internal/command/handler/analyze_transaction.go:85.2,90.8 1 0
github.com/hebertzin/cqrs/internal/command/handler/block_account.go:26.24,32.2 1 0
github.com/hebertzin/cqrs/internal/command/handler/block_account.go:34.103,36.9 2 0
github.com/hebertzin/cqrs/internal/command/handler/block_account.go:36.9,38.3 1 0
github.com/hebertzin/cqrs/internal/command/handler/block_account.go:40.2,41.16 2 0
github.com/hebertzin/cqrs/internal/command/handler/block_account.go:41.16,43.3 1 0
github.com/hebertzin/cqrs/internal/command/handler/block_account.go:45.2,45.25 1 0
github.com/hebertzin/cqrs/internal/command/handler/block_account.go:45.25,47.3 1 0
github.com/hebertzin/cqrs/internal/command/handler/block_account.go:49.2,51.59 2 0
github.com/hebertzin/cqrs/internal/command/handler/block_account.go:51.59,53.3 1 0
github.com/hebertzin/cqrs/internal/command/handler/block_account.go:55.2,62.53 3 0
github.com/hebertzin/cqrs/internal/command/handler/block_account.go:62.53,64.3 1 0
github.com/hebertzin/cqrs/internal/command/handler/block_account.go:66.2,66.17 1 0
github.com/hebertzin/cqrs/internal/command/handler/flag_transaction.go:26.27,32.2 1 0
github.com/hebertzin/cqrs/internal/command/handler/flag_transaction.go:34.106,36.9 2 0
github.com/hebertzin/cqrs/internal/command/handler/flag_transaction.go:36.9,38.3 1 0
github.com/hebertzin/cqrs/internal/command/handler/flag_transaction.go:40.2,41.16 2 0
github.com/hebertzin/cqrs/internal/command/handler/flag_transaction.go:41.16,43.3 1 0
github.com/hebertzin/cqrs/internal/command/handler/flag_transaction.go:45.2,47.52 2 0
github.com/hebertzin/cqrs/internal/command/handler/flag_transaction.go:47.52,49.3 1 0
github.com/hebertzin/cqrs/internal/command/handler/flag_transaction.go:51.2,58.53 3 0
github.com/hebertzin/cqrs/internal/command/handler/flag_transaction.go:58.53,60.3 1 0
github.com/hebertzin/cqrs/internal/command/handler/flag_transaction.go:62.2,62.17 1 0
github.com/hebertzin/cqrs/internal/config/config.go:30.20,50.2 4 0
github.com/hebertzin/cqrs/internal/config/config.go:52.42,53.34 1 0
github.com/hebertzin/cqrs/internal/config/config.go:53.34,55.3 1 0
github.com/hebertzin/cqrs/internal/config/config.go:56.2,56.17 1 0
github.com/hebertzin/cqrs/internal/domain/entity/account.go:27.44,36.2 2 0
github.com/hebertzin/cqrs/internal/domain/entity/account.go:38.27,43.2 4 0
github.com/hebertzin/cqrs/internal/domain/entity/account.go:45.26,48.2 2 0
github.com/hebertzin/cqrs/internal/domain/entity/account.go:50.30,54.2 3 0
github.com/hebertzin/cqrs/internal/domain/entity/account.go:56.36,58.2 1 0
github.com/hebertzin/cqrs/internal/domain/entity/account.go:60.50,63.2 2 0
github.com/hebertzin/cqrs/internal/domain/entity/transaction.go:32.110,45.2 2 0
github.com/hebertzin/cqrs/internal/domain/entity/transaction.go:47.33,50.2 2 0
github.com/hebertzin/cqrs/internal/domain/entity/transaction.go:52.33,55.2 2 0
github.com/hebertzin/cqrs/internal/domain/entity/transaction.go:57.30,60.2 2 0
github.com/hebertzin/cqrs/internal/domain/entity/transaction.go:62.51,65.2 2 0
github.com/hebertzin/cqrs/internal/domain/entity/transaction.go:67.41,69.2 1 0
github.com/hebertzin/cqrs/internal/domain/entity/transaction.go:71.43,73.2 1 0
github.com/hebertzin/cqrs/internal/domain/event/account_blocked.go:12.86,19.2 1 0
github.com/hebertzin/cqrs/internal/domain/event/event.go:32.58,39.2 1 0
github.com/hebertzin/cqrs/internal/domain/event/event.go:41.40,41.55 1 0
github.com/hebertzin/cqrs/internal/domain/event/event.go:42.40,42.62 1 0
github.com/hebertzin/cqrs/internal/domain/event/event.go:43.42,43.66 1 0
github.com/hebertzin/cqrs/internal/domain/event/event.go:44.42,44.65 1 0
github.com/hebertzin/cqrs/internal/domain/event/transaction_analyzed.go:21.90,34.2 1 0
github.com/hebertzin/cqrs/internal/domain/event/transaction_flagged.go:13.109,21.2 1 0
github.com/hebertzin/cqrs/internal/fraud/rules/amount_rule.go:15.51,17.2 1 0
github.com/hebertzin/cqrs/internal/fraud/rules/amount_rule.go:19.36,19.65 1 0
github.com/hebertzin/cqrs/internal/fraud/rules/amount_rule.go:21.81,22.29 1 0
github.com/hebertzin/cqrs/internal/fraud/rules/amount_rule.go:22.29,28.3 1 0
github.com/hebertzin/cqrs/internal/fraud/rules/amount_rule.go:29.2,29.17 1 0
github.com/hebertzin/cqrs/internal/fraud/rules/blacklist_rule.go:22.59,24.2 1 0
github.com/hebertzin/cqrs/internal/fraud/rules/blacklist_rule.go:26.39,26.61 1 0
github.com/hebertzin/cqrs/internal/fraud/rules/blacklist_rule.go:28.86,29.96 1 0
github.com/hebertzin/cqrs/internal/fraud/rules/blacklist_rule.go:29.96,35.3 1 0
github.com/hebertzin/cqrs/internal/fraud/rules/blacklist_rule.go:37.2,37.98 1 0
github.com/hebertzin/cqrs/internal/fraud/rules/blacklist_rule.go:37.98,43.3 1 0
github.com/hebertzin/cqrs/internal/fraud/rules/blacklist_rule.go:45.2,45.17 1 0
github.com/hebertzin/cqrs/internal/fraud/rules/engine.go:34.39,36.2 1 0
github.com/hebertzin/cqrs/internal/fraud/rules/engine.go:38.89,41.31 2 0
github.com/hebertzin/cqrs/internal/fraud/rules/engine.go:41.31,43.18 2 0
github.com/hebertzin/cqrs/internal/fraud/rules/engine.go:43.18,47.4 3 0
github.com/hebertzin/cqrs/internal/fraud/rules/engine.go:50.2,50.29 1 0
github.com/hebertzin/cqrs/internal/fraud/rules/engine.go:50.29,52.3 1 0
github.com/hebertzin/cqrs/internal/fraud/rules/engine.go:54.2,54.15 1 0
github.com/hebertzin/cqrs/internal/fraud/rules/location_rule.go:21.63,22.22 1 0
github.com/hebertzin/cqrs/internal/fraud/rules/location_rule.go:22.22,24.3 1 0
github.com/hebertzin/cqrs/internal/fraud/rules/location_rule.go:25.2,25.54 1 0
github.com/hebertzin/cqrs/internal/fraud/rules/location_rule.go:28.38,28.70 1 0
github.com/hebertzin/cqrs/internal/fraud/rules/location_rule.go:30.83,31.40 1 0
github.com/hebertzin/cqrs/internal/fraud/rules/location_rule.go:31.40,37.3 1 0
github.com/hebertzin/cqrs/internal/fraud/rules/location_rule.go:38.2,38.17 1 0
github.com/hebertzin/cqrs/internal/fraud/rules/velocity_rule.go:22.77,27.2 1 0
github.com/hebertzin/cqrs/internal/fraud/rules/velocity_rule.go:29.38,29.59 1 0
github.com/hebertzin/cqrs/internal/fraud/rules/velocity_rule.go:31.85,33.16 2 0
github.com/hebertzin/cqrs/internal/fraud/rules/velocity_rule.go:33.16,36.3 1 0
github.com/hebertzin/cqrs/internal/fraud/rules/velocity_rule.go:38.2,38.27 1 0
github.com/hebertzin/cqrs/internal/fraud/rules/velocity_rule.go:38.27,44.3 1 0
github.com/hebertzin/cqrs/internal/fraud/rules/velocity_rule.go:45.2,45.17 1 0
github.com/hebertzin/cqrs/internal/infrastructure/http/router.go:19.16,30.40 8 0
github.com/hebertzin/cqrs/internal/infrastructure/http/router.go:30.40,31.47 1 0
github.com/hebertzin/cqrs/internal/infrastructure/http/router.go:31.47,35.4 3 0
github.com/hebertzin/cqrs/internal/infrastructure/http/router.go:37.3,37.43 1 0
github.com/hebertzin/cqrs/internal/infrastructure/http/router.go:37.43,40.4 2 0
github.com/hebertzin/cqrs/internal/infrastructure/http/router.go:42.3,42.40 1 0
github.com/hebertzin/cqrs/internal/infrastructure/http/router.go:42.40,44.4 1 0
github.com/hebertzin/cqrs/internal/infrastructure/http/router.go:47.2,47.10 1 0
github.com/hebertzin/cqrs/internal/infrastructure/http/handler/account_handler.go:23.112,29.2 1 0
github.com/hebertzin/cqrs/internal/infrastructure/http/handler/account_handler.go:31.83,34.16 3 0
github.com/hebertzin/cqrs/internal/infrastructure/http/handler/account_handler.go:34.16,37.3 2 0
github.com/hebertzin/cqrs/internal/infrastructure/http/handler/account_handler.go:39.2,40.16 2 0
github.com/hebertzin/cqrs/internal/infrastructure/http/handler/account_handler.go:40.16,44.3 3 0
github.com/hebertzin/cqrs/internal/infrastructure/http/handler/account_handler.go:46.2,46.24 1 0
github.com/hebertzin/cqrs/internal/infrastructure/http/handler/account_handler.go:49.79,52.16 3 0
github.com/hebertzin/cqrs/internal/infrastructure/http/handler/account_handler.go:52.16,55.3 2 0
github.com/hebertzin/cqrs/internal/infrastructure/http/handler/account_handler.go:57.2,61.61 2 0
github.com/hebertzin/cqrs/internal/infrastructure/http/handler/account_handler.go:61.61,64.3 2 0
github.com/hebertzin/cqrs/internal/infrastructure/http/handler/account_handler.go:66.2,72.97 2 0
github.com/hebertzin/cqrs/internal/infrastructure/http/handler/account_handler.go:72.97,76.3 3 0
github.com/hebertzin/cqrs/internal/infrastructure/http/handler/account_handler.go:78.2,78.23 1 0
github.com/hebertzin/cqrs/internal/infrastructure/http/handler/account_handler.go:81.81,89.16 4 0
github.com/hebertzin/cqrs/internal/infrastructure/http/handler/account_handler.go:89.16,93.3 3 0
github.com/hebertzin/cqrs/internal/infrastructure/http/handler/account_handler.go:95.2,95.24 1 0
github.com/hebertzin/cqrs/internal/infrastructure/http/handler/health_handler.go:12.40,14.2 1 0
github.com/hebertzin/cqrs/internal/infrastructure/http/handler/health_handler.go:16.70,21.2 1 0
github.com/hebertzin/cqrs/internal/infrastructure/http/handler/health_handler.go:23.71,28.2 1 0
github.com/hebertzin/cqrs/internal/infrastructure/http/handler/transaction_handler.go:23.120,29.2 1 0
github.com/hebertzin/cqrs/internal/infrastructure/http/handler/transaction_handler.go:40.89,42.61 2 0
github.com/hebertzin/cqrs/internal/infrastructure/http/handler/transaction_handler.go:42.61,45.3 2 0
github.com/hebertzin/cqrs/internal/infrastructure/http/handler/transaction_handler.go:47.2,48.16 2 0
github.com/hebertzin/cqrs/internal/infrastructure/http/handler/transaction_handler.go:48.16,51.3 2 0
github.com/hebertzin/cqrs/internal/infrastructure/http/handler/transaction_handler.go:53.2,53.21 1 0
github.com/hebertzin/cqrs/internal/infrastructure/http/handler/transaction_handler.go:53.21,56.3 2 0
github.com/hebertzin/cqrs/internal/infrastructure/http/handler/transaction_handler.go:57.2,57.28 1 0
github.com/hebertzin/cqrs/internal/infrastructure/http/handler/transaction_handler.go:57.28,60.3 2 0
github.com/hebertzin/cqrs/internal/infrastructure/http/handler/transaction_handler.go:62.2,72.16 3 0
github.com/hebertzin/cqrs/internal/infrastructure/http/handler/transaction_handler.go:72.16,76.3 3 0
github.com/hebertzin/cqrs/internal/infrastructure/http/handler/transaction_handler.go:78.2,78.29 1 0
github.com/hebertzin/cqrs/internal/infrastructure/http/handler/transaction_handler.go:81.89,84.16 3 0
github.com/hebertzin/cqrs/internal/infrastructure/http/handler/transaction_handler.go:84.16,87.3 2 0
github.com/hebertzin/cqrs/internal/infrastructure/http/handler/transaction_handler.go:89.2,90.16 2 0
github.com/hebertzin/cqrs/internal/infrastructure/http/handler/transaction_handler.go:90.16,94.3 3 0
github.com/hebertzin/cqrs/internal/infrastructure/http/handler/transaction_handler.go:96.2,96.24 1 0
github.com/hebertzin/cqrs/internal/infrastructure/http/handler/transaction_handler.go:99.86,102.16 3 0
github.com/hebertzin/cqrs/internal/infrastructure/http/handler/transaction_handler.go:102.16,105.3 2 0
github.com/hebertzin/cqrs/internal/infrastructure/http/handler/transaction_handler.go:107.2,111.61 2 0
github.com/hebertzin/cqrs/internal/infrastructure/http/handler/transaction_handler.go:111.61,114.3 2 0
github.com/hebertzin/cqrs/internal/infrastructure/http/handler/transaction_handler.go:116.2,122.100 2 0
github.com/hebertzin/cqrs/internal/infrastructure/http/handler/transaction_handler.go:122.100,126.3 3 0
github.com/hebertzin/cqrs/internal/infrastructure/http/handler/transaction_handler.go:128.2,128.23 1 0
github.com/hebertzin/cqrs/internal/infrastructure/http/middleware/logger.go:10.65,11.46 1 0
github.com/hebertzin/cqrs/internal/infrastructure/http/middleware/logger.go:11.46,12.72 1 0
github.com/hebertzin/cqrs/internal/infrastructure/http/middleware/logger.go:12.72,25.4 4 0
github.com/hebertzin/cqrs/internal/infrastructure/http/middleware/logger.go:34.51,37.2 2 0
github.com/hebertzin/cqrs/internal/infrastructure/http/middleware/recover.go:11.66,12.46 1 0
github.com/hebertzin/cqrs/internal/infrastructure/http/middleware/recover.go:12.46,13.72 1 0
github.com/hebertzin/cqrs/internal/infrastructure/http/middleware/recover.go:13.72,14.17 1 0
github.com/hebertzin/cqrs/internal/infrastructure/http/middleware/recover.go:14.17,15.37 1 0
github.com/hebertzin/cqrs/internal/infrastructure/http/middleware/recover.go:15.37,21.6 2 0
github.com/hebertzin/cqrs/internal/infrastructure/http/middleware/recover.go:23.4,23.24 1 0
github.com/hebertzin/cqrs/internal/infrastructure/http/response/response.go:13.64,17.2 3 0
github.com/hebertzin/cqrs/internal/infrastructure/http/response/response.go:19.63,24.2 1 0
github.com/hebertzin/cqrs/internal/infrastructure/http/response/response.go:26.55,28.2 1 0
github.com/hebertzin/cqrs/internal/infrastructure/http/response/response.go:30.50,32.2 1 0
github.com/hebertzin/cqrs/internal/infrastructure/http/response/response.go:34.39,36.2 1 0
github.com/hebertzin/cqrs/internal/infrastructure/messaging/inmemory/event_bus.go:21.48,26.2 1 0
github.com/hebertzin/cqrs/internal/infrastructure/messaging/inmemory/event_bus.go:28.70,33.9 4 0
github.com/hebertzin/cqrs/internal/infrastructure/messaging/inmemory/event_bus.go:33.9,35.3 1 0
github.com/hebertzin/cqrs/internal/infrastructure/messaging/inmemory/event_bus.go:37.2,37.29 1 0
github.com/hebertzin/cqrs/internal/infrastructure/messaging/inmemory/event_bus.go:37.29,38.35 1 0
github.com/hebertzin/cqrs/internal/infrastructure/messaging/inmemory/event_bus.go:38.35,44.4 1 0
github.com/hebertzin/cqrs/internal/infrastructure/messaging/inmemory/event_bus.go:46.2,46.12 1 0
github.com/hebertzin/cqrs/internal/infrastructure/messaging/inmemory/event_bus.go:49.78,53.2 3 0
github.com/hebertzin/cqrs/internal/infrastructure/projector/account_projector.go:19.114,21.2 1 0
github.com/hebertzin/cqrs/internal/infrastructure/projector/account_projector.go:23.60,25.2 1 0
github.com/hebertzin/cqrs/internal/infrastructure/projector/account_projector.go:27.87,29.9 2 0
github.com/hebertzin/cqrs/internal/infrastructure/projector/account_projector.go:29.9,31.3 1 0
github.com/hebertzin/cqrs/internal/infrastructure/projector/account_projector.go:33.2,34.16 2 0
github.com/hebertzin/cqrs/internal/infrastructure/projector/account_projector.go:34.16,37.3 2 0
github.com/hebertzin/cqrs/internal/infrastructure/projector/account_projector.go:39.2,43.42 4 0
github.com/hebertzin/cqrs/internal/infrastructure/projector/transaction_projector.go:25.25,31.2 1 0
github.com/hebertzin/cqrs/internal/infrastructure/projector/transaction_projector.go:34.64,37.2 2 0
github.com/hebertzin/cqrs/internal/infrastructure/projector/transaction_projector.go:39.96,41.9 2 0
github.com/hebertzin/cqrs/internal/infrastructure/projector/transaction_projector.go:41.9,43.3 1 0
github.com/hebertzin/cqrs/internal/infrastructure/projector/transaction_projector.go:45.2,60.53 2 0
github.com/hebertzin/cqrs/internal/infrastructure/projector/transaction_projector.go:60.53,63.3 2 0
github.com/hebertzin/cqrs/internal/infrastructure/projector/transaction_projector.go:65.2,65.88 1 0
github.com/hebertzin/cqrs/internal/infrastructure/projector/transaction_projector.go:65.88,67.3 1 0
github.com/hebertzin/cqrs/internal/infrastructure/projector/transaction_projector.go:69.2,69.26 1 0
github.com/hebertzin/cqrs/internal/infrastructure/projector/transaction_projector.go:69.26,70.85 1 0
github.com/hebertzin/cqrs/internal/infrastructure/projector/transaction_projector.go:70.85,72.4 1 0
github.com/hebertzin/cqrs/internal/infrastructure/projector/transaction_projector.go:75.2,75.26 1 0
github.com/hebertzin/cqrs/internal/infrastructure/projector/transaction_projector.go:75.26,76.86 1 0
github.com/hebertzin/cqrs/internal/infrastructure/projector/transaction_projector.go:76.86,78.4 1 0
github.com/hebertzin/cqrs/internal/infrastructure/projector/transaction_projector.go:81.2,81.12 1 0
github.com/hebertzin/cqrs/internal/infrastructure/projector/transaction_projector.go:84.95,86.9 2 0
github.com/hebertzin/cqrs/internal/infrastructure/projector/transaction_projector.go:86.9,88.3 1 0
github.com/hebertzin/cqrs/internal/infrastructure/projector/transaction_projector.go:90.2,91.16 2 0
github.com/hebertzin/cqrs/internal/infrastructure/projector/transaction_projector.go:91.16,94.3 2 0
github.com/hebertzin/cqrs/internal/infrastructure/projector/transaction_projector.go:96.2,99.37 3 0
github.com/hebertzin/cqrs/internal/query/handler/get_account_status.go:22.101,24.2 1 0
github.com/hebertzin/cqrs/internal/query/handler/get_account_status.go:26.97,28.9 2 0
github.com/hebertzin/cqrs/internal/query/handler/get_account_status.go:28.9,30.3 1 0
github.com/hebertzin/cqrs/internal/query/handler/get_account_status.go:32.2,33.16 2 0
github.com/hebertzin/cqrs/internal/query/handler/get_account_status.go:33.16,35.3 1 0
github.com/hebertzin/cqrs/internal/query/handler/get_account_status.go:37.2,37.18 1 0
github.com/hebertzin/cqrs/internal/query/handler/get_fraud_alerts.go:22.101,24.2 1 0
github.com/hebertzin/cqrs/internal/query/handler/get_fraud_alerts.go:26.95,28.9 2 0
github.com/hebertzin/cqrs/internal/query/handler/get_fraud_alerts.go:28.9,30.3 1 0
github.com/hebertzin/cqrs/internal/query/handler/get_fraud_alerts.go:32.2,32.20 1 0
github.com/hebertzin/cqrs/internal/query/handler/get_fraud_alerts.go:32.20,34.3 1 0
github.com/hebertzin/cqrs/internal/query/handler/get_fraud_alerts.go:35.2,35.42 1 0
github.com/hebertzin/cqrs/internal/query/handler/get_fraud_alerts.go:35.42,37.3 1 0
github.com/hebertzin/cqrs/internal/query/handler/get_fraud_alerts.go:39.2,40.16 2 0
github.com/hebertzin/cqrs/internal/query/handler/get_fraud_alerts.go:40.16,42.3 1 0
github.com/hebertzin/cqrs/internal/query/handler/get_fraud_alerts.go:44.2,44.20 1 0
github.com/hebertzin/cqrs/internal/query/handler/get_transaction_risk.go:23.109,25.2 1 0
github.com/hebertzin/cqrs/internal/query/handler/get_transaction_risk.go:27.99,29.9 2 0
github.com/hebertzin/cqrs/internal/query/handler/get_transaction_risk.go:29.9,31.3 1 0
github.com/hebertzin/cqrs/internal/query/handler/get_transaction_risk.go:33.2,34.16 2 0
github.com/hebertzin/cqrs/internal/query/handler/get_transaction_risk.go:34.16,36.3 1 0
github.com/hebertzin/cqrs/internal/query/handler/get_transaction_risk.go:38.2,39.18 2 0
github.com/hebertzin/cqrs/internal/query/model/transaction_risk_view.go:32.50,33.9 1 0
github.com/hebertzin/cqrs/internal/query/model/transaction_risk_view.go:34.20,35.23 1 0
github.com/hebertzin/cqrs/internal/query/model/transaction_risk_view.go:36.20,37.25 1 0
github.com/hebertzin/cqrs/internal/query/model/transaction_risk_view.go:38.10,39.22 1 0
github.com/hebertzin/cqrs/internal/application/bus/command_bus.go:24.34,26.2 1 0
github.com/hebertzin/cqrs/internal/application/bus/command_bus.go:28.75,30.2 1 0
github.com/hebertzin/cqrs/internal/application/bus/command_bus.go:32.112,34.9 2 0
github.com/hebertzin/cqrs/internal/application/bus/command_bus.go:34.9,36.3 1 0
github.com/hebertzin/cqrs/internal/application/bus/command_bus.go:37.2,37.37 1 0
github.com/hebertzin/cqrs/internal/application/bus/query_bus.go:21.30,23.2 1 0
github.com/hebertzin/cqrs/internal/application/bus/query_bus.go:25.69,27.2 1 0
github.com/hebertzin/cqrs/internal/application/bus/query_bus.go:29.99,31.9 2 0
github.com/hebertzin/cqrs/internal/application/bus/query_bus.go:31.9,33.3 1 0
github.com/hebertzin/cqrs/internal/application/bus/query_bus.go:34.2,34.35 1 0
github.com/hebertzin/cqrs/internal/command/handler/analyze_transaction.go:33.30,41.2 1 0
github.com/hebertzin/cqrs/internal/command/handler/analyze_transaction.go:43.109,45.9 2 0
github.com/hebertzin/cqrs/internal/command/handler/analyze_transaction.go:45.9,47.3 1 0
github.com/hebertzin/cqrs/internal/command/handler/analyze_transaction.go:49.2,61.9 5 0
github.com/hebertzin/cqrs/internal/command/handler/analyze_transaction.go:62.23,63.15 1 0
github.com/hebertzin/cqrs/internal/command/handler/analyze_transaction.go:64.25,65.12 1 0
github.com/hebertzin/cqrs/internal/command/handler/analyze_transaction.go:66.10,67.15 1 0
github.com/hebertzin/cqrs/internal/command/handler/analyze_transaction.go:70.2,70.50 1 0
github.com/hebertzin/cqrs/internal/command/handler/analyze_transaction.go:70.50,72.3 1 0
github.com/hebertzin/cqrs/internal/command/handler/analyze_transaction.go:74.2,81.53 3 0
github.com/hebertzin/cqrs/internal/command/handler/analyze_transaction.go:81.53,83.3 1 0
github.com/hebertzin/cqrs/internal/command/handler/analyze_transaction.go:85.2,90.8 1 0
github.com/hebertzin/cqrs/internal/command/handler/block_account.go:26.24,32.2 1 0
github.com/hebertzin/cqrs/internal/command/handler/block_account.go:34.103,36.9 2 0
github.com/hebertzin/cqrs/internal/command/handler/block_account.go:36.9,38.3 1 0
github.com/hebertzin/cqrs/internal/command/handler/block_account.go:40.2,41.16 2 0
github.com/hebertzin/cqrs/internal/command/handler/block_account.go:41.16,43.3 1 0
github.com/hebertzin/cqrs/internal/command/handler/block_account.go:45.2,45.25 1 0
github.com/hebertzin/cqrs/internal/command/handler/block_account.go:45.25,47.3 1 0
github.com/hebertzin/cqrs/internal/command/handler/block_account.go:49.2,51.59 2 0
github.com/hebertzin/cqrs/internal/command/handler/block_account.go:51.59,53.3 1 0
github.com/hebertzin/cqrs/internal/command/handler/block_account.go:55.2,62.53 3 0
github.com/hebertzin/cqrs/internal/command/handler/block_account.go:62.53,64.3 1 0
github.com/hebertzin/cqrs/internal/command/handler/block_account.go:66.2,66.17 1 0
github.com/hebertzin/cqrs/internal/command/handler/flag_transaction.go:26.27,32.2 1 0
github.com/hebertzin/cqrs/internal/command/handler/flag_transaction.go:34.106,36.9 2 0
github.com/hebertzin/cqrs/internal/command/handler/flag_transaction.go:36.9,38.3 1 0
github.com/hebertzin/cqrs/internal/command/handler/flag_transaction.go:40.2,41.16 2 0
github.com/hebertzin/cqrs/internal/command/handler/flag_transaction.go:41.16,43.3 1 0
github.com/hebertzin/cqrs/internal/command/handler/flag_transaction.go:45.2,47.52 2 0
github.com/hebertzin/cqrs/internal/command/handler/flag_transaction.go:47.52,49.3 1 0
github.com/hebertzin/cqrs/internal/command/handler/flag_transaction.go:51.2,58.53 3 0
github.com/hebertzin/cqrs/internal/command/handler/flag_transaction.go:58.53,60.3 1 0
github.com/hebertzin/cqrs/internal/command/handler/flag_transaction.go:62.2,62.17 1 0
github.com/hebertzin/cqrs/internal/config/config.go:30.20,50.2 4 2
github.com/hebertzin/cqrs/internal/config/config.go:52.42,53.34 1 14
github.com/hebertzin/cqrs/internal/config/config.go:53.34,55.3 1 4
github.com/hebertzin/cqrs/internal/config/config.go:56.2,56.17 1 10
github.com/hebertzin/cqrs/internal/domain/entity/account.go:27.44,36.2 2 0
github.com/hebertzin/cqrs/internal/domain/entity/account.go:38.27,43.2 4 0
github.com/hebertzin/cqrs/internal/domain/entity/account.go:45.26,48.2 2 0
github.com/hebertzin/cqrs/internal/domain/entity/account.go:50.30,54.2 3 0
github.com/hebertzin/cqrs/internal/domain/entity/account.go:56.36,58.2 1 0
github.com/hebertzin/cqrs/internal/domain/entity/account.go:60.50,63.2 2 0
github.com/hebertzin/cqrs/internal/domain/entity/transaction.go:32.110,45.2 2 0
github.com/hebertzin/cqrs/internal/domain/entity/transaction.go:47.33,50.2 2 0
github.com/hebertzin/cqrs/internal/domain/entity/transaction.go:52.33,55.2 2 0
github.com/hebertzin/cqrs/internal/domain/entity/transaction.go:57.30,60.2 2 0
github.com/hebertzin/cqrs/internal/domain/entity/transaction.go:62.51,65.2 2 0
github.com/hebertzin/cqrs/internal/domain/entity/transaction.go:67.41,69.2 1 0
github.com/hebertzin/cqrs/internal/domain/entity/transaction.go:71.43,73.2 1 0
github.com/hebertzin/cqrs/internal/domain/event/account_blocked.go:12.86,19.2 1 0
github.com/hebertzin/cqrs/internal/domain/event/event.go:32.58,39.2 1 0
github.com/hebertzin/cqrs/internal/domain/event/event.go:41.40,41.55 1 0
github.com/hebertzin/cqrs/internal/domain/event/event.go:42.40,42.62 1 0
github.com/hebertzin/cqrs/internal/domain/event/event.go:43.42,43.66 1 0
github.com/hebertzin/cqrs/internal/domain/event/event.go:44.42,44.65 1 0
github.com/hebertzin/cqrs/internal/domain/event/transaction_analyzed.go:21.90,34.2 1 0
github.com/hebertzin/cqrs/internal/domain/event/transaction_flagged.go:13.109,21.2 1 0
github.com/hebertzin/cqrs/internal/fraud/rules/amount_rule.go:15.51,17.2 1 0
github.com/hebertzin/cqrs/internal/fraud/rules/amount_rule.go:19.36,19.65 1 0
github.com/hebertzin/cqrs/internal/fraud/rules/amount_rule.go:21.81,22.29 1 0
github.com/hebertzin/cqrs/internal/fraud/rules/amount_rule.go:22.29,28.3 1 0
github.com/hebertzin/cqrs/internal/fraud/rules/amount_rule.go:29.2,29.17 1 0
github.com/hebertzin/cqrs/internal/fraud/rules/blacklist_rule.go:22.59,24.2 1 0
github.com/hebertzin/cqrs/internal/fraud/rules/blacklist_rule.go:26.39,26.61 1 0
github.com/hebertzin/cqrs/internal/fraud/rules/blacklist_rule.go:28.86,29.96 1 0
github.com/hebertzin/cqrs/internal/fraud/rules/blacklist_rule.go:29.96,35.3 1 0
github.com/hebertzin/cqrs/internal/fraud/rules/blacklist_rule.go:37.2,37.98 1 0
github.com/hebertzin/cqrs/internal/fraud/rules/blacklist_rule.go:37.98,43.3 1 0
github.com/hebertzin/cqrs/internal/fraud/rules/blacklist_rule.go:45.2,45.17 1 0
github.com/hebertzin/cqrs/internal/fraud/rules/engine.go:34.39,36.2 1 0
github.com/hebertzin/cqrs/internal/fraud/rules/engine.go:38.89,41.31 2 0
github.com/hebertzin/cqrs/internal/fraud/rules/engine.go:41.31,43.18 2 0
github.com/hebertzin/cqrs/internal/fraud/rules/engine.go:43.18,47.4 3 0
github.com/hebertzin/cqrs/internal/fraud/rules/engine.go:50.2,50.29 1 0
github.com/hebertzin/cqrs/internal/fraud/rules/engine.go:50.29,52.3 1 0
github.com/hebertzin/cqrs/internal/fraud/rules/engine.go:54.2,54.15 1 0
github.com/hebertzin/cqrs/internal/fraud/rules/location_rule.go:21.63,22.22 1 0
github.com/hebertzin/cqrs/internal/fraud/rules/location_rule.go:22.22,24.3 1 0
github.com/hebertzin/cqrs/internal/fraud/rules/location_rule.go:25.2,25.54 1 0
github.com/hebertzin/cqrs/internal/fraud/rules/location_rule.go:28.38,28.70 1 0
github.com/hebertzin/cqrs/internal/fraud/rules/location_rule.go:30.83,31.40 1 0
github.com/hebertzin/cqrs/internal/fraud/rules/location_rule.go:31.40,37.3 1 0
github.com/hebertzin/cqrs/internal/fraud/rules/location_rule.go:38.2,38.17 1 0
github.com/hebertzin/cqrs/internal/fraud/rules/velocity_rule.go:22.77,27.2 1 0
github.com/hebertzin/cqrs/internal/fraud/rules/velocity_rule.go:29.38,29.59 1 0
github.com/hebertzin/cqrs/internal/fraud/rules/velocity_rule.go:31.85,33.16 2 0
github.com/hebertzin/cqrs/internal/fraud/rules/velocity_rule.go:33.16,36.3 1 0
github.com/hebertzin/cqrs/internal/fraud/rules/velocity_rule.go:38.2,38.27 1 0
github.com/hebertzin/cqrs/internal/fraud/rules/velocity_rule.go:38.27,44.3 1 0
github.com/hebertzin/cqrs/internal/fraud/rules/velocity_rule.go:45.2,45.17 1 0
github.com/hebertzin/cqrs/internal/infrastructure/http/router.go:19.16,30.40 8 0
github.com/hebertzin/cqrs/internal/infrastructure/http/router.go:30.40,31.47 1 0
github.com/hebertzin/cqrs/internal/infrastructure/http/router.go:31.47,35.4 3 0
github.com/hebertzin/cqrs/internal/infrastructure/http/router.go:37.3,37.43 1 0
github.com/hebertzin/cqrs/internal/infrastructure/http/router.go:37.43,40.4 2 0
github.com/hebertzin/cqrs/internal/infrastructure/http/router.go:42.3,42.40 1 0
github.com/hebertzin/cqrs/internal/infrastructure/http/router.go:42.40,44.4 1 0
github.com/hebertzin/cqrs/internal/infrastructure/http/router.go:47.2,47.10 1 0
github.com/hebertzin/cqrs/internal/infrastructure/http/handler/account_handler.go:23.112,29.2 1 0
github.com/hebertzin/cqrs/internal/infrastructure/http/handler/account_handler.go:31.83,34.16 3 0
github.com/hebertzin/cqrs/internal/infrastructure/http/handler/account_handler.go:34.16,37.3 2 0
github.com/hebertzin/cqrs/internal/infrastructure/http/handler/account_handler.go:39.2,40.16 2 0
github.com/hebertzin/cqrs/internal/infrastructure/http/handler/account_handler.go:40.16,44.3 3 0
github.com/hebertzin/cqrs/internal/infrastructure/http/handler/account_handler.go:46.2,46.24 1 0
github.com/hebertzin/cqrs/internal/infrastructure/http/handler/account_handler.go:49.79,52.16 3 0
github.com/hebertzin/cqrs/internal/infrastructure/http/handler/account_handler.go:52.16,55.3 2 0
github.com/hebertzin/cqrs/internal/infrastructure/http/handler/account_handler.go:57.2,61.61 2 0
github.com/hebertzin/cqrs/internal/infrastructure/http/handler/account_handler.go:61.61,64.3 2 0
github.com/hebertzin/cqrs/internal/infrastructure/http/handler/account_handler.go:66.2,72.97 2 0
github.com/hebertzin/cqrs/internal/infrastructure/http/handler/account_handler.go:72.97,76.3 3 0
github.com/hebertzin/cqrs/internal/infrastructure/http/handler/account_handler.go:78.2,78.23 1 0
github.com/hebertzin/cqrs/internal/infrastructure/http/handler/account_handler.go:81.81,89.16 4 0
github.com/hebertzin/cqrs/internal/infrastructure/http/handler/account_handler.go:89.16,93.3 3 0
github.com/hebertzin/cqrs/internal/infrastructure/http/handler/account_handler.go:95.2,95.24 1 0
github.com/hebertzin/cqrs/internal/infrastructure/http/handler/health_handler.go:12.40,14.2 1 0
github.com/hebertzin/cqrs/internal/infrastructure/http/handler/health_handler.go:16.70,21.2 1 0
github.com/hebertzin/cqrs/internal/infrastructure/http/handler/health_handler.go:23.71,28.2 1 0
github.com/hebertzin/cqrs/internal/infrastructure/http/handler/transaction_handler.go:23.120,29.2 1 0
github.com/hebertzin/cqrs/internal/infrastructure/http/handler/transaction_handler.go:40.89,42.61 2 0
github.com/hebertzin/cqrs/internal/infrastructure/http/handler/transaction_handler.go:42.61,45.3 2 0
github.com/hebertzin/cqrs/internal/infrastructure/http/handler/transaction_handler.go:47.2,48.16 2 0
github.com/hebertzin/cqrs/internal/infrastructure/http/handler/transaction_handler.go:48.16,51.3 2 0
github.com/hebertzin/cqrs/internal/infrastructure/http/handler/transaction_handler.go:53.2,53.21 1 0
github.com/hebertzin/cqrs/internal/infrastructure/http/handler/transaction_handler.go:53.21,56.3 2 0
github.com/hebertzin/cqrs/internal/infrastructure/http/handler/transaction_handler.go:57.2,57.28 1 0
github.com/hebertzin/cqrs/internal/infrastructure/http/handler/transaction_handler.go:57.28,60.3 2 0
github.com/hebertzin/cqrs/internal/infrastructure/http/handler/transaction_handler.go:62.2,72.16 3 0
github.com/hebertzin/cqrs/internal/infrastructure/http/handler/transaction_handler.go:72.16,76.3 3 0
github.com/hebertzin/cqrs/internal/infrastructure/http/handler/transaction_handler.go:78.2,78.29 1 0
github.com/hebertzin/cqrs/internal/infrastructure/http/handler/transaction_handler.go:81.89,84.16 3 0
github.com/hebertzin/cqrs/internal/infrastructure/http/handler/transaction_handler.go:84.16,87.3 2 0
github.com/hebertzin/cqrs/internal/infrastructure/http/handler/transaction_handler.go:89.2,90.16 2 0
github.com/hebertzin/cqrs/internal/infrastructure/http/handler/transaction_handler.go:90.16,94.3 3 0
github.com/hebertzin/cqrs/internal/infrastructure/http/handler/transaction_handler.go:96.2,96.24 1 0
github.com/hebertzin/cqrs/internal/infrastructure/http/handler/transaction_handler.go:99.86,102.16 3 0
github.com/hebertzin/cqrs/internal/infrastructure/http/handler/transaction_handler.go:102.16,105.3 2 0
github.com/hebertzin/cqrs/internal/infrastructure/http/handler/transaction_handler.go:107.2,111.61 2 0
github.com/hebertzin/cqrs/internal/infrastructure/http/handler/transaction_handler.go:111.61,114.3 2 0
github.com/hebertzin/cqrs/internal/infrastructure/http/handler/transaction_handler.go:116.2,122.100 2 0
github.com/hebertzin/cqrs/internal/infrastructure/http/handler/transaction_handler.go:122.100,126.3 3 0
github.com/hebertzin/cqrs/internal/infrastructure/http/handler/transaction_handler.go:128.2,128.23 1 0
github.com/hebertzin/cqrs/internal/infrastructure/http/middleware/logger.go:10.65,11.46 1 0
github.com/hebertzin/cqrs/internal/infrastructure/http/middleware/logger.go:11.46,12.72 1 0
github.com/hebertzin/cqrs/internal/infrastructure/http/middleware/logger.go:12.72,25.4 4 0
github.com/hebertzin/cqrs/internal/infrastructure/http/middleware/logger.go:34.51,37.2 2 0
github.com/hebertzin/cqrs/internal/infrastructure/http/middleware/recover.go:11.66,12.46 1 0
github.com/hebertzin/cqrs/internal/infrastructure/http/middleware/recover.go:12.46,13.72 1 0
github.com/hebertzin/cqrs/internal/infrastructure/http/middleware/recover.go:13.72,14.17 1 0
github.com/hebertzin/cqrs/internal/infrastructure/http/middleware/recover.go:14.17,15.37 1 0
github.com/hebertzin/cqrs/internal/infrastructure/http/middleware/recover.go:15.37,21.6 2 0
github.com/hebertzin/cqrs/internal/infrastructure/http/middleware/recover.go:23.4,23.24 1 0
github.com/hebertzin/cqrs/internal/infrastructure/http/response/response.go:13.64,17.2 3 0
github.com/hebertzin/cqrs/internal/infrastructure/http/response/response.go:19.63,24.2 1 0
github.com/hebertzin/cqrs/internal/infrastructure/http/response/response.go:26.55,28.2 1 0
github.com/hebertzin/cqrs/internal/infrastructure/http/response/response.go:30.50,32.2 1 0
github.com/hebertzin/cqrs/internal/infrastructure/http/response/response.go:34.39,36.2 1 0
github.com/hebertzin/cqrs/internal/infrastructure/messaging/inmemory/event_bus.go:21.48,26.2 1 0
github.com/hebertzin/cqrs/internal/infrastructure/messaging/inmemory/event_bus.go:28.70,33.9 4 0
github.com/hebertzin/cqrs/internal/infrastructure/messaging/inmemory/event_bus.go:33.9,35.3 1 0
github.com/hebertzin/cqrs/internal/infrastructure/messaging/inmemory/event_bus.go:37.2,37.29 1 0
github.com/hebertzin/cqrs/internal/infrastructure/messaging/inmemory/event_bus.go:37.29,38.35 1 0
github.com/hebertzin/cqrs/internal/infrastructure/messaging/inmemory/event_bus.go:38.35,44.4 1 0
github.com/hebertzin/cqrs/internal/infrastructure/messaging/inmemory/event_bus.go:46.2,46.12 1 0
github.com/hebertzin/cqrs/internal/infrastructure/messaging/inmemory/event_bus.go:49.78,53.2 3 0
github.com/hebertzin/cqrs/internal/infrastructure/projector/account_projector.go:19.114,21.2 1 0
github.com/hebertzin/cqrs/internal/infrastructure/projector/account_projector.go:23.60,25.2 1 0
github.com/hebertzin/cqrs/internal/infrastructure/projector/account_projector.go:27.87,29.9 2 0
github.com/hebertzin/cqrs/internal/infrastructure/projector/account_projector.go:29.9,31.3 1 0
github.com/hebertzin/cqrs/internal/infrastructure/projector/account_projector.go:33.2,34.16 2 0
github.com/hebertzin/cqrs/internal/infrastructure/projector/account_projector.go:34.16,37.3 2 0
github.com/hebertzin/cqrs/internal/infrastructure/projector/account_projector.go:39.2,43.42 4 0
github.com/hebertzin/cqrs/internal/infrastructure/projector/transaction_projector.go:25.25,31.2 1 0
github.com/hebertzin/cqrs/internal/infrastructure/projector/transaction_projector.go:34.64,37.2 2 0
github.com/hebertzin/cqrs/internal/infrastructure/projector/transaction_projector.go:39.96,41.9 2 0
github.com/hebertzin/cqrs/internal/infrastructure/projector/transaction_projector.go:41.9,43.3 1 0
github.com/hebertzin/cqrs/internal/infrastructure/projector/transaction_projector.go:45.2,60.53 2 0
github.com/hebertzin/cqrs/internal/infrastructure/projector/transaction_projector.go:60.53,63.3 2 0
github.com/hebertzin/cqrs/internal/infrastructure/projector/transaction_projector.go:65.2,65.88 1 0
github.com/hebertzin/cqrs/internal/infrastructure/projector/transaction_projector.go:65.88,67.3 1 0
github.com/hebertzin/cqrs/internal/infrastructure/projector/transaction_projector.go:69.2,69.26 1 0
github.com/hebertzin/cqrs/internal/infrastructure/projector/transaction_projector.go:69.26,70.85 1 0
github.com/hebertzin/cqrs/internal/infrastructure/projector/transaction_projector.go:70.85,72.4 1 0
github.com/hebertzin/cqrs/internal/infrastructure/projector/transaction_projector.go:75.2,75.26 1 0
github.com/hebertzin/cqrs/internal/infrastructure/projector/transaction_projector.go:75.26,76.86 1 0
github.com/hebertzin/cqrs/internal/infrastructure/projector/transaction_projector.go:76.86,78.4 1 0
github.com/hebertzin/cqrs/internal/infrastructure/projector/transaction_projector.go:81.2,81.12 1 0
github.com/hebertzin/cqrs/internal/infrastructure/projector/transaction_projector.go:84.95,86.9 2 0
github.com/hebertzin/cqrs/internal/infrastructure/projector/transaction_projector.go:86.9,88.3 1 0
github.com/hebertzin/cqrs/internal/infrastructure/projector/transaction_projector.go:90.2,91.16 2 0
github.com/hebertzin/cqrs/internal/infrastructure/projector/transaction_projector.go:91.16,94.3 2 0
github.com/hebertzin/cqrs/internal/infrastructure/projector/transaction_projector.go:96.2,99.37 3 0
github.com/hebertzin/cqrs/internal/query/handler/get_account_status.go:22.101,24.2 1 0
github.com/hebertzin/cqrs/internal/query/handler/get_account_status.go:26.97,28.9 2 0
github.com/hebertzin/cqrs/internal/query/handler/get_account_status.go:28.9,30.3 1 0
github.com/hebertzin/cqrs/internal/query/handler/get_account_status.go:32.2,33.16 2 0
github.com/hebertzin/cqrs/internal/query/handler/get_account_status.go:33.16,35.3 1 0
github.com/hebertzin/cqrs/internal/query/handler/get_account_status.go:37.2,37.18 1 0
github.com/hebertzin/cqrs/internal/query/handler/get_fraud_alerts.go:22.101,24.2 1 0
github.com/hebertzin/cqrs/internal/query/handler/get_fraud_alerts.go:26.95,28.9 2 0
github.com/hebertzin/cqrs/internal/query/handler/get_fraud_alerts.go:28.9,30.3 1 0
github.com/hebertzin/cqrs/internal/query/handler/get_fraud_alerts.go:32.2,32.20 1 0
github.com/hebertzin/cqrs/internal/query/handler/get_fraud_alerts.go:32.20,34.3 1 0
github.com/hebertzin/cqrs/internal/query/handler/get_fraud_alerts.go:35.2,35.42 1 0
github.com/hebertzin/cqrs/internal/query/handler/get_fraud_alerts.go:35.42,37.3 1 0
github.com/hebertzin/cqrs/internal/query/handler/get_fraud_alerts.go:39.2,40.16 2 0
github.com/hebertzin/cqrs/internal/query/handler/get_fraud_alerts.go:40.16,42.3 1 0
github.com/hebertzin/cqrs/internal/query/handler/get_fraud_alerts.go:44.2,44.20 1 0
github.com/hebertzin/cqrs/internal/query/handler/get_transaction_risk.go:23.109,25.2 1 0
github.com/hebertzin/cqrs/internal/query/handler/get_transaction_risk.go:27.99,29.9 2 0
github.com/hebertzin/cqrs/internal/query/handler/get_transaction_risk.go:29.9,31.3 1 0
github.com/hebertzin/cqrs/internal/query/handler/get_transaction_risk.go:33.2,34.16 2 0
github.com/hebertzin/cqrs/internal/query/handler/get_transaction_risk.go:34.16,36.3 1 0
github.com/hebertzin/cqrs/internal/query/handler/get_transaction_risk.go:38.2,39.18 2 0
github.com/hebertzin/cqrs/internal/query/model/transaction_risk_view.go:32.50,33.9 1 0
github.com/hebertzin/cqrs/internal/query/model/transaction_risk_view.go:34.20,35.23 1 0
github.com/hebertzin/cqrs/internal/query/model/transaction_risk_view.go:36.20,37.25 1 0
github.com/hebertzin/cqrs/internal/query/model/transaction_risk_view.go:38.10,39.22 1 0
github.com/hebertzin/cqrs/internal/application/bus/command_bus.go:24.34,26.2 1 0
github.com/hebertzin/cqrs/internal/application/bus/command_bus.go:28.75,30.2 1 0
github.com/hebertzin/cqrs/internal/application/bus/command_bus.go:32.112,34.9 2 0
github.com/hebertzin/cqrs/internal/application/bus/command_bus.go:34.9,36.3 1 0
github.com/hebertzin/cqrs/internal/application/bus/command_bus.go:37.2,37.37 1 0
github.com/hebertzin/cqrs/internal/application/bus/query_bus.go:21.30,23.2 1 0
github.com/hebertzin/cqrs/internal/application/bus/query_bus.go:25.69,27.2 1 0
github.com/hebertzin/cqrs/internal/application/bus/query_bus.go:29.99,31.9 2 0
github.com/hebertzin/cqrs/internal/application/bus/query_bus.go:31.9,33.3 1 0
github.com/hebertzin/cqrs/internal/application/bus/query_bus.go:34.2,34.35 1 0
github.com/hebertzin/cqrs/internal/command/handler/analyze_transaction.go:33.30,41.2 1 0
github.com/hebertzin/cqrs/internal/command/handler/analyze_transaction.go:43.109,45.9 2 0
github.com/hebertzin/cqrs/internal/command/handler/analyze_transaction.go:45.9,47.3 1 0
github.com/hebertzin/cqrs/internal/command/handler/analyze_transaction.go:49.2,61.9 5 0
github.com/hebertzin/cqrs/internal/command/handler/analyze_transaction.go:62.23,63.15 1 0
github.com/hebertzin/cqrs/internal/command/handler/analyze_transaction.go:64.25,65.12 1 0
github.com/hebertzin/cqrs/internal/command/handler/analyze_transaction.go:66.10,67.15 1 0
github.com/hebertzin/cqrs/internal/command/handler/analyze_transaction.go:70.2,70.50 1 0
github.com/hebertzin/cqrs/internal/command/handler/analyze_transaction.go:70.50,72.3 1 0
github.com/hebertzin/cqrs/internal/command/handler/analyze_transaction.go:74.2,81.53 3 0
github.com/hebertzin/cqrs/internal/command/handler/analyze_transaction.go:81.53,83.3 1 0
github.com/hebertzin/cqrs/internal/command/handler/analyze_transaction.go:85.2,90.8 1 0
github.com/hebertzin/cqrs/internal/command/handler/block_account.go:26.24,32.2 1 0
github.com/hebertzin/cqrs/internal/command/handler/block_account.go:34.103,36.9 2 0
github.com/hebertzin/cqrs/internal/command/handler/block_account.go:36.9,38.3 1 0
github.com/hebertzin/cqrs/internal/command/handler/block_account.go:40.2,41.16 2 0
github.com/hebertzin/cqrs/internal/command/handler/block_account.go:41.16,43.3 1 0
github.com/hebertzin/cqrs/internal/command/handler/block_account.go:45.2,45.25 1 0
github.com/hebertzin/cqrs/internal/command/handler/block_account.go:45.25,47.3 1 0
github.com/hebertzin/cqrs/internal/command/handler/block_account.go:49.2,51.59 2 0
github.com/hebertzin/cqrs/internal/command/handler/block_account.go:51.59,53.3 1 0
github.com/hebertzin/cqrs/internal/command/handler/block_account.go:55.2,62.53 3 0
github.com/hebertzin/cqrs/internal/command/handler/block_account.go:62.53,64.3 1 0
github.com/hebertzin/cqrs/internal/command/handler/block_account.go:66.2,66.17 1 0
github.com/hebertzin/cqrs/internal/command/handler/flag_transaction.go:26.27,32.2 1 0
github.com/hebertzin/cqrs/internal/command/handler/flag_transaction.go:34.106,36.9 2 0
github.com/hebertzin/cqrs/internal/command/handler/flag_transaction.go:36.9,38.3 1 0
github.com/hebertzin/cqrs/internal/command/handler/flag_transaction.go:40.2,41.16 2 0
github.com/hebertzin/cqrs/internal/command/handler/flag_transaction.go:41.16,43.3 1 0
github.com/hebertzin/cqrs/internal/command/handler/flag_transaction.go:45.2,47.52 2 0
github.com/hebertzin/cqrs/internal/command/handler/flag_transaction.go:47.52,49.3 1 0
github.com/hebertzin/cqrs/internal/command/handler/flag_transaction.go:51.2,58.53 3 0
github.com/hebertzin/cqrs/internal/command/handler/flag_transaction.go:58.53,60.3 1 0
github.com/hebertzin/cqrs/internal/command/handler/flag_transaction.go:62.2,62.17 1 0
github.com/hebertzin/cqrs/internal/config/config.go:30.20,50.2 4 0
github.com/hebertzin/cqrs/internal/config/config.go:52.42,53.34 1 0
github.com/hebertzin/cqrs/internal/config/config.go:53.34,55.3 1 0
github.com/hebertzin/cqrs/internal/config/config.go:56.2,56.17 1 0
github.com/hebertzin/cqrs/internal/domain/entity/account.go:27.44,36.2 2 5
github.com/hebertzin/cqrs/internal/domain/entity/account.go:38.27,43.2 4 2
github.com/hebertzin/cqrs/internal/domain/entity/account.go:45.26,48.2 2 1
github.com/hebertzin/cqrs/internal/domain/entity/account.go:50.30,54.2 3 1
github.com/hebertzin/cqrs/internal/domain/entity/account.go:56.36,58.2 1 4
github.com/hebertzin/cqrs/internal/domain/entity/account.go:60.50,63.2 2 1
github.com/hebertzin/cqrs/internal/domain/entity/transaction.go:32.110,45.2 2 6
github.com/hebertzin/cqrs/internal/domain/entity/transaction.go:47.33,50.2 2 1
github.com/hebertzin/cqrs/internal/domain/entity/transaction.go:52.33,55.2 2 1
github.com/hebertzin/cqrs/internal/domain/entity/transaction.go:57.30,60.2 2 1
github.com/hebertzin/cqrs/internal/domain/entity/transaction.go:62.51,65.2 2 4
github.com/hebertzin/cqrs/internal/domain/entity/transaction.go:67.41,69.2 1 3
github.com/hebertzin/cqrs/internal/domain/entity/transaction.go:71.43,73.2 1 3
github.com/hebertzin/cqrs/internal/domain/event/account_blocked.go:12.86,19.2 1 0
github.com/hebertzin/cqrs/internal/domain/event/event.go:32.58,39.2 1 0
github.com/hebertzin/cqrs/internal/domain/event/event.go:41.40,41.55 1 0
github.com/hebertzin/cqrs/internal/domain/event/event.go:42.40,42.62 1 0
github.com/hebertzin/cqrs/internal/domain/event/event.go:43.42,43.66 1 0
github.com/hebertzin/cqrs/internal/domain/event/event.go:44.42,44.65 1 0
github.com/hebertzin/cqrs/internal/domain/event/transaction_analyzed.go:21.90,34.2 1 0
github.com/hebertzin/cqrs/internal/domain/event/transaction_flagged.go:13.109,21.2 1 0
github.com/hebertzin/cqrs/internal/fraud/rules/amount_rule.go:15.51,17.2 1 0
github.com/hebertzin/cqrs/internal/fraud/rules/amount_rule.go:19.36,19.65 1 0
github.com/hebertzin/cqrs/internal/fraud/rules/amount_rule.go:21.81,22.29 1 0
github.com/hebertzin/cqrs/internal/fraud/rules/amount_rule.go:22.29,28.3 1 0
github.com/hebertzin/cqrs/internal/fraud/rules/amount_rule.go:29.2,29.17 1 0
github.com/hebertzin/cqrs/internal/fraud/rules/blacklist_rule.go:22.59,24.2 1 0
github.com/hebertzin/cqrs/internal/fraud/rules/blacklist_rule.go:26.39,26.61 1 0
github.com/hebertzin/cqrs/internal/fraud/rules/blacklist_rule.go:28.86,29.96 1 0
github.com/hebertzin/cqrs/internal/fraud/rules/blacklist_rule.go:29.96,35.3 1 0
github.com/hebertzin/cqrs/internal/fraud/rules/blacklist_rule.go:37.2,37.98 1 0
github.com/hebertzin/cqrs/internal/fraud/rules/blacklist_rule.go:37.98,43.3 1 0
github.com/hebertzin/cqrs/internal/fraud/rules/blacklist_rule.go:45.2,45.17 1 0
github.com/hebertzin/cqrs/internal/fraud/rules/engine.go:34.39,36.2 1 0
github.com/hebertzin/cqrs/internal/fraud/rules/engine.go:38.89,41.31 2 0
github.com/hebertzin/cqrs/internal/fraud/rules/engine.go:41.31,43.18 2 0
github.com/hebertzin/cqrs/internal/fraud/rules/engine.go:43.18,47.4 3 0
github.com/hebertzin/cqrs/internal/fraud/rules/engine.go:50.2,50.29 1 0
github.com/hebertzin/cqrs/internal/fraud/rules/engine.go:50.29,52.3 1 0
github.com/hebertzin/cqrs/internal/fraud/rules/engine.go:54.2,54.15 1 0
github.com/hebertzin/cqrs/internal/fraud/rules/location_rule.go:21.63,22.22 1 0
github.com/hebertzin/cqrs/internal/fraud/rules/location_rule.go:22.22,24.3 1 0
github.com/hebertzin/cqrs/internal/fraud/rules/location_rule.go:25.2,25.54 1 0
github.com/hebertzin/cqrs/internal/fraud/rules/location_rule.go:28.38,28.70 1 0
github.com/hebertzin/cqrs/internal/fraud/rules/location_rule.go:30.83,31.40 1 0
github.com/hebertzin/cqrs/internal/fraud/rules/location_rule.go:31.40,37.3 1 0
github.com/hebertzin/cqrs/internal/fraud/rules/location_rule.go:38.2,38.17 1 0
github.com/hebertzin/cqrs/internal/fraud/rules/velocity_rule.go:22.77,27.2 1 0
github.com/hebertzin/cqrs/internal/fraud/rules/velocity_rule.go:29.38,29.59 1 0
github.com/hebertzin/cqrs/internal/fraud/rules/velocity_rule.go:31.85,33.16 2 0
github.com/hebertzin/cqrs/internal/fraud/rules/velocity_rule.go:33.16,36.3 1 0
github.com/hebertzin/cqrs/internal/fraud/rules/velocity_rule.go:38.2,38.27 1 0
github.com/hebertzin/cqrs/internal/fraud/rules/velocity_rule.go:38.27,44.3 1 0
github.com/hebertzin/cqrs/internal/fraud/rules/velocity_rule.go:45.2,45.17 1 0
github.com/hebertzin/cqrs/internal/infrastructure/http/router.go:19.16,30.40 8 0
github.com/hebertzin/cqrs/internal/infrastructure/http/router.go:30.40,31.47 1 0
github.com/hebertzin/cqrs/internal/infrastructure/http/router.go:31.47,35.4 3 0
github.com/hebertzin/cqrs/internal/infrastructure/http/router.go:37.3,37.43 1 0
github.com/hebertzin/cqrs/internal/infrastructure/http/router.go:37.43,40.4 2 0
github.com/hebertzin/cqrs/internal/infrastructure/http/router.go:42.3,42.40 1 0
github.com/hebertzin/cqrs/internal/infrastructure/http/router.go:42.40,44.4 1 0
github.com/hebertzin/cqrs/internal/infrastructure/http/router.go:47.2,47.10 1 0
github.com/hebertzin/cqrs/internal/infrastructure/http/handler/account_handler.go:23.112,29.2 1 0
github.com/hebertzin/cqrs/internal/infrastructure/http/handler/account_handler.go:31.83,34.16 3 0
github.com/hebertzin/cqrs/internal/infrastructure/http/handler/account_handler.go:34.16,37.3 2 0
github.com/hebertzin/cqrs/internal/infrastructure/http/handler/account_handler.go:39.2,40.16 2 0
github.com/hebertzin/cqrs/internal/infrastructure/http/handler/account_handler.go:40.16,44.3 3 0
github.com/hebertzin/cqrs/internal/infrastructure/http/handler/account_handler.go:46.2,46.24 1 0
github.com/hebertzin/cqrs/internal/infrastructure/http/handler/account_handler.go:49.79,52.16 3 0
github.com/hebertzin/cqrs/internal/infrastructure/http/handler/account_handler.go:52.16,55.3 2 0
github.com/hebertzin/cqrs/internal/infrastructure/http/handler/account_handler.go:57.2,61.61 2 0
github.com/hebertzin/cqrs/internal/infrastructure/http/handler/account_handler.go:61.61,64.3 2 0
github.com/hebertzin/cqrs/internal/infrastructure/http/handler/account_handler.go:66.2,72.97 2 0
github.com/hebertzin/cqrs/internal/infrastructure/http/handler/account_handler.go:72.97,76.3 3 0
github.com/hebertzin/cqrs/internal/infrastructure/http/handler/account_handler.go:78.2,78.23 1 0
github.com/hebertzin/cqrs/internal/infrastructure/http/handler/account_handler.go:81.81,89.16 4 0
github.com/hebertzin/cqrs/internal/infrastructure/http/handler/account_handler.go:89.16,93.3 3 0
github.com/hebertzin/cqrs/internal/infrastructure/http/handler/account_handler.go:95.2,95.24 1 0
github.com/hebertzin/cqrs/internal/infrastructure/http/handler/health_handler.go:12.40,14.2 1 0
github.com/hebertzin/cqrs/internal/infrastructure/http/handler/health_handler.go:16.70,21.2 1 0
github.com/hebertzin/cqrs/internal/infrastructure/http/handler/health_handler.go:23.71,28.2 1 0
github.com/hebertzin/cqrs/internal/infrastructure/http/handler/transaction_handler.go:23.120,29.2 1 0
github.com/hebertzin/cqrs/internal/infrastructure/http/handler/transaction_handler.go:40.89,42.61 2 0
github.com/hebertzin/cqrs/internal/infrastructure/http/handler/transaction_handler.go:42.61,45.3 2 0
github.com/hebertzin/cqrs/internal/infrastructure/http/handler/transaction_handler.go:47.2,48.16 2 0
github.com/hebertzin/cqrs/internal/infrastructure/http/handler/transaction_handler.go:48.16,51.3 2 0
github.com/hebertzin/cqrs/internal/infrastructure/http/handler/transaction_handler.go:53.2,53.21 1 0
github.com/hebertzin/cqrs/internal/infrastructure/http/handler/transaction_handler.go:53.21,56.3 2 0
github.com/hebertzin/cqrs/internal/infrastructure/http/handler/transaction_handler.go:57.2,57.28 1 0
github.com/hebertzin/cqrs/internal/infrastructure/http/handler/transaction_handler.go:57.28,60.3 2 0
github.com/hebertzin/cqrs/internal/infrastructure/http/handler/transaction_handler.go:62.2,72.16 3 0
github.com/hebertzin/cqrs/internal/infrastructure/http/handler/transaction_handler.go:72.16,76.3 3 0
github.com/hebertzin/cqrs/internal/infrastructure/http/handler/transaction_handler.go:78.2,78.29 1 0
github.com/hebertzin/cqrs/internal/infrastructure/http/handler/transaction_handler.go:81.89,84.16 3 0
github.com/hebertzin/cqrs/internal/infrastructure/http/handler/transaction_handler.go:84.16,87.3 2 0
github.com/hebertzin/cqrs/internal/infrastructure/http/handler/transaction_handler.go:89.2,90.16 2 0
github.com/hebertzin/cqrs/internal/infrastructure/http/handler/transaction_handler.go:90.16,94.3 3 0
github.com/hebertzin/cqrs/internal/infrastructure/http/handler/transaction_handler.go:96.2,96.24 1 0
github.com/hebertzin/cqrs/internal/infrastructure/http/handler/transaction_handler.go:99.86,102.16 3 0
github.com/hebertzin/cqrs/internal/infrastructure/http/handler/transaction_handler.go:102.16,105.3 2 0
github.com/hebertzin/cqrs/internal/infrastructure/http/handler/transaction_handler.go:107.2,111.61 2 0
github.com/hebertzin/cqrs/internal/infrastructure/http/handler/transaction_handler.go:111.61,114.3 2 0
github.com/hebertzin/cqrs/internal/infrastructure/http/handler/transaction_handler.go:116.2,122.100 2 0
github.com/hebertzin/cqrs/internal/infrastructure/http/handler/transaction_handler.go:122.100,126.3 3 0
github.com/hebertzin/cqrs/internal/infrastructure/http/handler/transaction_handler.go:128.2,128.23 1 0
github.com/hebertzin/cqrs/internal/infrastructure/http/middleware/logger.go:10.65,11.46 1 0
github.com/hebertzin/cqrs/internal/infrastructure/http/middleware/logger.go:11.46,12.72 1 0
github.com/hebertzin/cqrs/internal/infrastructure/http/middleware/logger.go:12.72,25.4 4 0
github.com/hebertzin/cqrs/internal/infrastructure/http/middleware/logger.go:34.51,37.2 2 0
github.com/hebertzin/cqrs/internal/infrastructure/http/middleware/recover.go:11.66,12.46 1 0
github.com/hebertzin/cqrs/internal/infrastructure/http/middleware/recover.go:12.46,13.72 1 0
github.com/hebertzin/cqrs/internal/infrastructure/http/middleware/recover.go:13.72,14.17 1 0
github.com/hebertzin/cqrs/internal/infrastructure/http/middleware/recover.go:14.17,15.37 1 0
github.com/hebertzin/cqrs/internal/infrastructure/http/middleware/recover.go:15.37,21.6 2 0
github.com/hebertzin/cqrs/internal/infrastructure/http/middleware/recover.go:23.4,23.24 1 0
github.com/hebertzin/cqrs/internal/infrastructure/http/response/response.go:13.64,17.2 3 0
github.com/hebertzin/cqrs/internal/infrastructure/http/response/response.go:19.63,24.2 1 0
github.com/hebertzin/cqrs/internal/infrastructure/http/response/response.go:26.55,28.2 1 0
github.com/hebertzin/cqrs/internal/infrastructure/http/response/response.go:30.50,32.2 1 0
github.com/hebertzin/cqrs/internal/infrastructure/http/response/response.go:34.39,36.2 1 0
github.com/hebertzin/cqrs/internal/infrastructure/messaging/inmemory/event_bus.go:21.48,26.2 1 0
github.com/hebertzin/cqrs/internal/infrastructure/messaging/inmemory/event_bus.go:28.70,33.9 4 0
github.com/hebertzin/cqrs/internal/infrastructure/messaging/inmemory/event_bus.go:33.9,35.3 1 0
github.com/hebertzin/cqrs/internal/infrastructure/messaging/inmemory/event_bus.go:37.2,37.29 1 0
github.com/hebertzin/cqrs/internal/infrastructure/messaging/inmemory/event_bus.go:37.29,38.35 1 0
github.com/hebertzin/cqrs/internal/infrastructure/messaging/inmemory/event_bus.go:38.35,44.4 1 0
github.com/hebertzin/cqrs/internal/infrastructure/messaging/inmemory/event_bus.go:46.2,46.12 1 0
github.com/hebertzin/cqrs/internal/infrastructure/messaging/inmemory/event_bus.go:49.78,53.2 3 0
github.com/hebertzin/cqrs/internal/infrastructure/projector/account_projector.go:19.114,21.2 1 0
github.com/hebertzin/cqrs/internal/infrastructure/projector/account_projector.go:23.60,25.2 1 0
github.com/hebertzin/cqrs/internal/infrastructure/projector/account_projector.go:27.87,29.9 2 0
github.com/hebertzin/cqrs/internal/infrastructure/projector/account_projector.go:29.9,31.3 1 0
github.com/hebertzin/cqrs/internal/infrastructure/projector/account_projector.go:33.2,34.16 2 0
github.com/hebertzin/cqrs/internal/infrastructure/projector/account_projector.go:34.16,37.3 2 0
github.com/hebertzin/cqrs/internal/infrastructure/projector/account_projector.go:39.2,43.42 4 0
github.com/hebertzin/cqrs/internal/infrastructure/projector/transaction_projector.go:25.25,31.2 1 0
github.com/hebertzin/cqrs/internal/infrastructure/projector/transaction_projector.go:34.64,37.2 2 0
github.com/hebertzin/cqrs/internal/infrastructure/projector/transaction_projector.go:39.96,41.9 2 0
github.com/hebertzin/cqrs/internal/infrastructure/projector/transaction_projector.go:41.9,43.3 1 0
github.com/hebertzin/cqrs/internal/infrastructure/projector/transaction_projector.go:45.2,60.53 2 0
github.com/hebertzin/cqrs/internal/infrastructure/projector/transaction_projector.go:60.53,63.3 2 0
github.com/hebertzin/cqrs/internal/infrastructure/projector/transaction_projector.go:65.2,65.88 1 0
github.com/hebertzin/cqrs/internal/infrastructure/projector/transaction_projector.go:65.88,67.3 1 0
github.com/hebertzin/cqrs/internal/infrastructure/projector/transaction_projector.go:69.2,69.26 1 0
github.com/hebertzin/cqrs/internal/infrastructure/projector/transaction_projector.go:69.26,70.85 1 0
github.com/hebertzin/cqrs/internal/infrastructure/projector/transaction_projector.go:70.85,72.4 1 0
github.com/hebertzin/cqrs/internal/infrastructure/projector/transaction_projector.go:75.2,75.26 1 0
github.com/hebertzin/cqrs/internal/infrastructure/projector/transaction_projector.go:75.26,76.86 1 0
github.com/hebertzin/cqrs/internal/infrastructure/projector/transaction_projector.go:76.86,78.4 1 0
github.com/hebertzin/cqrs/internal/infrastructure/projector/transaction_projector.go:81.2,81.12 1 0
github.com/hebertzin/cqrs/internal/infrastructure/projector/transaction_projector.go:84.95,86.9 2 0
github.com/hebertzin/cqrs/internal/infrastructure/projector/transaction_projector.go:86.9,88.3 1 0
github.com/hebertzin/cqrs/internal/infrastructure/projector/transaction_projector.go:90.2,91.16 2 0
github.com/hebertzin/cqrs/internal/infrastructure/projector/transaction_projector.go:91.16,94.3 2 0
github.com/hebertzin/cqrs/internal/infrastructure/projector/transaction_projector.go:96.2,99.37 3 0
github.com/hebertzin/cqrs/internal/query/handler/get_account_status.go:22.101,24.2 1 0
github.com/hebertzin/cqrs/internal/query/handler/get_account_status.go:26.97,28.9 2 0
github.com/hebertzin/cqrs/internal/query/handler/get_account_status.go:28.9,30.3 1 0
github.com/hebertzin/cqrs/internal/query/handler/get_account_status.go:32.2,33.16 2 0
github.com/hebertzin/cqrs/internal/query/handler/get_account_status.go:33.16,35.3 1 0
github.com/hebertzin/cqrs/internal/query/handler/get_account_status.go:37.2,37.18 1 0
github.com/hebertzin/cqrs/internal/query/handler/get_fraud_alerts.go:22.101,24.2 1 0
github.com/hebertzin/cqrs/internal/query/handler/get_fraud_alerts.go:26.95,28.9 2 0
github.com/hebertzin/cqrs/internal/query/handler/get_fraud_alerts.go:28.9,30.3 1 0
github.com/hebertzin/cqrs/internal/query/handler/get_fraud_alerts.go:32.2,32.20 1 0
github.com/hebertzin/cqrs/internal/query/handler/get_fraud_alerts.go:32.20,34.3 1 0
github.com/hebertzin/cqrs/internal/query/handler/get_fraud_alerts.go:35.2,35.42 1 0
github.com/hebertzin/cqrs/internal/query/handler/get_fraud_alerts.go:35.42,37.3 1 0
github.com/hebertzin/cqrs/internal/query/handler/get_fraud_alerts.go:39.2,40.16 2 0
github.com/hebertzin/cqrs/internal/query/handler/get_fraud_alerts.go:40.16,42.3 1 0
github.com/hebertzin/cqrs/internal/query/handler/get_fraud_alerts.go:44.2,44.20 1 0
github.com/hebertzin/cqrs/internal/query/handler/get_transaction_risk.go:23.109,25.2 1 0
github.com/hebertzin/cqrs/internal/query/handler/get_transaction_risk.go:27.99,29.9 2 0
github.com/hebertzin/cqrs/internal/query/handler/get_transaction_risk.go:29.9,31.3 1 0
github.com/hebertzin/cqrs/internal/query/handler/get_transaction_risk.go:33.2,34.16 2 0
github.com/hebertzin/cqrs/internal/query/handler/get_transaction_risk.go:34.16,36.3 1 0
github.com/hebertzin/cqrs/internal/query/handler/get_transaction_risk.go:38.2,39.18 2 0
github.com/hebertzin/cqrs/internal/query/model/transaction_risk_view.go:32.50,33.9 1 0
github.com/hebertzin/cqrs/internal/query/model/transaction_risk_view.go:34.20,35.23 1 0
github.com/hebertzin/cqrs/internal/query/model/transaction_risk_view.go:36.20,37.25 1 0
github.com/hebertzin/cqrs/internal/query/model/transaction_risk_view.go:38.10,39.22 1 0
github.com/hebertzin/cqrs/internal/application/bus/command_bus.go:24.34,26.2 1 0
github.com/hebertzin/cqrs/internal/application/bus/command_bus.go:28.75,30.2 1 0
github.com/hebertzin/cqrs/internal/application/bus/command_bus.go:32.112,34.9 2 0
github.com/hebertzin/cqrs/internal/application/bus/command_bus.go:34.9,36.3 1 0
github.com/hebertzin/cqrs/internal/application/bus/command_bus.go:37.2,37.37 1 0
github.com/hebertzin/cqrs/internal/application/bus/query_bus.go:21.30,23.2 1 0
github.com/hebertzin/cqrs/internal/application/bus/query_bus.go:25.69,27.2 1 0
github.com/hebertzin/cqrs/internal/application/bus/query_bus.go:29.99,31.9 2 0
github.com/hebertzin/cqrs/internal/application/bus/query_bus.go:31.9,33.3 1 0
github.com/hebertzin/cqrs/internal/application/bus/query_bus.go:34.2,34.35 1 0
github.com/hebertzin/cqrs/internal/command/handler/analyze_transaction.go:33.30,41.2 1 0
github.com/hebertzin/cqrs/internal/command/handler/analyze_transaction.go:43.109,45.9 2 0
github.com/hebertzin/cqrs/internal/command/handler/analyze_transaction.go:45.9,47.3 1 0
github.com/hebertzin/cqrs/internal/command/handler/analyze_transaction.go:49.2,61.9 5 0
github.com/hebertzin/cqrs/internal/command/handler/analyze_transaction.go:62.23,63.15 1 0
github.com/hebertzin/cqrs/internal/command/handler/analyze_transaction.go:64.25,65.12 1 0
github.com/hebertzin/cqrs/internal/command/handler/analyze_transaction.go:66.10,67.15 1 0
github.com/hebertzin/cqrs/internal/command/handler/analyze_transaction.go:70.2,70.50 1 0
github.com/hebertzin/cqrs/internal/command/handler/analyze_transaction.go:70.50,72.3 1 0
github.com/hebertzin/cqrs/internal/command/handler/analyze_transaction.go:74.2,81.53 3 0
github.com/hebertzin/cqrs/internal/command/handler/analyze_transaction.go:81.53,83.3 1 0
github.com/hebertzin/cqrs/internal/command/handler/analyze_transaction.go:85.2,90.8 1 0
github.com/hebertzin/cqrs/internal/command/handler/block_account.go:26.24,32.2 1 0
github.com/hebertzin/cqrs/internal/command/handler/block_account.go:34.103,36.9 2 0
github.com/hebertzin/cqrs/internal/command/handler/block_account.go:36.9,38.3 1 0
github.com/hebertzin/cqrs/internal/command/handler/block_account.go:40.2,41.16 2 0
github.com/hebertzin/cqrs/internal/command/handler/block_account.go:41.16,43.3 1 0
github.com/hebertzin/cqrs/internal/command/handler/block_account.go:45.2,45.25 1 0
github.com/hebertzin/cqrs/internal/command/handler/block_account.go:45.25,47.3 1 0
github.com/hebertzin/cqrs/internal/command/handler/block_account.go:49.2,51.59 2 0
github.com/hebertzin/cqrs/internal/command/handler/block_account.go:51.59,53.3 1 0
github.com/hebertzin/cqrs/internal/command/handler/block_account.go:55.2,62.53 3 0
github.com/hebertzin/cqrs/internal/command/handler/block_account.go:62.53,64.3 1 0
github.com/hebertzin/cqrs/internal/command/handler/block_account.go:66.2,66.17 1 0
github.com/hebertzin/cqrs/internal/command/handler/flag_transaction.go:26.27,32.2 1 0
github.com/hebertzin/cqrs/internal/command/handler/flag_transaction.go:34.106,36.9 2 0
github.com/hebertzin/cqrs/internal/command/handler/flag_transaction.go:36.9,38.3 1 0
github.com/hebertzin/cqrs/internal/command/handler/flag_transaction.go:40.2,41.16 2 0
github.com/hebertzin/cqrs/internal/command/handler/flag_transaction.go:41.16,43.3 1 0
github.com/hebertzin/cqrs/internal/command/handler/flag_transaction.go:45.2,47.52 2 0
github.com/hebertzin/cqrs/internal/command/handler/flag_transaction.go:47.52,49.3 1 0
github.com/hebertzin/cqrs/internal/command/handler/flag_transaction.go:51.2,58.53 3 0
github.com/hebertzin/cqrs/internal/command/handler/flag_transaction.go:58.53,60.3 1 0
github.com/hebertzin/cqrs/internal/command/handler/flag_transaction.go:62.2,62.17 1 0
github.com/hebertzin/cqrs/internal/config/config.go:30.20,50.2 4 0
github.com/hebertzin/cqrs/internal/config/config.go:52.42,53.34 1 0
github.com/hebertzin/cqrs/internal/config/config.go:53.34,55.3 1 0
github.com/hebertzin/cqrs/internal/config/config.go:56.2,56.17 1 0
github.com/hebertzin/cqrs/internal/domain/entity/account.go:27.44,36.2 2 0
github.com/hebertzin/cqrs/internal/domain/entity/account.go:38.27,43.2 4 0
github.com/hebertzin/cqrs/internal/domain/entity/account.go:45.26,48.2 2 0
github.com/hebertzin/cqrs/internal/domain/entity/account.go:50.30,54.2 3 0
github.com/hebertzin/cqrs/internal/domain/entity/account.go:56.36,58.2 1 0
github.com/hebertzin/cqrs/internal/domain/entity/account.go:60.50,63.2 2 0
github.com/hebertzin/cqrs/internal/domain/entity/transaction.go:32.110,45.2 2 1
github.com/hebertzin/cqrs/internal/domain/entity/transaction.go:47.33,50.2 2 0
github.com/hebertzin/cqrs/internal/domain/entity/transaction.go:52.33,55.2 2 0
github.com/hebertzin/cqrs/internal/domain/entity/transaction.go:57.30,60.2 2 1
github.com/hebertzin/cqrs/internal/domain/entity/transaction.go:62.51,65.2 2 1
github.com/hebertzin/cqrs/internal/domain/entity/transaction.go:67.41,69.2 1 0
github.com/hebertzin/cqrs/internal/domain/entity/transaction.go:71.43,73.2 1 0
github.com/hebertzin/cqrs/internal/domain/event/account_blocked.go:12.86,19.2 1 1
github.com/hebertzin/cqrs/internal/domain/event/event.go:32.58,39.2 1 4
github.com/hebertzin/cqrs/internal/domain/event/event.go:41.40,41.55 1 1
github.com/hebertzin/cqrs/internal/domain/event/event.go:42.40,42.62 1 4
github.com/hebertzin/cqrs/internal/domain/event/event.go:43.42,43.66 1 1
github.com/hebertzin/cqrs/internal/domain/event/event.go:44.42,44.65 1 1
github.com/hebertzin/cqrs/internal/domain/event/transaction_analyzed.go:21.90,34.2 1 1
github.com/hebertzin/cqrs/internal/domain/event/transaction_flagged.go:13.109,21.2 1 1
github.com/hebertzin/cqrs/internal/fraud/rules/amount_rule.go:15.51,17.2 1 0
github.com/hebertzin/cqrs/internal/fraud/rules/amount_rule.go:19.36,19.65 1 0
github.com/hebertzin/cqrs/internal/fraud/rules/amount_rule.go:21.81,22.29 1 0
github.com/hebertzin/cqrs/internal/fraud/rules/amount_rule.go:22.29,28.3 1 0
github.com/hebertzin/cqrs/internal/fraud/rules/amount_rule.go:29.2,29.17 1 0
github.com/hebertzin/cqrs/internal/fraud/rules/blacklist_rule.go:22.59,24.2 1 0
github.com/hebertzin/cqrs/internal/fraud/rules/blacklist_rule.go:26.39,26.61 1 0
github.com/hebertzin/cqrs/internal/fraud/rules/blacklist_rule.go:28.86,29.96 1 0
github.com/hebertzin/cqrs/internal/fraud/rules/blacklist_rule.go:29.96,35.3 1 0
github.com/hebertzin/cqrs/internal/fraud/rules/blacklist_rule.go:37.2,37.98 1 0
github.com/hebertzin/cqrs/internal/fraud/rules/blacklist_rule.go:37.98,43.3 1 0
github.com/hebertzin/cqrs/internal/fraud/rules/blacklist_rule.go:45.2,45.17 1 0
github.com/hebertzin/cqrs/internal/fraud/rules/engine.go:34.39,36.2 1 0
github.com/hebertzin/cqrs/internal/fraud/rules/engine.go:38.89,41.31 2 0
github.com/hebertzin/cqrs/internal/fraud/rules/engine.go:41.31,43.18 2 0
github.com/hebertzin/cqrs/internal/fraud/rules/engine.go:43.18,47.4 3 0
github.com/hebertzin/cqrs/internal/fraud/rules/engine.go:50.2,50.29 1 0
github.com/hebertzin/cqrs/internal/fraud/rules/engine.go:50.29,52.3 1 0
github.com/hebertzin/cqrs/internal/fraud/rules/engine.go:54.2,54.15 1 0
github.com/hebertzin/cqrs/internal/fraud/rules/location_rule.go:21.63,22.22 1 0
github.com/hebertzin/cqrs/internal/fraud/rules/location_rule.go:22.22,24.3 1 0
github.com/hebertzin/cqrs/internal/fraud/rules/location_rule.go:25.2,25.54 1 0
github.com/hebertzin/cqrs/internal/fraud/rules/location_rule.go:28.38,28.70 1 0
github.com/hebertzin/cqrs/internal/fraud/rules/location_rule.go:30.83,31.40 1 0
github.com/hebertzin/cqrs/internal/fraud/rules/location_rule.go:31.40,37.3 1 0
github.com/hebertzin/cqrs/internal/fraud/rules/location_rule.go:38.2,38.17 1 0
github.com/hebertzin/cqrs/internal/fraud/rules/velocity_rule.go:22.77,27.2 1 0
github.com/hebertzin/cqrs/internal/fraud/rules/velocity_rule.go:29.38,29.59 1 0
github.com/hebertzin/cqrs/internal/fraud/rules/velocity_rule.go:31.85,33.16 2 0
github.com/hebertzin/cqrs/internal/fraud/rules/velocity_rule.go:33.16,36.3 1 0
github.com/hebertzin/cqrs/internal/fraud/rules/velocity_rule.go:38.2,38.27 1 0
github.com/hebertzin/cqrs/internal/fraud/rules/velocity_rule.go:38.27,44.3 1 0
github.com/hebertzin/cqrs/internal/fraud/rules/velocity_rule.go:45.2,45.17 1 0
github.com/hebertzin/cqrs/internal/infrastructure/http/router.go:19.16,30.40 8 0
github.com/hebertzin/cqrs/internal/infrastructure/http/router.go:30.40,31.47 1 0
github.com/hebertzin/cqrs/internal/infrastructure/http/router.go:31.47,35.4 3 0
github.com/hebertzin/cqrs/internal/infrastructure/http/router.go:37.3,37.43 1 0
github.com/hebertzin/cqrs/internal/infrastructure/http/router.go:37.43,40.4 2 0
github.com/hebertzin/cqrs/internal/infrastructure/http/router.go:42.3,42.40 1 0
github.com/hebertzin/cqrs/internal/infrastructure/http/router.go:42.40,44.4 1 0
github.com/hebertzin/cqrs/internal/infrastructure/http/router.go:47.2,47.10 1 0
github.com/hebertzin/cqrs/internal/infrastructure/http/handler/account_handler.go:23.112,29.2 1 0
github.com/hebertzin/cqrs/internal/infrastructure/http/handler/account_handler.go:31.83,34.16 3 0
github.com/hebertzin/cqrs/internal/infrastructure/http/handler/account_handler.go:34.16,37.3 2 0
github.com/hebertzin/cqrs/internal/infrastructure/http/handler/account_handler.go:39.2,40.16 2 0
github.com/hebertzin/cqrs/internal/infrastructure/http/handler/account_handler.go:40.16,44.3 3 0
github.com/hebertzin/cqrs/internal/infrastructure/http/handler/account_handler.go:46.2,46.24 1 0
github.com/hebertzin/cqrs/internal/infrastructure/http/handler/account_handler.go:49.79,52.16 3 0
github.com/hebertzin/cqrs/internal/infrastructure/http/handler/account_handler.go:52.16,55.3 2 0
github.com/hebertzin/cqrs/internal/infrastructure/http/handler/account_handler.go:57.2,61.61 2 0
github.com/hebertzin/cqrs/internal/infrastructure/http/handler/account_handler.go:61.61,64.3 2 0
github.com/hebertzin/cqrs/internal/infrastructure/http/handler/account_handler.go:66.2,72.97 2 0
github.com/hebertzin/cqrs/internal/infrastructure/http/handler/account_handler.go:72.97,76.3 3 0
github.com/hebertzin/cqrs/internal/infrastructure/http/handler/account_handler.go:78.2,78.23 1 0
github.com/hebertzin/cqrs/internal/infrastructure/http/handler/account_handler.go:81.81,89.16 4 0
github.com/hebertzin/cqrs/internal/infrastructure/http/handler/account_handler.go:89.16,93.3 3 0
github.com/hebertzin/cqrs/internal/infrastructure/http/handler/account_handler.go:95.2,95.24 1 0
github.com/hebertzin/cqrs/internal/infrastructure/http/handler/health_handler.go:12.40,14.2 1 0
github.com/hebertzin/cqrs/internal/infrastructure/http/handler/health_handler.go:16.70,21.2 1 0
github.com/hebertzin/cqrs/internal/infrastructure/http/handler/health_handler.go:23.71,28.2 1 0
github.com/hebertzin/cqrs/internal/infrastructure/http/handler/transaction_handler.go:23.120,29.2 1 0
github.com/hebertzin/cqrs/internal/infrastructure/http/handler/transaction_handler.go:40.89,42.61 2 0
github.com/hebertzin/cqrs/internal/infrastructure/http/handler/transaction_handler.go:42.61,45.3 2 0
github.com/hebertzin/cqrs/internal/infrastructure/http/handler/transaction_handler.go:47.2,48.16 2 0
github.com/hebertzin/cqrs/internal/infrastructure/http/handler/transaction_handler.go:48.16,51.3 2 0
github.com/hebertzin/cqrs/internal/infrastructure/http/handler/transaction_handler.go:53.2,53.21 1 0
github.com/hebertzin/cqrs/internal/infrastructure/http/handler/transaction_handler.go:53.21,56.3 2 0
github.com/hebertzin/cqrs/internal/infrastructure/http/handler/transaction_handler.go:57.2,57.28 1 0
github.com/hebertzin/cqrs/internal/infrastructure/http/handler/transaction_handler.go:57.28,60.3 2 0
github.com/hebertzin/cqrs/internal/infrastructure/http/handler/transaction_handler.go:62.2,72.16 3 0
github.com/hebertzin/cqrs/internal/infrastructure/http/handler/transaction_handler.go:72.16,76.3 3 0
github.com/hebertzin/cqrs/internal/infrastructure/http/handler/transaction_handler.go:78.2,78.29 1 0
github.com/hebertzin/cqrs/internal/infrastructure/http/handler/transaction_handler.go:81.89,84.16 3 0
github.com/hebertzin/cqrs/internal/infrastructure/http/handler/transaction_handler.go:84.16,87.3 2 0
github.com/hebertzin/cqrs/internal/infrastructure/http/handler/transaction_handler.go:89.2,90.16 2 0
github.com/hebertzin/cqrs/internal/infrastructure/http/handler/transaction_handler.go:90.16,94.3 3 0
github.com/hebertzin/cqrs/internal/infrastructure/http/handler/transaction_handler.go:96.2,96.24 1 0
github.com/hebertzin/cqrs/internal/infrastructure/http/handler/transaction_handler.go:99.86,102.16 3 0
github.com/hebertzin/cqrs/internal/infrastructure/http/handler/transaction_handler.go:102.16,105.3 2 0
github.com/hebertzin/cqrs/internal/infrastructure/http/handler/transaction_handler.go:107.2,111.61 2 0
github.com/hebertzin/cqrs/internal/infrastructure/http/handler/transaction_handler.go:111.61,114.3 2 0
github.com/hebertzin/cqrs/internal/infrastructure/http/handler/transaction_handler.go:116.2,122.100 2 0
github.com/hebertzin/cqrs/internal/infrastructure/http/handler/transaction_handler.go:122.100,126.3 3 0
github.com/hebertzin/cqrs/internal/infrastructure/http/handler/transaction_handler.go:128.2,128.23 1 0
github.com/hebertzin/cqrs/internal/infrastructure/http/middleware/logger.go:10.65,11.46 1 0
github.com/hebertzin/cqrs/internal/infrastructure/http/middleware/logger.go:11.46,12.72 1 0
github.com/hebertzin/cqrs/internal/infrastructure/http/middleware/logger.go:12.72,25.4 4 0
github.com/hebertzin/cqrs/internal/infrastructure/http/middleware/logger.go:34.51,37.2 2 0
github.com/hebertzin/cqrs/internal/infrastructure/http/middleware/recover.go:11.66,12.46 1 0
github.com/hebertzin/cqrs/internal/infrastructure/http/middleware/recover.go:12.46,13.72 1 0
github.com/hebertzin/cqrs/internal/infrastructure/http/middleware/recover.go:13.72,14.17 1 0
github.com/hebertzin/cqrs/internal/infrastructure/http/middleware/recover.go:14.17,15.37 1 0
github.com/hebertzin/cqrs/internal/infrastructure/http/middleware/recover.go:15.37,21.6 2 0
github.com/hebertzin/cqrs/internal/infrastructure/http/middleware/recover.go:23.4,23.24 1 0
github.com/hebertzin/cqrs/internal/infrastructure/http/response/response.go:13.64,17.2 3 0
github.com/hebertzin/cqrs/internal/infrastructure/http/response/response.go:19.63,24.2 1 0
github.com/hebertzin/cqrs/internal/infrastructure/http/response/response.go:26.55,28.2 1 0
github.com/hebertzin/cqrs/internal/infrastructure/http/response/response.go:30.50,32.2 1 0
github.com/hebertzin/cqrs/internal/infrastructure/http/response/response.go:34.39,36.2 1 0
github.com/hebertzin/cqrs/internal/infrastructure/messaging/inmemory/event_bus.go:21.48,26.2 1 0
github.com/hebertzin/cqrs/internal/infrastructure/messaging/inmemory/event_bus.go:28.70,33.9 4 0
github.com/hebertzin/cqrs/internal/infrastructure/messaging/inmemory/event_bus.go:33.9,35.3 1 0
github.com/hebertzin/cqrs/internal/infrastructure/messaging/inmemory/event_bus.go:37.2,37.29 1 0
github.com/hebertzin/cqrs/internal/infrastructure/messaging/inmemory/event_bus.go:37.29,38.35 1 0
github.com/hebertzin/cqrs/internal/infrastructure/messaging/inmemory/event_bus.go:38.35,44.4 1 0
github.com/hebertzin/cqrs/internal/infrastructure/messaging/inmemory/event_bus.go:46.2,46.12 1 0
github.com/hebertzin/cqrs/internal/infrastructure/messaging/inmemory/event_bus.go:49.78,53.2 3 0
github.com/hebertzin/cqrs/internal/infrastructure/projector/account_projector.go:19.114,21.2 1 0
github.com/hebertzin/cqrs/internal/infrastructure/projector/account_projector.go:23.60,25.2 1 0
github.com/hebertzin/cqrs/internal/infrastructure/projector/account_projector.go:27.87,29.9 2 0
github.com/hebertzin/cqrs/internal/infrastructure/projector/account_projector.go:29.9,31.3 1 0
github.com/hebertzin/cqrs/internal/infrastructure/projector/account_projector.go:33.2,34.16 2 0
github.com/hebertzin/cqrs/internal/infrastructure/projector/account_projector.go:34.16,37.3 2 0
github.com/hebertzin/cqrs/internal/infrastructure/projector/account_projector.go:39.2,43.42 4 0
github.com/hebertzin/cqrs/internal/infrastructure/projector/transaction_projector.go:25.25,31.2 1 0
github.com/hebertzin/cqrs/internal/infrastructure/projector/transaction_projector.go:34.64,37.2 2 0
github.com/hebertzin/cqrs/internal/infrastructure/projector/transaction_projector.go:39.96,41.9 2 0
github.com/hebertzin/cqrs/internal/infrastructure/projector/transaction_projector.go:41.9,43.3 1 0
github.com/hebertzin/cqrs/internal/infrastructure/projector/transaction_projector.go:45.2,60.53 2 0
github.com/hebertzin/cqrs/internal/infrastructure/projector/transaction_projector.go:60.53,63.3 2 0
github.com/hebertzin/cqrs/internal/infrastructure/projector/transaction_projector.go:65.2,65.88 1 0
github.com/hebertzin/cqrs/internal/infrastructure/projector/transaction_projector.go:65.88,67.3 1 0
github.com/hebertzin/cqrs/internal/infrastructure/projector/transaction_projector.go:69.2,69.26 1 0
github.com/hebertzin/cqrs/internal/infrastructure/projector/transaction_projector.go:69.26,70.85 1 0
github.com/hebertzin/cqrs/internal/infrastructure/projector/transaction_projector.go:70.85,72.4 1 0
github.com/hebertzin/cqrs/internal/infrastructure/projector/transaction_projector.go:75.2,75.26 1 0
github.com/hebertzin/cqrs/internal/infrastructure/projector/transaction_projector.go:75.26,76.86 1 0
github.com/hebertzin/cqrs/internal/infrastructure/projector/transaction_projector.go:76.86,78.4 1 0
github.com/hebertzin/cqrs/internal/infrastructure/projector/transaction_projector.go:81.2,81.12 1 0
github.com/hebertzin/cqrs/internal/infrastructure/projector/transaction_projector.go:84.95,86.9 2 0
github.com/hebertzin/cqrs/internal/infrastructure/projector/transaction_projector.go:86.9,88.3 1 0
github.com/hebertzin/cqrs/internal/infrastructure/projector/transaction_projector.go:90.2,91.16 2 0
github.com/hebertzin/cqrs/internal/infrastructure/projector/transaction_projector.go:91.16,94.3 2 0
github.com/hebertzin/cqrs/internal/infrastructure/projector/transaction_projector.go:96.2,99.37 3 0
github.com/hebertzin/cqrs/internal/query/handler/get_account_status.go:22.101,24.2 1 0
github.com/hebertzin/cqrs/internal/query/handler/get_account_status.go:26.97,28.9 2 0
github.com/hebertzin/cqrs/internal/query/handler/get_account_status.go:28.9,30.3 1 0
github.com/hebertzin/cqrs/internal/query/handler/get_account_status.go:32.2,33.16 2 0
github.com/hebertzin/cqrs/internal/query/handler/get_account_status.go:33.16,35.3 1 0
github.com/hebertzin/cqrs/internal/query/handler/get_account_status.go:37.2,37.18 1 0
github.com/hebertzin/cqrs/internal/query/handler/get_fraud_alerts.go:22.101,24.2 1 0
github.com/hebertzin/cqrs/internal/query/handler/get_fraud_alerts.go:26.95,28.9 2 0
github.com/hebertzin/cqrs/internal/query/handler/get_fraud_alerts.go:28.9,30.3 1 0
github.com/hebertzin/cqrs/internal/query/handler/get_fraud_alerts.go:32.2,32.20 1 0
github.com/hebertzin/cqrs/internal/query/handler/get_fraud_alerts.go:32.20,34.3 1 0
github.com/hebertzin/cqrs/internal/query/handler/get_fraud_alerts.go:35.2,35.42 1 0
github.com/hebertzin/cqrs/internal/query/handler/get_fraud_alerts.go:35.42,37.3 1 0
github.com/hebertzin/cqrs/internal/query/handler/get_fraud_alerts.go:39.2,40.16 2 0
github.com/hebertzin/cqrs/internal/query/handler/get_fraud_alerts.go:40.16,42.3 1 0
github.com/hebertzin/cqrs/internal/query/handler/get_fraud_alerts.go:44.2,44.20 1 0
github.com/hebertzin/cqrs/internal/query/handler/get_transaction_risk.go:23.109,25.2 1 0
[...]
github.com/hebertzin/cqrs/internal/application/bus/command_bus.go:34.9,36.3 1 0
github.com/hebertzin/cqrs/internal/application/bus/command_bus.go:37.2,37.37 1 0
github.com/hebertzin/cqrs/internal/application/bus/query_bus.go:21.30,23.2 1 4
github.com/hebertzin/cqrs/internal/application/bus/query_bus.go:25.69,27.2 1 12
github.com/hebertzin/cqrs/internal/application/bus/query_bus.go:29.99,31.9 2 0
github.com/hebertzin/cqrs/internal/application/bus/query_bus.go:31.9,33.3 1 0
github.com/hebertzin/cqrs/internal/application/bus/query_bus.go:34.2,34.35 1 0
github.com/hebertzin/cqrs/internal/command/handler/analyze_transaction.go:33.30,41.2 1 0
github.com/hebertzin/cqrs/internal/command/handler/analyze_transaction.go:43.109,45.9 2 0
github.com/hebertzin/cqrs/internal/command/handler/analyze_transaction.go:45.9,47.3 1 0
github.com/hebertzin/cqrs/internal/command/handler/analyze_transaction.go:49.2,61.9 5 0
github.com/hebertzin/cqrs/internal/command/handler/analyze_transaction.go:62.23,63.15 1 0
github.com/hebertzin/cqrs/internal/command/handler/analyze_transaction.go:64.25,65.12 1 0
github.com/hebertzin/cqrs/internal/command/handler/analyze_transaction.go:66.10,67.15 1 0
github.com/hebertzin/cqrs/internal/command/handler/analyze_transaction.go:70.2,70.50 1 0
github.com/hebertzin/cqrs/internal/command/handler/analyze_transaction.go:70.50,72.3 1 0
github.com/hebertzin/cqrs/internal/command/handler/analyze_transaction.go:74.2,81.53 3 0
github.com/hebertzin/cqrs/internal/command/handler/analyze_transaction.go:81.53,83.3 1 0
github.com/hebertzin/cqrs/internal/command/handler/analyze_transaction.go:85.2,90.8 1 0
github.com/hebertzin/cqrs/internal/command/handler/block_account.go:26.24,32.2 1 0
github.com/hebertzin/cqrs/internal/command/handler/block_account.go:34.103,36.9 2 0
github.com/hebertzin/cqrs/internal/command/handler/block_account.go:36.9,38.3 1 0
github.com/hebertzin/cqrs/internal/command/handler/block_account.go:40.2,41.16 2 0
github.com/hebertzin/cqrs/internal/command/handler/block_account.go:41.16,43.3 1 0
github.com/hebertzin/cqrs/internal/command/handler/block_account.go:45.2,45.25 1 0
github.com/hebertzin/cqrs/internal/command/handler/block_account.go:45.25,47.3 1 0
github.com/hebertzin/cqrs/internal/command/handler/block_account.go:49.2,51.59 2 0
github.com/hebertzin/cqrs/internal/command/handler/block_account.go:51.59,53.3 1 0
github.com/hebertzin/cqrs/internal/command/handler/block_account.go:55.2,62.53 3 0
github.com/hebertzin/cqrs/internal/command/handler/block_account.go:62.53,64.3 1 0
github.com/hebertzin/cqrs/internal/command/handler/block_account.go:66.2,66.17 1 0
github.com/hebertzin/cqrs/internal/command/handler/flag_transaction.go:26.27,32.2 1 0
github.com/hebertzin/cqrs/internal/command/handler/flag_transaction.go:34.106,36.9 2 0
github.com/hebertzin/cqrs/internal/command/handler/flag_transaction.go:36.9,38.3 1 0
github.com/hebertzin/cqrs/internal/command/handler/flag_transaction.go:40.2,41.16 2 0
github.com/hebertzin/cqrs/internal/command/handler/flag_transaction.go:41.16,43.3 1 0
github.com/hebertzin/cqrs/internal/command/handler/flag_transaction.go:45.2,47.52 2 0
github.com/hebertzin/cqrs/internal/command/handler/flag_transaction.go:47.52,49.3 1 0
github.com/hebertzin/cqrs/internal/command/handler/flag_transaction.go:51.2,58.53 3 0
github.com/hebertzin/cqrs/internal/command/handler/flag_transaction.go:58.53,60.3 1 0
github.com/hebertzin/cqrs/internal/command/handler/flag_transaction.go:62.2,62.17 1 0
github.com/hebertzin/cqrs/internal/config/config.go:30.20,50.2 4 0
github.com/hebertzin/cqrs/internal/config/config.go:52.42,53.34 1 0
github.com/hebertzin/cqrs/internal/config/config.go:53.34,55.3 1 0
github.com/hebertzin/cqrs/internal/config/config.go:56.2,56.17 1 0
github.com/hebertzin/cqrs/internal/domain/entity/account.go:27.44,36.2 2 0
github.com/hebertzin/cqrs/internal/domain/entity/account.go:38.27,43.2 4 0
github.com/hebertzin/cqrs/internal/domain/entity/account.go:45.26,48.2 2 0
github.com/hebertzin/cqrs/internal/domain/entity/account.go:50.30,54.2 3 0
github.com/hebertzin/cqrs/internal/domain/entity/account.go:56.36,58.2 1 0
github.com/hebertzin/cqrs/internal/domain/entity/account.go:60.50,63.2 2 0
github.com/hebertzin/cqrs/internal/domain/entity/transaction.go:32.110,45.2 2 0
github.com/hebertzin/cqrs/internal/domain/entity/transaction.go:47.33,50.2 2 0
github.com/hebertzin/cqrs/internal/domain/entity/transaction.go:52.33,55.2 2 0
github.com/hebertzin/cqrs/internal/domain/entity/transaction.go:57.30,60.2 2 0
github.com/hebertzin/cqrs/internal/domain/entity/transaction.go:62.51,65.2 2 0
github.com/hebertzin/cqrs/internal/domain/entity/transaction.go:67.41,69.2 1 0
github.com/hebertzin/cqrs/internal/domain/entity/transaction.go:71.43,73.2 1 0
github.com/hebertzin/cqrs/internal/domain/event/account_blocked.go:12.86,19.2 1 0
github.com/hebertzin/cqrs/internal/domain/event/event.go:32.58,39.2 1 0
github.com/hebertzin/cqrs/internal/domain/event/event.go:41.40,41.55 1 0
github.com/hebertzin/cqrs/internal/domain/event/event.go:42.40,42.62 1 0
github.com/hebertzin/cqrs/internal/domain/event/event.go:43.42,43.66 1 0
github.com/hebertzin/cqrs/internal/domain/event/event.go:44.42,44.65 1 0
github.com/hebertzin/cqrs/internal/domain/event/transaction_analyzed.go:21.90,34.2 1 0
github.com/hebertzin/cqrs/internal/domain/event/transaction_flagged.go:13.109,21.2 1 0
github.com/hebertzin/cqrs/internal/fraud/rules/amount_rule.go:15.51,17.2 1 0
github.com/hebertzin/cqrs/internal/fraud/rules/amount_rule.go:19.36,19.65 1 0
github.com/hebertzin/cqrs/internal/fraud/rules/amount_rule.go:21.81,22.29 1 0
github.com/hebertzin/cqrs/internal/fraud/rules/amount_rule.go:22.29,28.3 1 0
github.com/hebertzin/cqrs/internal/fraud/rules/amount_rule.go:29.2,29.17 1 0
github.com/hebertzin/cqrs/internal/fraud/rules/blacklist_rule.go:22.59,24.2 1 0
github.com/hebertzin/cqrs/internal/fraud/rules/blacklist_rule.go:26.39,26.61 1 0
github.com/hebertzin/cqrs/internal/fraud/rules/blacklist_rule.go:28.86,29.96 1 0
github.com/hebertzin/cqrs/internal/fraud/rules/blacklist_rule.go:29.96,35.3 1 0
github.com/hebertzin/cqrs/internal/fraud/rules/blacklist_rule.go:37.2,37.98 1 0
github.com/hebertzin/cqrs/internal/fraud/rules/blacklist_rule.go:37.98,43.3 1 0
github.com/hebertzin/cqrs/internal/fraud/rules/blacklist_rule.go:45.2,45.17 1 0
github.com/hebertzin/cqrs/internal/fraud/rules/engine.go:34.39,36.2 1 0
github.com/hebertzin/cqrs/internal/fraud/rules/engine.go:38.89,41.31 2 0
github.com/hebertzin/cqrs/internal/fraud/rules/engine.go:41.31,43.18 2 0
github.com/hebertzin/cqrs/internal/fraud/rules/engine.go:43.18,47.4 3 0
github.com/hebertzin/cqrs/internal/fraud/rules/engine.go:50.2,50.29 1 0
github.com/hebertzin/cqrs/internal/fraud/rules/engine.go:50.29,52.3 1 0
github.com/hebertzin/cqrs/internal/fraud/rules/engine.go:54.2,54.15 1 0
github.com/hebertzin/cqrs/internal/fraud/rules/location_rule.go:21.63,22.22 1 0
github.com/hebertzin/cqrs/internal/fraud/rules/location_rule.go:22.22,24.3 1 0
github.com/hebertzin/cqrs/internal/fraud/rules/location_rule.go:25.2,25.54 1 0
github.com/hebertzin/cqrs/internal/fraud/rules/location_rule.go:28.38,28.70 1 0
github.com/hebertzin/cqrs/internal/fraud/rules/location_rule.go:30.83,31.40 1 0
github.com/hebertzin/cqrs/internal/fraud/rules/location_rule.go:31.40,37.3 1 0
github.com/hebertzin/cqrs/internal/fraud/rules/location_rule.go:38.2,38.17 1 0
github.com/hebertzin/cqrs/internal/fraud/rules/velocity_rule.go:22.77,27.2 1 0
github.com/hebertzin/cqrs/internal/fraud/rules/velocity_rule.go:29.38,29.59 1 0
github.com/hebertzin/cqrs/internal/fraud/rules/velocity_rule.go:31.85,33.16 2 0
github.com/hebertzin/cqrs/internal/fraud/rules/velocity_rule.go:33.16,36.3 1 0
github.com/hebertzin/cqrs/internal/fraud/rules/velocity_rule.go:38.2,38.27 1 0
github.com/hebertzin/cqrs/internal/fraud/rules/velocity_rule.go:38.27,44.3 1 0
github.com/hebertzin/cqrs/internal/fraud/rules/velocity_rule.go:45.2,45.17 1 0
github.com/hebertzin/cqrs/internal/infrastructure/http/router.go:19.16,30.40 8 4
github.com/hebertzin/cqrs/internal/infrastructure/http/router.go:30.40,31.47 1 4
github.com/hebertzin/cqrs/internal/infrastructure/http/router.go:31.47,35.4 3 4
github.com/hebertzin/cqrs/internal/infrastructure/http/router.go:37.3,37.43 1 4
github.com/hebertzin/cqrs/internal/infrastructure/http/router.go:37.43,40.4 2 4
github.com/hebertzin/cqrs/internal/infrastructure/http/router.go:42.3,42.40 1 4
github.com/hebertzin/cqrs/internal/infrastructure/http/router.go:42.40,44.4 1 4
github.com/hebertzin/cqrs/internal/infrastructure/http/router.go:47.2,47.10 1 4
github.com/hebertzin/cqrs/internal/infrastructure/http/handler/account_handler.go:23.112,29.2 1 4
github.com/hebertzin/cqrs/internal/infrastructure/http/handler/account_handler.go:31.83,34.16 3 0
github.com/hebertzin/cqrs/internal/infrastructure/http/handler/account_handler.go:34.16,37.3 2 0
github.com/hebertzin/cqrs/internal/infrastructure/http/handler/account_handler.go:39.2,40.16 2 0
github.com/hebertzin/cqrs/internal/infrastructure/http/handler/account_handler.go:40.16,44.3 3 0
github.com/hebertzin/cqrs/internal/infrastructure/http/handler/account_handler.go:46.2,46.24 1 0
github.com/hebertzin/cqrs/internal/infrastructure/http/handler/account_handler.go:49.79,52.16 3 0
github.com/hebertzin/cqrs/internal/infrastructure/http/handler/account_handler.go:52.16,55.3 2 0
github.com/hebertzin/cqrs/internal/infrastructure/http/handler/account_handler.go:57.2,61.61 2 0
github.com/hebertzin/cqrs/internal/infrastructure/http/handler/account_handler.go:61.61,64.3 2 0
github.com/hebertzin/cqrs/internal/infrastructure/http/handler/account_handler.go:66.2,72.97 2 0
github.com/hebertzin/cqrs/internal/infrastructure/http/handler/account_handler.go:72.97,76.3 3 0
github.com/hebertzin/cqrs/internal/infrastructure/http/handler/account_handler.go:78.2,78.23 1 0
github.com/hebertzin/cqrs/internal/infrastructure/http/handler/account_handler.go:81.81,89.16 4 0
github.com/hebertzin/cqrs/internal/infrastructure/http/handler/account_handler.go:89.16,93.3 3 0
github.com/hebertzin/cqrs/internal/infrastructure/http/handler/account_handler.go:95.2,95.24 1 0
github.com/hebertzin/cqrs/internal/infrastructure/http/handler/health_handler.go:12.40,14.2 1 4
github.com/hebertzin/cqrs/internal/infrastructure/http/handler/health_handler.go:16.70,21.2 1 1
github.com/hebertzin/cqrs/internal/infrastructure/http/handler/health_handler.go:23.71,28.2 1 1
github.com/hebertzin/cqrs/internal/infrastructure/http/handler/transaction_handler.go:23.120,29.2 1 4
github.com/hebertzin/cqrs/internal/infrastructure/http/handler/transaction_handler.go:40.89,42.61 2 0
github.com/hebertzin/cqrs/internal/infrastructure/http/handler/transaction_handler.go:42.61,45.3 2 0
github.com/hebertzin/cqrs/internal/infrastructure/http/handler/transaction_handler.go:47.2,48.16 2 0
github.com/hebertzin/cqrs/internal/infrastructure/http/handler/transaction_handler.go:48.16,51.3 2 0
github.com/hebertzin/cqrs/internal/infrastructure/http/handler/transaction_handler.go:53.2,53.21 1 0
github.com/hebertzin/cqrs/internal/infrastructure/http/handler/transaction_handler.go:53.21,56.3 2 0
github.com/hebertzin/cqrs/internal/infrastructure/http/handler/transaction_handler.go:57.2,57.28 1 0
github.com/hebertzin/cqrs/internal/infrastructure/http/handler/transaction_handler.go:57.28,60.3 2 0
github.com/hebertzin/cqrs/internal/infrastructure/http/handler/transaction_handler.go:62.2,72.16 3 0
github.com/hebertzin/cqrs/internal/infrastructure/http/handler/transaction_handler.go:72.16,76.3 3 0
github.com/hebertzin/cqrs/internal/infrastructure/http/handler/transaction_handler.go:78.2,78.29 1 0
github.com/hebertzin/cqrs/internal/infrastructure/http/handler/transaction_handler.go:81.89,84.16 3 0
github.com/hebertzin/cqrs/internal/infrastructure/http/handler/transaction_handler.go:84.16,87.3 2 0
github.com/hebertzin/cqrs/internal/infrastructure/http/handler/transaction_handler.go:89.2,90.16 2 0
github.com/hebertzin/cqrs/internal/infrastructure/http/handler/transaction_handler.go:90.16,94.3 3 0
github.com/hebertzin/cqrs/internal/infrastructure/http/handler/transaction_handler.go:96.2,96.24 1 0
github.com/hebertzin/cqrs/internal/infrastructure/http/handler/transaction_handler.go:99.86,102.16 3 0
github.com/hebertzin/cqrs/internal/infrastructure/http/handler/transaction_handler.go:102.16,105.3 2 0
github.com/hebertzin/cqrs/internal/infrastructure/http/handler/transaction_handler.go:107.2,111.61 2 0
github.com/hebertzin/cqrs/internal/infrastructure/http/handler/transaction_handler.go:111.61,114.3 2 0
github.com/hebertzin/cqrs/internal/infrastructure/http/handler/transaction_handler.go:116.2,122.100 2 0
github.com/hebertzin/cqrs/internal/infrastructure/http/handler/transaction_handler.go:122.100,126.3 3 0
github.com/hebertzin/cqrs/internal/infrastructure/http/handler/transaction_handler.go:128.2,128.23 1 0
github.com/hebertzin/cqrs/internal/infrastructure/http/middleware/logger.go:10.65,11.46 1 4
github.com/hebertzin/cqrs/internal/infrastructure/http/middleware/logger.go:11.46,12.72 1 4
github.com/hebertzin/cqrs/internal/infrastructure/http/middleware/logger.go:12.72,25.4 4 4
github.com/hebertzin/cqrs/internal/infrastructure/http/middleware/logger.go:34.51,37.2 2 4
github.com/hebertzin/cqrs/internal/infrastructure/http/middleware/recover.go:11.66,12.46 1 4
github.com/hebertzin/cqrs/internal/infrastructure/http/middleware/recover.go:12.46,13.72 1 4
github.com/hebertzin/cqrs/internal/infrastructure/http/middleware/recover.go:13.72,14.17 1 4
github.com/hebertzin/cqrs/internal/infrastructure/http/middleware/recover.go:14.17,15.37 1 4
github.com/hebertzin/cqrs/internal/infrastructure/http/middleware/recover.go:15.37,21.6 2 0
github.com/hebertzin/cqrs/internal/infrastructure/http/middleware/recover.go:23.4,23.24 1 4
github.com/hebertzin/cqrs/internal/infrastructure/http/response/response.go:13.64,17.2 3 2
github.com/hebertzin/cqrs/internal/infrastructure/http/response/response.go:19.63,24.2 1 0
github.com/hebertzin/cqrs/internal/infrastructure/http/response/response.go:26.55,28.2 1 0
github.com/hebertzin/cqrs/internal/infrastructure/http/response/response.go:30.50,32.2 1 2
github.com/hebertzin/cqrs/internal/infrastructure/http/response/response.go:34.39,36.2 1 0
github.com/hebertzin/cqrs/internal/infrastructure/messaging/inmemory/event_bus.go:21.48,26.2 1 0
github.com/hebertzin/cqrs/internal/infrastructure/messaging/inmemory/event_bus.go:28.70,33.9 4 0
github.com/hebertzin/cqrs/internal/infrastructure/messaging/inmemory/event_bus.go:33.9,35.3 1 0
github.com/hebertzin/cqrs/internal/infrastructure/messaging/inmemory/event_bus.go:37.2,37.29 1 0
github.com/hebertzin/cqrs/internal/infrastructure/messaging/inmemory/event_bus.go:37.29,38.35 1 0
github.com/hebertzin/cqrs/internal/infrastructure/messaging/inmemory/event_bus.go:38.35,44.4 1 0
github.com/hebertzin/cqrs/internal/infrastructure/messaging/inmemory/event_bus.go:46.2,46.12 1 0
github.com/hebertzin/cqrs/internal/infrastructure/messaging/inmemory/event_bus.go:49.78,53.2 3 0
github.com/hebertzin/cqrs/internal/infrastructure/projector/account_projector.go:19.114,21.2 1 0
github.com/hebertzin/cqrs/internal/infrastructure/projector/account_projector.go:23.60,25.2 1 0
github.com/hebertzin/cqrs/internal/infrastructure/projector/account_projector.go:27.87,29.9 2 0
github.com/hebertzin/cqrs/internal/infrastructure/projector/account_projector.go:29.9,31.3 1 0
github.com/hebertzin/cqrs/internal/infrastructure/projector/account_projector.go:33.2,34.16 2 0
github.com/hebertzin/cqrs/internal/infrastructure/projector/account_projector.go:34.16,37.3 2 0
github.com/hebertzin/cqrs/internal/infrastructure/projector/account_projector.go:39.2,43.42 4 0
github.com/hebertzin/cqrs/internal/infrastructure/projector/transaction_projector.go:25.25,31.2 1 0
github.com/hebertzin/cqrs/internal/infrastructure/projector/transaction_projector.go:34.64,37.2 2 0
github.com/hebertzin/cqrs/internal/infrastructure/projector/transaction_projector.go:39.96,41.9 2 0
github.com/hebertzin/cqrs/internal/infrastructure/projector/transaction_projector.go:41.9,43.3 1 0
github.com/hebertzin/cqrs/internal/infrastructure/projector/transaction_projector.go:45.2,60.53 2 0
github.com/hebertzin/cqrs/internal/infrastructure/projector/transaction_projector.go:60.53,63.3 2 0
github.com/hebertzin/cqrs/internal/infrastructure/projector/transaction_projector.go:65.2,65.88 1 0
github.com/hebertzin/cqrs/internal/infrastructure/projector/transaction_projector.go:65.88,67.3 1 0
github.com/hebertzin/cqrs/internal/infrastructure/projector/transaction_projector.go:69.2,69.26 1 0
github.com/hebertzin/cqrs/internal/infrastructure/projector/transaction_projector.go:69.26,70.85 1 0
github.com/hebertzin/cqrs/internal/infrastructure/projector/transaction_projector.go:70.85,72.4 1 0
github.com/hebertzin/cqrs/internal/infrastructure/projector/transaction_projector.go:75.2,75.26 1 0
github.com/hebertzin/cqrs/internal/infrastructure/projector/transaction_projector.go:75.26,76.86 1 0
github.com/hebertzin/cqrs/internal/infrastructure/projector/transaction_projector.go:76.86,78.4 1 0
github.com/hebertzin/cqrs/internal/infrastructure/projector/transaction_projector.go:81.2,81.12 1 0
github.com/hebertzin/cqrs/internal/infrastructure/projector/transaction_projector.go:84.95,86.9 2 0
github.com/hebertzin/cqrs/internal/infrastructure/projector/transaction_projector.go:86.9,88.3 1 0
github.com/hebertzin/cqrs/internal/infrastructure/projector/transaction_projector.go:90.2,91.16 2 0
github.com/hebertzin/cqrs/internal/infrastructure/projector/transaction_projector.go:91.16,94.3 2 0
github.com/hebertzin/cqrs/internal/infrastructure/projector/transaction_projector.go:96.2,99.37 3 0
github.com/hebertzin/cqrs/internal/query/handler/get_account_status.go:22.101,24.2 1 0
github.com/hebertzin/cqrs/internal/query/handler/get_account_status.go:26.97,28.9 2 0
github.com/hebertzin/cqrs/internal/query/handler/get_account_status.go:28.9,30.3 1 0
github.com/hebertzin/cqrs/internal/query/handler/get_account_status.go:32.2,33.16 2 0
github.com/hebertzin/cqrs/internal/query/handler/get_account_status.go:33.16,35.3 1 0
github.com/hebertzin/cqrs/internal/query/handler/get_account_status.go:37.2,37.18 1 0
github.com/hebertzin/cqrs/internal/query/handler/get_fraud_alerts.go:22.101,24.2 1 0
github.com/hebertzin/cqrs/internal/query/handler/get_fraud_alerts.go:26.95,28.9 2 0
github.com/hebertzin/cqrs/internal/query/handler/get_fraud_alerts.go:28.9,30.3 1 0
github.com/hebertzin/cqrs/internal/query/handler/get_fraud_alerts.go:32.2,32.20 1 0
github.com/hebertzin/cqrs/internal/query/handler/get_fraud_alerts.go:32.20,34.3 1 0
github.com/hebertzin/cqrs/internal/query/handler/get_fraud_alerts.go:35.2,35.42 1 0
github.com/hebertzin/cqrs/internal/query/handler/get_fraud_alerts.go:35.42,37.3 1 0
github.com/hebertzin/cqrs/internal/query/handler/get_fraud_alerts.go:39.2,40.16 2 0
github.com/hebertzin/cqrs/internal/query/handler/get_fraud_alerts.go:40.16,42.3 1 0
github.com/hebertzin/cqrs/internal/query/handler/get_fraud_alerts.go:44.2,44.20 1 0
github.com/hebertzin/cqrs/internal/query/handler/get_transaction_risk.go:23.109,25.2 1 0
github.com/hebertzin/cqrs/internal/query/handler/get_transaction_risk.go:27.99,29.9 2 0
github.com/hebertzin/cqrs/internal/query/handler/get_transaction_risk.go:29.9,31.3 1 0
github.com/hebertzin/cqrs/internal/query/handler/get_transaction_risk.go:33.2,34.16 2 0
github.com/hebertzin/cqrs/internal/query/handler/get_transaction_risk.go:34.16,36.3 1 0
github.com/hebertzin/cqrs/internal/query/handler/get_transaction_risk.go:38.2,39.18 2 0
github.com/hebertzin/cqrs/internal/query/model/transaction_risk_view.go:32.50,33.9 1 0
github.com/hebertzin/cqrs/internal/query/model/transaction_risk_view.go:34.20,35.23 1 0
github.com/hebertzin/cqrs/internal/query/model/transaction_risk_view.go:36.20,37.25 1 0
github.com/hebertzin/cqrs/internal/query/model/transaction_risk_view.go:38.10,39.22 1 0
